09:08:45.860	SERVER	admin	OK	Server was started (port: 1984).
09:08:45.925	SERVER	admin	OK	HTTP Server was started (port: 8984).
09:08:47.593	0:0:0:0:0:0:0:1:54535	admin	REQUEST	[GET] http://localhost:8984/
09:08:48.384	0:0:0:0:0:0:0:1:54535	admin	200		799.64 ms
09:08:48.389	0:0:0:0:0:0:0:1:54535	admin	REQUEST	[GET] http://localhost:8984/accueil
09:08:48.478	0:0:0:0:0:0:0:1:54535	admin	200		89.45 ms
09:08:48.481	0:0:0:0:0:0:0:1:54535	admin	REQUEST	[GET] http://localhost:8984/accueil/1
09:08:48.943	0:0:0:0:0:0:0:1:54535	admin	200		462.25 ms
09:12:28.303	0:0:0:0:0:0:0:1:58169	admin	REQUEST	[GET] http://localhost:8984/login
09:12:28.830	0:0:0:0:0:0:0:1:58169	admin	200		527.5 ms
09:12:32.277	0:0:0:0:0:0:0:1:58169	admin	REQUEST	[POST] http://localhost:8984/logging
09:12:32.451	0:0:0:0:0:0:0:1:58169	admin	200		174.34 ms
09:12:32.454	0:0:0:0:0:0:0:1:58169	admin	REQUEST	[GET] http://localhost:8984/
09:12:32.486	0:0:0:0:0:0:0:1:58169	admin	200		32.42 ms
09:12:32.489	0:0:0:0:0:0:0:1:58169	admin	REQUEST	[GET] http://localhost:8984/accueil
09:12:32.520	0:0:0:0:0:0:0:1:58169	admin	200		30.94 ms
09:12:32.523	0:0:0:0:0:0:0:1:58169	admin	REQUEST	[GET] http://localhost:8984/accueil/1
09:12:32.758	0:0:0:0:0:0:0:1:58169	admin	200		235.44 ms
09:12:41.587	0:0:0:0:0:0:0:1:58169	admin	REQUEST	[GET] http://localhost:8984/page/IsiCorpus
09:12:41.988	0:0:0:0:0:0:0:1:58169	admin	200		400.8 ms
09:12:44.648	0:0:0:0:0:0:0:1:58169	admin	REQUEST	[GET] http://localhost:8984/uploadTextes
09:12:44.719	0:0:0:0:0:0:0:1:58169	admin	200		71.19 ms
09:12:47.617	0:0:0:0:0:0:0:1:58169	admin	REQUEST	[GET] http://localhost:8984/accueil
09:12:47.637	0:0:0:0:0:0:0:1:58169	admin	200		20.43 ms
09:12:47.640	0:0:0:0:0:0:0:1:58169	admin	REQUEST	[GET] http://localhost:8984/accueil/1
09:12:47.711	0:0:0:0:0:0:0:1:58169	admin	200		70.73 ms
09:12:53.040	0:0:0:0:0:0:0:1:58169	admin	REQUEST	[GET] http://localhost:8984/user/admin
09:12:53.137	0:0:0:0:0:0:0:1:58169	admin	200		96.59 ms
09:12:55.459	0:0:0:0:0:0:0:1:58169	admin	REQUEST	[GET] http://localhost:8984/gere-site
09:12:55.845	0:0:0:0:0:0:0:1:58169	admin	200		386.37 ms
09:13:01.512	0:0:0:0:0:0:0:1:58169	admin	REQUEST	[GET] http://localhost:8984/isilexPremium-Editer%20son%20propre%20CSS%20dans%20le%20navigateur
09:13:01.617	0:0:0:0:0:0:0:1:58169	admin	200		105.1 ms
09:23:43.704	0:0:0:0:0:0:0:1:52522	admin	REQUEST	[GET] http://localhost:8984/gere-site
09:23:44.159	0:0:0:0:0:0:0:1:52522	admin	200		455.1 ms
09:23:54.312	0:0:0:0:0:0:0:1:52522	admin	REQUEST	[GET] http://localhost:8984/isilexPremium-Editer%20son%20propre%20CSS%20dans%20le%20navigateur
09:23:54.403	0:0:0:0:0:0:0:1:52522	admin	200		91.28 ms
09:25:03.296	0:0:0:0:0:0:0:1:53759	admin	REQUEST	[GET] http://localhost:8984/gere-site
09:25:03.409	0:0:0:0:0:0:0:1:53759	admin	200		113.02 ms
09:27:48.302	0:0:0:0:0:0:0:1:56320	admin	REQUEST	[GET] http://localhost:8984/gere-site
09:27:48.503	0:0:0:0:0:0:0:1:56320	admin	200		201.47 ms
09:28:39.546	0:0:0:0:0:0:0:1:57142	admin	REQUEST	[GET] http://localhost:8984/gere-site
09:28:39.661	0:0:0:0:0:0:0:1:57142	admin	200		115.59 ms
09:29:02.978	0:0:0:0:0:0:0:1:57142	admin	REQUEST	[GET] http://localhost:8984/gere-site
09:29:03.093	0:0:0:0:0:0:0:1:57142	admin	200		114.86 ms
09:29:13.500	0:0:0:0:0:0:0:1:57142	admin	REQUEST	[GET] http://localhost:8984/css-03
09:29:13.530	0:0:0:0:0:0:0:1:57142	admin	200		30.18 ms
09:29:13.533	0:0:0:0:0:0:0:1:57142	admin	REQUEST	[GET] http://localhost:8984/gere-site
09:29:13.665	0:0:0:0:0:0:0:1:57142	admin	200		132.94 ms
09:29:18.323	0:0:0:0:0:0:0:1:57142	admin	REQUEST	[GET] http://localhost:8984/css-02
09:29:18.364	0:0:0:0:0:0:0:1:57142	admin	200		41.66 ms
09:29:18.370	0:0:0:0:0:0:0:1:57142	admin	REQUEST	[GET] http://localhost:8984/gere-site
09:29:18.434	0:0:0:0:0:0:0:1:57142	admin	200		63.9 ms
09:29:26.017	0:0:0:0:0:0:0:1:57142	admin	REQUEST	[GET] http://localhost:8984/cssEdit
09:29:26.020	0:0:0:0:0:0:0:1:57142	admin	404	No function found that matches the request.	3.28 ms
09:29:26.136	0:0:0:0:0:0:0:1:57876	admin	401	Basic authentication expected.	102.38 ms
09:29:26.642	0:0:0:0:0:0:0:1:57876	admin	401	Basic authentication expected.	206.21 ms
09:31:06.449	0:0:0:0:0:0:0:1:59425	admin	REQUEST	[GET] http://localhost:8984/gere-site
09:31:06.470	0:0:0:0:0:0:0:1:59425	admin	400	Stopped at /Volumes/OrangeIsTheNewBlack/Isilex/IsilexLite_Juin2017_Basex864/OSClean/webapp/fullLiteC.xqm, 1/100593: [XQST0034] Duplicate declaration of function 'isilex:editFile'.	21.5 ms
09:31:35.495	0:0:0:0:0:0:0:1:59425	admin	REQUEST	[GET] http://localhost:8984/gere-site
09:31:35.605	0:0:0:0:0:0:0:1:59425	admin	200		109.52 ms
09:31:38.634	0:0:0:0:0:0:0:1:59425	admin	REQUEST	[GET] http://localhost:8984/cssEdit
09:31:38.695	0:0:0:0:0:0:0:1:59425	admin	200		61.8 ms
09:31:40.130	0:0:0:0:0:0:0:1:59425	admin	REQUEST	[GET] http://localhost:8984/edit-Header
09:31:40.192	0:0:0:0:0:0:0:1:59425	admin	200		62.93 ms
12:58:14.500	46.174.191.30:32744	admin	401	Basic authentication expected.	103.1 ms
13:37:26.705	65.99.143.55:7561	admin	401	Basic authentication expected.	108.76 ms
14:30:39.357	0:0:0:0:0:0:0:1:49830	admin	REQUEST	[GET] http://localhost:8984/edit-Header
14:30:39.611	0:0:0:0:0:0:0:1:49830	admin	200		254.37 ms
14:30:41.367	0:0:0:0:0:0:0:1:49830	admin	REQUEST	[GET] http://localhost:8984/accueil
14:30:41.384	0:0:0:0:0:0:0:1:49830	admin	200		16.43 ms
14:30:41.386	0:0:0:0:0:0:0:1:49830	admin	REQUEST	[GET] http://localhost:8984/accueil/1
14:30:41.461	0:0:0:0:0:0:0:1:49830	admin	200		74.76 ms
14:31:15.401	0:0:0:0:0:0:0:1:49830	admin	REQUEST	[GET] http://localhost:8984/rubrique/A/1
14:31:15.428	0:0:0:0:0:0:0:1:49830	admin	200		27.58 ms
14:31:16.727	0:0:0:0:0:0:0:1:49830	admin	REQUEST	[GET] http://localhost:8984/rubrique/B/1
14:31:16.753	0:0:0:0:0:0:0:1:49830	admin	200		26.19 ms
14:36:47.400	60.191.38.77:23460	admin	401	Basic authentication expected.	100.98 ms
15:43:03.457	46.174.191.31:32744	admin	401	Basic authentication expected.	104.93 ms
