10:03:16.045	SERVER	admin	OK	Server was stopped (port: 1984).
10:03:31.016	SERVER	admin	OK	Server was started (port: 1984).
10:03:31.053	SERVER	admin	OK	HTTP Server was started (port: 8984).
10:03:32.748	0:0:0:0:0:0:0:1:61950	admin	REQUEST	[GET] http://localhost:8984/
10:03:33.570	0:0:0:0:0:0:0:1:61950	admin	200		848.67 ms
10:03:33.574	0:0:0:0:0:0:0:1:61950	admin	REQUEST	[GET] http://localhost:8984/masteradmin
10:03:33.715	0:0:0:0:0:0:0:1:61950	admin	200		141.17 ms
10:03:56.107	0:0:0:0:0:0:0:1:61950	admin	REQUEST	[POST] http://localhost:8984/maup
10:03:56.625	0:0:0:0:0:0:0:1:61950	admin	200		518.15 ms
10:03:56.628	0:0:0:0:0:0:0:1:61950	admin	REQUEST	[GET] http://localhost:8984/
10:03:56.667	0:0:0:0:0:0:0:1:61950	admin	200		38.83 ms
10:03:56.675	0:0:0:0:0:0:0:1:61950	admin	REQUEST	[GET] http://localhost:8984/accueil
10:03:56.705	0:0:0:0:0:0:0:1:61950	admin	200		30.95 ms
10:03:56.708	0:0:0:0:0:0:0:1:61950	admin	REQUEST	[GET] http://localhost:8984/accueil/1
10:03:56.782	0:0:0:0:0:0:0:1:61950	admin	200		73.48 ms
10:08:24.712	0:0:0:0:0:0:0:1:50369	admin	REQUEST	[GET] http://localhost:8984/accueil/1
10:08:25.171	0:0:0:0:0:0:0:1:50369	admin	200		458.77 ms
10:08:26.955	0:0:0:0:0:0:0:1:50369	admin	REQUEST	[GET] http://localhost:8984/rubrique/A/1
10:08:27.332	0:0:0:0:0:0:0:1:50369	admin	200		376.25 ms
10:08:28.956	0:0:0:0:0:0:0:1:50369	admin	REQUEST	[GET] http://localhost:8984/rubrique/B/1
10:08:29.276	0:0:0:0:0:0:0:1:50369	admin	200		319.7 ms
10:08:31.261	0:0:0:0:0:0:0:1:50369	admin	REQUEST	[GET] http://localhost:8984/rubrique/C/1
10:08:31.555	0:0:0:0:0:0:0:1:50369	admin	200		293.37 ms
10:20:22.401	0:0:0:0:0:0:0:1:62276	admin	REQUEST	[GET] http://localhost:8984/rubrique/C/1
10:20:22.479	0:0:0:0:0:0:0:1:62276	admin	400	Stopped at /Volumes/OrangeIsTheNewBlack/Isilex/crealFin/IsilexLite/repo/fr/isilex/www/isi-repo.xqm, 1/8321: [bxerr:BXDB0002] The database format has changed; please use a newer version.	78.42 ms
10:20:22.480	0:0:0:0:0:0:0:1:62276	admin	REQUEST	[GET] http://localhost:8984/error400
10:20:22.507	0:0:0:0:0:0:0:1:62276	admin	400	Stopped at /Volumes/OrangeIsTheNewBlack/Isilex/crealFin/IsilexLite/repo/fr/isilex/www/isi-repo.xqm, 1/8321: [bxerr:BXDB0002] The database format has changed; please use a newer version.	26.86 ms
10:20:22.520	0:0:0:0:0:0:0:1:62277	admin	REQUEST	[GET] http://localhost:8984/favicon.ico
10:20:22.521	0:0:0:0:0:0:0:1:62277	admin	404	No function found that matches the request.	1.97 ms
10:20:22.522	0:0:0:0:0:0:0:1:62277	admin	REQUEST	[GET] http://localhost:8984/error404
10:20:22.547	0:0:0:0:0:0:0:1:62277	admin	400	Stopped at /Volumes/OrangeIsTheNewBlack/Isilex/crealFin/IsilexLite/repo/fr/isilex/www/isi-repo.xqm, 1/8321: [bxerr:BXDB0002] The database format has changed; please use a newer version.	25.99 ms
10:20:22.548	0:0:0:0:0:0:0:1:62277	admin	REQUEST	[GET] http://localhost:8984/error400
10:20:22.571	0:0:0:0:0:0:0:1:62277	admin	400	Stopped at /Volumes/OrangeIsTheNewBlack/Isilex/crealFin/IsilexLite/repo/fr/isilex/www/isi-repo.xqm, 1/8321: [bxerr:BXDB0002] The database format has changed; please use a newer version.	23.62 ms
10:20:34.764	0:0:0:0:0:0:0:1:62276	admin	REQUEST	[GET] http://localhost:8984/rubrique/C/1
10:20:34.789	0:0:0:0:0:0:0:1:62276	admin	400	Stopped at /Volumes/OrangeIsTheNewBlack/Isilex/crealFin/IsilexLite/repo/fr/isilex/www/isi-repo.xqm, 1/8321: [bxerr:BXDB0002] The database format has changed; please use a newer version.	25.07 ms
10:20:34.789	0:0:0:0:0:0:0:1:62276	admin	REQUEST	[GET] http://localhost:8984/error400
10:20:34.813	0:0:0:0:0:0:0:1:62276	admin	400	Stopped at /Volumes/OrangeIsTheNewBlack/Isilex/crealFin/IsilexLite/repo/fr/isilex/www/isi-repo.xqm, 1/8321: [bxerr:BXDB0002] The database format has changed; please use a newer version.	24.78 ms
10:20:35.720	0:0:0:0:0:0:0:1:62276	admin	REQUEST	[GET] http://localhost:8984/rubrique/C/1
10:20:35.741	0:0:0:0:0:0:0:1:62276	admin	400	Stopped at /Volumes/OrangeIsTheNewBlack/Isilex/crealFin/IsilexLite/repo/fr/isilex/www/isi-repo.xqm, 1/8321: [bxerr:BXDB0002] The database format has changed; please use a newer version.	21.75 ms
10:20:35.741	0:0:0:0:0:0:0:1:62276	admin	REQUEST	[GET] http://localhost:8984/error400
10:20:35.764	0:0:0:0:0:0:0:1:62276	admin	400	Stopped at /Volumes/OrangeIsTheNewBlack/Isilex/crealFin/IsilexLite/repo/fr/isilex/www/isi-repo.xqm, 1/8321: [bxerr:BXDB0002] The database format has changed; please use a newer version.	23.2 ms
10:20:46.977	SERVER	admin	OK	HTTP Server was stopped (port: 8984).
10:20:46.977	SERVER	admin	OK	Server was stopped (port: 1984).
10:20:54.224	SERVER	admin	OK	Server was started (port: 1984).
10:20:54.266	SERVER	admin	OK	HTTP Server was started (port: 8984).
10:20:56.501	0:0:0:0:0:0:0:1:62861	admin	REQUEST	[GET] http://localhost:8984/
10:20:57.226	0:0:0:0:0:0:0:1:62861	admin	200		725.68 ms
10:20:57.230	0:0:0:0:0:0:0:1:62861	admin	REQUEST	[GET] http://localhost:8984/accueil
10:20:57.283	0:0:0:0:0:0:0:1:62861	admin	200		52.72 ms
10:20:57.286	0:0:0:0:0:0:0:1:62861	admin	REQUEST	[GET] http://localhost:8984/accueil/1
10:20:57.366	0:0:0:0:0:0:0:1:62861	admin	400	Stopped at /Volumes/OrangeIsTheNewBlack/Isilex/crealFin/IsilexLite/repo/fr/isilex/www/isi-repo.xqm, 1/8321: [bxerr:BXDB0002] The database format has changed; please use a newer version.	80.61 ms
10:20:57.367	0:0:0:0:0:0:0:1:62861	admin	REQUEST	[GET] http://localhost:8984/error400
10:20:57.417	0:0:0:0:0:0:0:1:62861	admin	400	Stopped at /Volumes/OrangeIsTheNewBlack/Isilex/crealFin/IsilexLite/repo/fr/isilex/www/isi-repo.xqm, 1/8321: [bxerr:BXDB0002] The database format has changed; please use a newer version.	49.78 ms
10:21:26.657	SERVER	admin	OK	Server was stopped (port: 1984).
10:21:26.716	SERVER	admin	OK	HTTP Server was stopped (port: 8984).
10:21:30.645	SERVER	admin	OK	Server was started (port: 1984).
10:21:30.681	SERVER	admin	OK	HTTP Server was started (port: 8984).
10:21:53.094	SERVER	admin	OK	HTTP Server was stopped (port: 8984).
10:21:53.095	SERVER	admin	OK	Server was stopped (port: 1984).
10:22:25.312	SERVER	admin	OK	Server was started (port: 1984).
10:22:25.355	SERVER	admin	OK	HTTP Server was started (port: 8984).
10:22:36.062	SERVER	admin	OK	HTTP Server was stopped (port: 8984).
10:22:36.062	SERVER	admin	OK	Server was stopped (port: 1984).
10:57:35.270	SERVER	admin	OK	Server was started (port: 1984).
10:57:35.315	SERVER	admin	OK	HTTP Server was started (port: 8984).
10:57:37.549	0:0:0:0:0:0:0:1:49983	admin	401	Basic authentication expected.	105.49 ms
10:57:50.159	0:0:0:0:0:0:0:1:49983	admin	REQUEST	[GET] http://localhost:8984/
10:57:51.287	0:0:0:0:0:0:0:1:49983	admin	200		1130.5 ms
10:57:51.292	0:0:0:0:0:0:0:1:49983	admin	REQUEST	[GET] http://localhost:8984/accueil
10:57:51.345	0:0:0:0:0:0:0:1:49983	admin	200		53.86 ms
10:57:51.348	0:0:0:0:0:0:0:1:49983	admin	REQUEST	[GET] http://localhost:8984/accueil/1
10:57:53.857	0:0:0:0:0:0:0:1:49983	admin	200		2509.45 ms
10:57:57.866	0:0:0:0:0:0:0:1:49983	admin	REQUEST	[GET] http://localhost:8984/rubrique/A/1
10:57:59.334	0:0:0:0:0:0:0:1:49983	admin	200		1468.86 ms
11:02:02.400	SERVER	admin	OK	Server was started (port: 1984).
11:02:02.436	SERVER	admin	OK	HTTP Server was started (port: 8984).
11:02:04.426	0:0:0:0:0:0:0:1:54334	admin	REQUEST	[GET] http://localhost:8984/
11:02:05.122	0:0:0:0:0:0:0:1:54334	admin	200		699.5 ms
11:02:05.127	0:0:0:0:0:0:0:1:54334	admin	REQUEST	[GET] http://localhost:8984/accueil
11:02:05.176	0:0:0:0:0:0:0:1:54334	admin	200		49.71 ms
11:02:05.179	0:0:0:0:0:0:0:1:54334	admin	REQUEST	[GET] http://localhost:8984/accueil/1
11:02:06.076	0:0:0:0:0:0:0:1:54334	admin	200		897.24 ms
11:02:12.258	0:0:0:0:0:0:0:1:54334	admin	REQUEST	[GET] http://localhost:8984/
11:02:12.297	0:0:0:0:0:0:0:1:54334	admin	200		38.79 ms
11:02:12.300	0:0:0:0:0:0:0:1:54334	admin	REQUEST	[GET] http://localhost:8984/accueil
11:02:12.336	0:0:0:0:0:0:0:1:54334	admin	200		36.45 ms
11:02:12.339	0:0:0:0:0:0:0:1:54334	admin	REQUEST	[GET] http://localhost:8984/accueil/1
11:02:12.736	0:0:0:0:0:0:0:1:54334	admin	200		396.45 ms
11:02:14.585	0:0:0:0:0:0:0:1:54334	admin	REQUEST	[GET] http://localhost:8984/rubrique/A/1
11:02:15.884	0:0:0:0:0:0:0:1:54334	admin	200		1298.67 ms
11:02:17.763	0:0:0:0:0:0:0:1:54334	admin	REQUEST	[GET] http://localhost:8984/fiche/674
11:02:18.454	0:0:0:0:0:0:0:1:54334	admin	200		692.04 ms
11:10:13.803	SERVER	admin	OK	HTTP Server was stopped (port: 8984).
11:10:13.803	SERVER	admin	OK	Server was stopped (port: 1984).
11:10:18.518	SERVER	admin	OK	Server was started (port: 1984).
11:10:18.554	SERVER	admin	OK	HTTP Server was started (port: 8984).
11:10:23.416	0:0:0:0:0:0:0:1:62621	admin	REQUEST	[GET] http://localhost:8984/
11:10:24.153	0:0:0:0:0:0:0:1:62621	admin	200		739.74 ms
11:10:24.158	0:0:0:0:0:0:0:1:62621	admin	REQUEST	[GET] http://localhost:8984/accueil
11:10:24.207	0:0:0:0:0:0:0:1:62621	admin	200		49.93 ms
11:10:24.211	0:0:0:0:0:0:0:1:62621	admin	REQUEST	[GET] http://localhost:8984/accueil/1
11:10:25.049	0:0:0:0:0:0:0:1:62621	admin	200		838.4 ms
11:10:32.810	0:0:0:0:0:0:0:1:62621	admin	REQUEST	[GET] http://localhost:8984/dba
11:10:32.811	0:0:0:0:0:0:0:1:62621	admin	404	No function found that matches the request.	1.63 ms
11:11:18.949	0:0:0:0:0:0:0:1:63530	admin	401	Basic authentication expected.	102.28 ms
11:11:19.435	0:0:0:0:0:0:0:1:63530	admin	401	Basic authentication expected.	207.98 ms
11:11:20.047	0:0:0:0:0:0:0:1:63530	admin	401	Basic authentication expected.	414.57 ms
11:11:20.941	0:0:0:0:0:0:0:1:63563	admin	401	Basic authentication expected.	830.68 ms
11:30:59.660	0:0:0:0:0:0:0:1:50174	admin	REQUEST	[GET] http://localhost:8984/
11:31:00.115	0:0:0:0:0:0:0:1:50174	admin	200		455.23 ms
11:31:00.123	0:0:0:0:0:0:0:1:50174	admin	REQUEST	[GET] http://localhost:8984/accueil
11:31:00.168	0:0:0:0:0:0:0:1:50174	admin	200		45.87 ms
11:31:00.188	0:0:0:0:0:0:0:1:50174	admin	REQUEST	[GET] http://localhost:8984/accueil/1
11:31:02.765	0:0:0:0:0:0:0:1:50174	admin	200		2577.54 ms
11:31:52.947	0:0:0:0:0:0:0:1:51063	admin	REQUEST	[GET] http://localhost:8984/login
11:31:54.931	0:0:0:0:0:0:0:1:51063	admin	200		1983.77 ms
11:31:57.339	0:0:0:0:0:0:0:1:51063	admin	REQUEST	[GET] http://localhost:8984/register
11:31:57.642	0:0:0:0:0:0:0:1:51063	admin	200		302.58 ms
11:32:23.932	0:0:0:0:0:0:0:1:51063	admin	REQUEST	[POST] http://localhost:8984/registering
11:32:24.170	0:0:0:0:0:0:0:1:51063	admin	200		237.74 ms
11:32:24.187	0:0:0:0:0:0:0:1:51063	admin	REQUEST	[GET] http://localhost:8984/user/isilex
11:32:24.713	0:0:0:0:0:0:0:1:51063	admin	200		525.99 ms
11:32:28.601	0:0:0:0:0:0:0:1:51063	admin	REQUEST	[GET] http://localhost:8984/logout
11:32:28.634	0:0:0:0:0:0:0:1:51063	admin	200		32.6 ms
11:32:28.637	0:0:0:0:0:0:0:1:51063	admin	REQUEST	[GET] http://localhost:8984/
11:32:28.662	0:0:0:0:0:0:0:1:51063	admin	200		25.46 ms
11:32:28.672	0:0:0:0:0:0:0:1:51063	admin	REQUEST	[GET] http://localhost:8984/accueil
11:32:28.694	0:0:0:0:0:0:0:1:51063	admin	200		21.78 ms
11:32:28.703	0:0:0:0:0:0:0:1:51063	admin	REQUEST	[GET] http://localhost:8984/accueil/1
11:32:28.985	0:0:0:0:0:0:0:1:51063	admin	200		282.23 ms
11:32:31.500	0:0:0:0:0:0:0:1:51063	admin	REQUEST	[GET] http://localhost:8984/login
11:32:31.774	0:0:0:0:0:0:0:1:51063	admin	200		273.72 ms
11:32:36.769	0:0:0:0:0:0:0:1:51063	admin	REQUEST	[POST] http://localhost:8984/logging
11:32:36.795	0:0:0:0:0:0:0:1:51063	admin	200		26.23 ms
11:32:36.803	0:0:0:0:0:0:0:1:51063	admin	REQUEST	[GET] http://localhost:8984/
11:32:36.824	0:0:0:0:0:0:0:1:51063	admin	200		20.82 ms
11:32:36.836	0:0:0:0:0:0:0:1:51063	admin	REQUEST	[GET] http://localhost:8984/accueil
11:32:36.855	0:0:0:0:0:0:0:1:51063	admin	200		18.95 ms
11:32:36.870	0:0:0:0:0:0:0:1:51063	admin	REQUEST	[GET] http://localhost:8984/accueil/1
11:32:37.129	0:0:0:0:0:0:0:1:51063	admin	200		259.8 ms
11:32:39.393	0:0:0:0:0:0:0:1:51063	admin	REQUEST	[GET] http://localhost:8984/gere-users
11:32:39.678	0:0:0:0:0:0:0:1:51063	admin	200		285.35 ms
11:32:42.278	0:0:0:0:0:0:0:1:51063	admin	REQUEST	[GET] http://localhost:8984/up-user/isilex/admin
11:32:42.301	0:0:0:0:0:0:0:1:51063	admin	200		23.48 ms
11:32:42.312	0:0:0:0:0:0:0:1:51063	admin	REQUEST	[GET] http://localhost:8984/gere-users
11:32:42.580	0:0:0:0:0:0:0:1:51063	admin	200		268.54 ms
11:32:46.039	0:0:0:0:0:0:0:1:51063	admin	REQUEST	[GET] http://localhost:8984/accueil
11:32:46.059	0:0:0:0:0:0:0:1:51063	admin	200		19.69 ms
11:32:46.069	0:0:0:0:0:0:0:1:51063	admin	REQUEST	[GET] http://localhost:8984/accueil/1
11:32:46.346	0:0:0:0:0:0:0:1:51063	admin	200		277.31 ms
11:32:53.522	0:0:0:0:0:0:0:1:51063	admin	REQUEST	[GET] http://localhost:8984/rubrique/U/1
11:32:54.095	0:0:0:0:0:0:0:1:51063	admin	400	Stopped at /Volumes/OrangeIsTheNewBlack/Isilex/CREAL_ISILEX_8.6/IsilexCreal/webapp/fullLiteC.xqm, 1/31507: [FORG0001] Wrong xs:dateTime format: '' (try e.g. '2000-12-31T23:59:59.999'). Stack Trace: - /Volumes/OrangeIsTheNewBlack/Isilex/CREAL_ISILEX_8.6/IsilexCreal/webapp/fullLiteC.xqm, 1/30824	572.76 ms
11:32:58.322	0:0:0:0:0:0:0:1:51063	admin	REQUEST	[GET] http://localhost:8984/rubrique/G/1
11:32:58.816	0:0:0:0:0:0:0:1:51063	admin	400	Stopped at /Volumes/OrangeIsTheNewBlack/Isilex/CREAL_ISILEX_8.6/IsilexCreal/webapp/fullLiteC.xqm, 1/31507: [FORG0001] Wrong xs:dateTime format: '' (try e.g. '2000-12-31T23:59:59.999'). Stack Trace: - /Volumes/OrangeIsTheNewBlack/Isilex/CREAL_ISILEX_8.6/IsilexCreal/webapp/fullLiteC.xqm, 1/30824	494.33 ms
11:33:04.488	0:0:0:0:0:0:0:1:51063	admin	REQUEST	[GET] http://localhost:8984/rubrique/A/1
11:33:05.539	0:0:0:0:0:0:0:1:51063	admin	200		1050.84 ms
11:33:08.655	0:0:0:0:0:0:0:1:51063	admin	REQUEST	[GET] http://localhost:8984/rubrique/H/1
11:33:08.908	0:0:0:0:0:0:0:1:51063	admin	400	Stopped at /Volumes/OrangeIsTheNewBlack/Isilex/CREAL_ISILEX_8.6/IsilexCreal/webapp/fullLiteC.xqm, 1/31507: [FORG0001] Wrong xs:dateTime format: '' (try e.g. '2000-12-31T23:59:59.999'). Stack Trace: - /Volumes/OrangeIsTheNewBlack/Isilex/CREAL_ISILEX_8.6/IsilexCreal/webapp/fullLiteC.xqm, 1/30824	253.34 ms
11:33:27.330	0:0:0:0:0:0:0:1:51063	admin	REQUEST	[GET] http://localhost:8984/rubrique/B/1
11:33:28.070	0:0:0:0:0:0:0:1:51063	admin	200		740.34 ms
11:33:30.403	0:0:0:0:0:0:0:1:51063	admin	REQUEST	[GET] http://localhost:8984/rubrique/C/1
11:33:30.685	0:0:0:0:0:0:0:1:51063	admin	400	Stopped at /Volumes/OrangeIsTheNewBlack/Isilex/CREAL_ISILEX_8.6/IsilexCreal/webapp/fullLiteC.xqm, 1/31507: [FORG0001] Wrong xs:dateTime format: '' (try e.g. '2000-12-31T23:59:59.999'). Stack Trace: - /Volumes/OrangeIsTheNewBlack/Isilex/CREAL_ISILEX_8.6/IsilexCreal/webapp/fullLiteC.xqm, 1/30824	282.39 ms
11:37:33.297	46.174.191.31:32744	admin	401	Basic authentication expected.	104.61 ms
11:40:26.259	0:0:0:0:0:0:0:1:59506	admin	REQUEST	[GET] http://localhost:8984/rubrique/C/1
11:40:26.433	0:0:0:0:0:0:0:1:59506	admin	500	Unexpected error: Improper use? Potential bug? Your feedback is welcome: Contact: basex-talk@mailman.uni-konstanz.de Version: BaseX 8.6.4 Java: Oracle Corporation, 1.8.0_131 OS: Mac OS X, x86_64 Stack Trace: java.lang.RuntimeException: Data Access out of bounds: - pre value: 655119 - table size: 655119 - first/next pre value: 654964/655119 - #total/used pages: 4336/4336 - accessed page: 4335 (4336 > 4335] at org.basex.util.Util.notExpected(Util.java:62) at org.basex.io.random.TableDiskAccess.cursor(TableDiskAccess.java:455) at org.basex.io.random.TableDiskAccess.read1(TableDiskAccess.java:148) at org.basex.data.Data.kind(Data.java:293) at org.basex.query.value.node.DBNode$4.next(DBNode.java:337) at org.basex.query.value.node.DBNode$4.next(DBNode.java:1) at org.basex.query.iter.BasicNodeIter$2.hasNext(BasicNodeIter.java:39) at org.basex.query.expr.path.IterStep$1.next(IterStep.java:38) at org.basex.query.expr.path.CachedPath.iter(CachedPath.java:72) at org.basex.query.expr.path.Cache...	173.82 ms
11:40:29.925	0:0:0:0:0:0:0:1:59506	admin	REQUEST	[GET] http://localhost:8984/rubrique/C/1
11:40:30.082	0:0:0:0:0:0:0:1:59506	admin	500	Unexpected error: Improper use? Potential bug? Your feedback is welcome: Contact: basex-talk@mailman.uni-konstanz.de Version: BaseX 8.6.4 Java: Oracle Corporation, 1.8.0_131 OS: Mac OS X, x86_64 Stack Trace: java.lang.RuntimeException: Data Access out of bounds: - pre value: 655119 - table size: 655119 - first/next pre value: 654964/655119 - #total/used pages: 4336/4336 - accessed page: 4335 (4336 > 4335] at org.basex.util.Util.notExpected(Util.java:62) at org.basex.io.random.TableDiskAccess.cursor(TableDiskAccess.java:455) at org.basex.io.random.TableDiskAccess.read1(TableDiskAccess.java:148) at org.basex.data.Data.kind(Data.java:293) at org.basex.query.value.node.DBNode$4.next(DBNode.java:337) at org.basex.query.value.node.DBNode$4.next(DBNode.java:1) at org.basex.query.iter.BasicNodeIter$2.hasNext(BasicNodeIter.java:39) at org.basex.query.expr.path.IterStep$1.next(IterStep.java:38) at org.basex.query.expr.path.CachedPath.iter(CachedPath.java:72) at org.basex.query.expr.path.Cache...	156.83 ms
11:40:33.647	0:0:0:0:0:0:0:1:59506	admin	REQUEST	[GET] http://localhost:8984/fiche/671
11:40:33.801	0:0:0:0:0:0:0:1:59506	admin	500	Unexpected error: Improper use? Potential bug? Your feedback is welcome: Contact: basex-talk@mailman.uni-konstanz.de Version: BaseX 8.6.4 Java: Oracle Corporation, 1.8.0_131 OS: Mac OS X, x86_64 Stack Trace: java.lang.RuntimeException: Data Access out of bounds: - pre value: 655119 - table size: 655119 - first/next pre value: 654964/655119 - #total/used pages: 4336/4336 - accessed page: 4335 (4336 > 4335] at org.basex.util.Util.notExpected(Util.java:62) at org.basex.io.random.TableDiskAccess.cursor(TableDiskAccess.java:455) at org.basex.io.random.TableDiskAccess.read1(TableDiskAccess.java:148) at org.basex.data.Data.kind(Data.java:293) at org.basex.query.value.node.DBNode$4.next(DBNode.java:337) at org.basex.query.value.node.DBNode$4.next(DBNode.java:1) at org.basex.query.iter.BasicNodeIter$2.hasNext(BasicNodeIter.java:39) at org.basex.query.expr.path.IterStep$1.next(IterStep.java:38) at org.basex.query.expr.path.CachedPath.iter(CachedPath.java:72) at org.basex.query.expr.path.Cache...	154.05 ms
11:40:37.250	SERVER	admin	OK	Server was stopped (port: 1984).
11:40:37.250	SERVER	admin	OK	HTTP Server was stopped (port: 8984).
11:40:47.368	SERVER	admin	OK	Server was started (port: 1984).
11:40:47.410	SERVER	admin	OK	HTTP Server was started (port: 8984).
11:40:49.822	0:0:0:0:0:0:0:1:59885	admin	REQUEST	[GET] http://localhost:8984/
11:40:50.543	0:0:0:0:0:0:0:1:59885	admin	200		723.9 ms
11:40:50.547	0:0:0:0:0:0:0:1:59885	admin	REQUEST	[GET] http://localhost:8984/accueil
11:40:50.602	0:0:0:0:0:0:0:1:59885	admin	200		55.49 ms
11:40:50.606	0:0:0:0:0:0:0:1:59885	admin	REQUEST	[GET] http://localhost:8984/accueil/1
11:40:51.025	0:0:0:0:0:0:0:1:59885	admin	500	Unexpected error: Improper use? Potential bug? Your feedback is welcome: Contact: basex-talk@mailman.uni-konstanz.de Version: BaseX 8.6.4 Java: Oracle Corporation, 1.8.0_131 OS: Mac OS X, x86_64 Stack Trace: java.lang.RuntimeException: Data Access out of bounds: - pre value: 655119 - table size: 655119 - first/next pre value: 654964/655119 - #total/used pages: 4336/4336 - accessed page: 4335 (4336 > 4335] at org.basex.util.Util.notExpected(Util.java:62) at org.basex.io.random.TableDiskAccess.cursor(TableDiskAccess.java:455) at org.basex.io.random.TableDiskAccess.read1(TableDiskAccess.java:148) at org.basex.data.Data.kind(Data.java:293) at org.basex.query.value.node.DBNode$4.next(DBNode.java:337) at org.basex.query.value.node.DBNode$4.next(DBNode.java:1) at org.basex.query.iter.BasicNodeIter$2.hasNext(BasicNodeIter.java:39) at org.basex.query.expr.path.IterStep$1.next(IterStep.java:38) at org.basex.query.expr.path.CachedPath.iter(CachedPath.java:72) at org.basex.query.expr.path.Cache...	419.48 ms
11:41:13.947	0:0:0:0:0:0:0:1:59885	admin	REQUEST	[GET] http://localhost:8984/accueil/1
11:41:14.236	0:0:0:0:0:0:0:1:59885	admin	500	Unexpected error: Improper use? Potential bug? Your feedback is welcome: Contact: basex-talk@mailman.uni-konstanz.de Version: BaseX 8.6.4 Java: Oracle Corporation, 1.8.0_131 OS: Mac OS X, x86_64 Stack Trace: java.lang.RuntimeException: Data Access out of bounds: - pre value: 655119 - table size: 655119 - first/next pre value: 654964/655119 - #total/used pages: 4336/4336 - accessed page: 4335 (4336 > 4335] at org.basex.util.Util.notExpected(Util.java:62) at org.basex.io.random.TableDiskAccess.cursor(TableDiskAccess.java:455) at org.basex.io.random.TableDiskAccess.read1(TableDiskAccess.java:148) at org.basex.data.Data.kind(Data.java:293) at org.basex.query.value.node.DBNode$4.next(DBNode.java:337) at org.basex.query.value.node.DBNode$4.next(DBNode.java:1) at org.basex.query.iter.BasicNodeIter$2.hasNext(BasicNodeIter.java:39) at org.basex.query.expr.path.IterStep$1.next(IterStep.java:38) at org.basex.query.expr.path.CachedPath.iter(CachedPath.java:72) at org.basex.query.expr.path.Cache...	289.72 ms
11:41:15.972	0:0:0:0:0:0:0:1:59885	admin	REQUEST	[GET] http://localhost:8984/accueil/1
11:41:16.158	0:0:0:0:0:0:0:1:59885	admin	500	Unexpected error: Improper use? Potential bug? Your feedback is welcome: Contact: basex-talk@mailman.uni-konstanz.de Version: BaseX 8.6.4 Java: Oracle Corporation, 1.8.0_131 OS: Mac OS X, x86_64 Stack Trace: java.lang.RuntimeException: Data Access out of bounds: - pre value: 655119 - table size: 655119 - first/next pre value: 654964/655119 - #total/used pages: 4336/4336 - accessed page: 4335 (4336 > 4335] at org.basex.util.Util.notExpected(Util.java:62) at org.basex.io.random.TableDiskAccess.cursor(TableDiskAccess.java:455) at org.basex.io.random.TableDiskAccess.read1(TableDiskAccess.java:148) at org.basex.data.Data.kind(Data.java:293) at org.basex.query.value.node.DBNode$4.next(DBNode.java:337) at org.basex.query.value.node.DBNode$4.next(DBNode.java:1) at org.basex.query.iter.BasicNodeIter$2.hasNext(BasicNodeIter.java:39) at org.basex.query.expr.path.IterStep$1.next(IterStep.java:38) at org.basex.query.expr.path.CachedPath.iter(CachedPath.java:72) at org.basex.query.expr.path.Cache...	186.25 ms
11:41:47.900	0:0:0:0:0:0:0:1:59885	admin	REQUEST	[GET] http://localhost:8984/accueil/1
11:41:49.775	0:0:0:0:0:0:0:1:59885	admin	500	Unexpected error: Improper use? Potential bug? Your feedback is welcome: Contact: basex-talk@mailman.uni-konstanz.de Version: BaseX 8.6.4 Java: Oracle Corporation, 1.8.0_131 OS: Mac OS X, x86_64 Stack Trace: java.lang.RuntimeException: Data Access out of bounds: - pre value: 655119 - table size: 655119 - first/next pre value: 654964/655119 - #total/used pages: 4336/4336 - accessed page: 4335 (4336 > 4335] at org.basex.util.Util.notExpected(Util.java:62) at org.basex.io.random.TableDiskAccess.cursor(TableDiskAccess.java:455) at org.basex.io.random.TableDiskAccess.read1(TableDiskAccess.java:148) at org.basex.data.Data.kind(Data.java:293) at org.basex.query.value.node.DBNode$4.next(DBNode.java:337) at org.basex.query.value.node.DBNode$4.next(DBNode.java:1) at org.basex.query.iter.BasicNodeIter$2.hasNext(BasicNodeIter.java:39) at org.basex.query.expr.path.IterStep$1.next(IterStep.java:38) at org.basex.query.expr.path.CachedPath.iter(CachedPath.java:72) at org.basex.query.expr.path.Cache...	1876.0 ms
11:41:53.983	SERVER	admin	OK	HTTP Server was stopped (port: 8984).
11:41:53.985	SERVER	admin	OK	Server was stopped (port: 1984).
11:42:24.951	SERVER	admin	OK	Server was started (port: 1984).
11:42:24.993	SERVER	admin	OK	HTTP Server was started (port: 8984).
11:42:27.322	0:0:0:0:0:0:0:1:61493	admin	REQUEST	[GET] http://localhost:8984/accueil/1
11:42:28.100	0:0:0:0:0:0:0:1:61493	admin	200		780.87 ms
11:42:30.538	0:0:0:0:0:0:0:1:61493	admin	REQUEST	[GET] http://localhost:8984/rubrique/B/1
11:42:30.614	0:0:0:0:0:0:0:1:61493	admin	200		76.49 ms
11:42:31.493	0:0:0:0:0:0:0:1:61493	admin	REQUEST	[GET] http://localhost:8984/rubrique/C/1
11:42:31.555	0:0:0:0:0:0:0:1:61493	admin	200		62.04 ms
11:42:33.103	0:0:0:0:0:0:0:1:61493	admin	REQUEST	[GET] http://localhost:8984/rubrique/A/1
11:42:33.158	0:0:0:0:0:0:0:1:61493	admin	200		55.98 ms
11:44:17.358	0:0:0:0:0:0:0:1:63331	admin	REQUEST	[GET] http://localhost:8984/rubrique/A/1
11:44:18.942	0:0:0:0:0:0:0:1:63331	admin	500	Unexpected error: Improper use? Potential bug? Your feedback is welcome: Contact: basex-talk@mailman.uni-konstanz.de Version: BaseX 8.6.4 Java: Oracle Corporation, 1.8.0_131 OS: Mac OS X, x86_64 Stack Trace: java.lang.RuntimeException: Data Access out of bounds: - pre value: 595648 - table size: 595648 - first/next pre value: 595511/595648 - #total/used pages: 4336/4336 - accessed page: 4335 (4336 > 4335] at org.basex.util.Util.notExpected(Util.java:62) at org.basex.io.random.TableDiskAccess.cursor(TableDiskAccess.java:455) at org.basex.io.random.TableDiskAccess.read1(TableDiskAccess.java:148) at org.basex.data.Data.kind(Data.java:293) at org.basex.query.value.node.DBNode$5.next(DBNode.java:355) at org.basex.query.value.node.DBNode$5.next(DBNode.java:1) at org.basex.query.iter.BasicNodeIter$2.hasNext(BasicNodeIter.java:39) at org.basex.query.expr.path.IterStep$1.next(IterStep.java:38) at org.basex.query.expr.path.IterStep$1.next(IterStep.java:1) at org.basex.query.expr.path.IterPath...	1584.86 ms
11:50:04.041	0:0:0:0:0:0:0:1:52684	admin	REQUEST	[GET] http://localhost:8984/rubrique/A/1
11:50:04.089	0:0:0:0:0:0:0:1:52684	admin	400	Stopped at /Volumes/OrangeIsTheNewBlack/Isilex/CREAL_ISILEX_8.6/IsilexCreal/repo/fr/isilex/www/isi-repo.xqm, 1/8321: [bxerr:BXDB0002] Database 'bdd' was not found.	48.14 ms
11:50:05.029	0:0:0:0:0:0:0:1:52684	admin	REQUEST	[GET] http://localhost:8984/rubrique/A/1
11:50:05.057	0:0:0:0:0:0:0:1:52684	admin	400	Stopped at /Volumes/OrangeIsTheNewBlack/Isilex/CREAL_ISILEX_8.6/IsilexCreal/repo/fr/isilex/www/isi-repo.xqm, 1/8321: [bxerr:BXDB0002] Database 'bdd' was not found.	28.27 ms
11:56:19.992	SERVER	admin	OK	HTTP Server was stopped (port: 8984).
11:56:20.300	SERVER	admin	OK	Server was stopped (port: 1984).
11:56:28.911	SERVER	admin	OK	Server was started (port: 1984).
11:56:28.954	SERVER	admin	OK	HTTP Server was started (port: 8984).
11:56:31.658	0:0:0:0:0:0:0:1:59127	admin	REQUEST	[GET] http://localhost:8984/
11:56:32.348	0:0:0:0:0:0:0:1:59127	admin	200		693.14 ms
11:56:32.352	0:0:0:0:0:0:0:1:59127	admin	REQUEST	[GET] http://localhost:8984/accueil
11:56:32.403	0:0:0:0:0:0:0:1:59127	admin	200		50.75 ms
11:56:32.406	0:0:0:0:0:0:0:1:59127	admin	REQUEST	[GET] http://localhost:8984/accueil/1
11:56:34.662	0:0:0:0:0:0:0:1:59127	admin	200		2256.68 ms
11:56:38.053	0:0:0:0:0:0:0:1:59127	admin	REQUEST	[GET] http://localhost:8984/rubrique/A/1
11:56:39.250	0:0:0:0:0:0:0:1:59127	admin	200		1197.99 ms
11:56:41.065	0:0:0:0:0:0:0:1:59127	admin	REQUEST	[GET] http://localhost:8984/rubrique/M/1
11:56:42.002	0:0:0:0:0:0:0:1:59127	admin	200		937.94 ms
12:07:32.439	0:0:0:0:0:0:0:1:54008	admin	REQUEST	[GET] http://localhost:8984/rubrique/X/1
12:07:35.188	0:0:0:0:0:0:0:1:54008	admin	200		2750.19 ms
12:55:01.214	139.162.111.98:44110	admin	401	Basic authentication expected.	105.59 ms
13:47:17.181	46.174.191.30:32744	admin	401	Basic authentication expected.	110.08 ms
13:52:04.214	0:0:0:0:0:0:0:1:58160	admin	REQUEST	[GET] http://localhost:8984/fiche/671
13:52:06.666	0:0:0:0:0:0:0:1:58160	admin	200		2452.33 ms
16:44:48.491	0:0:0:0:0:0:0:1:60742	admin	REQUEST	[GET] http://localhost:8984/login
16:44:51.120	0:0:0:0:0:0:0:1:60742	admin	200		2629.57 ms
16:44:58.219	0:0:0:0:0:0:0:1:60742	admin	REQUEST	[POST] http://localhost:8984/logging
16:44:59.063	0:0:0:0:0:0:0:1:60742	admin	200		843.62 ms
16:44:59.083	0:0:0:0:0:0:0:1:60742	admin	REQUEST	[GET] http://localhost:8984/
16:44:59.121	0:0:0:0:0:0:0:1:60742	admin	200		37.38 ms
16:44:59.124	0:0:0:0:0:0:0:1:60742	admin	REQUEST	[GET] http://localhost:8984/accueil
16:44:59.147	0:0:0:0:0:0:0:1:60742	admin	200		23.34 ms
16:44:59.151	0:0:0:0:0:0:0:1:60742	admin	REQUEST	[GET] http://localhost:8984/accueil/1
16:44:59.429	0:0:0:0:0:0:0:1:60742	admin	200		279.07 ms
16:45:03.701	0:0:0:0:0:0:0:1:60742	admin	REQUEST	[GET] http://localhost:8984/rubrique/V/1
16:45:04.763	0:0:0:0:0:0:0:1:60742	admin	200		1061.37 ms
16:45:07.352	0:0:0:0:0:0:0:1:60742	admin	REQUEST	[GET] http://localhost:8984/fiche/125
16:45:07.674	0:0:0:0:0:0:0:1:60742	admin	400	[SERE0014] Illegal HTML character found: #x88;.	322.0 ms
16:45:07.674	0:0:0:0:0:0:0:1:60742	admin	500	Code: 400, Info: [SERE0014] Illegal HTML character found: #x88;., Error: java.lang.IllegalStateException: Committed	0.14 ms
16:45:07.807	0:0:0:0:0:0:0:1:60742	admin	REQUEST	[GET] http://localhost:8984/error404
16:45:08.050	0:0:0:0:0:0:0:1:60742	admin	200		243.01 ms
16:45:09.675	0:0:0:0:0:0:0:1:60742	admin	REQUEST	[GET] http://localhost:8984/modif-125
16:45:10.140	0:0:0:0:0:0:0:1:60742	admin	200		464.94 ms
16:45:14.211	0:0:0:0:0:0:0:1:60742	admin	REQUEST	[GET] http://localhost:8984/modifCh/125
16:45:14.582	0:0:0:0:0:0:0:1:60742	admin	200		370.85 ms
16:45:14.590	0:0:0:0:0:0:0:1:60742	admin	REQUEST	[GET] http://localhost:8984/modifCh/static/codemirror/doc/docs.css
16:45:14.590	0:0:0:0:0:0:0:1:61104	admin	REQUEST	[GET] http://localhost:8984/modifCh/static/codemirror/lib/codemirror.css
16:45:14.591	0:0:0:0:0:0:0:1:61105	admin	REQUEST	[GET] http://localhost:8984/modifCh/static/codemirror/lib/codemirror.js
16:45:14.591	0:0:0:0:0:0:0:1:61106	admin	REQUEST	[GET] http://localhost:8984/modifCh/static/codemirror/mode/xml/xml.js
16:45:14.591	0:0:0:0:0:0:0:1:61107	admin	REQUEST	[GET] http://localhost:8984/modifCh/static/codemirror//addon/hint/show-hint.js
16:45:14.592	0:0:0:0:0:0:0:1:61108	admin	REQUEST	[GET] http://localhost:8984/modifCh/static/codemirror//addon/hint/xml-hint.js
16:45:22.127	0:0:0:0:0:0:0:1:61106	admin	200		7536.3 ms
16:45:22.149	0:0:0:0:0:0:0:1:61105	admin	200		7558.95 ms
16:45:22.154	0:0:0:0:0:0:0:1:60742	admin	200		7564.54 ms
16:45:22.169	0:0:0:0:0:0:0:1:61107	admin	200		7578.57 ms
16:45:22.205	0:0:0:0:0:0:0:1:61104	admin	200		7615.19 ms
16:45:22.212	0:0:0:0:0:0:0:1:61108	admin	200		7621.01 ms
17:06:57.187	46.174.191.31:32744	admin	401	Basic authentication expected.	109.8 ms
18:48:28.890	0:0:0:0:0:0:0:1:54188	admin	REQUEST	[GET] http://localhost:8984/accueil
18:48:29.245	0:0:0:0:0:0:0:1:54188	admin	200		355.06 ms
18:48:29.266	0:0:0:0:0:0:0:1:54188	admin	REQUEST	[GET] http://localhost:8984/accueil/1
18:48:29.556	0:0:0:0:0:0:0:1:54188	admin	200		290.36 ms
18:49:02.892	0:0:0:0:0:0:0:1:54732	admin	REQUEST	[GET] http://localhost:8984/gere-users
18:49:03.135	0:0:0:0:0:0:0:1:54732	admin	200		242.56 ms
18:50:31.212	0:0:0:0:0:0:0:1:56131	admin	REQUEST	[GET] http://localhost:8984/gere-users
18:50:31.485	0:0:0:0:0:0:0:1:56131	admin	200		274.14 ms
18:50:41.249	0:0:0:0:0:0:0:1:56131	admin	REQUEST	[GET] http://localhost:8984/logout
18:50:41.272	0:0:0:0:0:0:0:1:56131	admin	200		22.86 ms
18:50:41.282	0:0:0:0:0:0:0:1:56131	admin	REQUEST	[GET] http://localhost:8984/
18:50:41.303	0:0:0:0:0:0:0:1:56131	admin	200		21.59 ms
18:50:41.315	0:0:0:0:0:0:0:1:56131	admin	REQUEST	[GET] http://localhost:8984/accueil
18:50:41.334	0:0:0:0:0:0:0:1:56131	admin	200		18.85 ms
18:50:41.349	0:0:0:0:0:0:0:1:56131	admin	REQUEST	[GET] http://localhost:8984/accueil/1
18:50:41.598	0:0:0:0:0:0:0:1:56131	admin	200		248.51 ms
18:50:44.567	0:0:0:0:0:0:0:1:56131	admin	REQUEST	[GET] http://localhost:8984/login
18:50:44.802	0:0:0:0:0:0:0:1:56131	admin	200		235.09 ms
18:50:53.073	0:0:0:0:0:0:0:1:56131	admin	REQUEST	[POST] http://localhost:8984/logging
18:50:53.107	0:0:0:0:0:0:0:1:56131	admin	200		33.94 ms
18:50:53.110	0:0:0:0:0:0:0:1:56131	admin	REQUEST	[GET] http://localhost:8984/
18:50:53.128	0:0:0:0:0:0:0:1:56131	admin	200		19.11 ms
18:50:53.132	0:0:0:0:0:0:0:1:56131	admin	REQUEST	[GET] http://localhost:8984/accueil
18:50:53.149	0:0:0:0:0:0:0:1:56131	admin	200		17.51 ms
18:50:53.165	0:0:0:0:0:0:0:1:56131	admin	REQUEST	[GET] http://localhost:8984/accueil/1
18:50:53.400	0:0:0:0:0:0:0:1:56131	admin	200		235.69 ms
18:51:04.864	0:0:0:0:0:0:0:1:56131	admin	REQUEST	[GET] http://localhost:8984/logout
18:51:04.886	0:0:0:0:0:0:0:1:56131	admin	200		22.08 ms
18:51:04.896	0:0:0:0:0:0:0:1:56131	admin	REQUEST	[GET] http://localhost:8984/
18:51:04.915	0:0:0:0:0:0:0:1:56131	admin	200		19.07 ms
18:51:04.929	0:0:0:0:0:0:0:1:56131	admin	REQUEST	[GET] http://localhost:8984/accueil
18:51:04.948	0:0:0:0:0:0:0:1:56131	admin	200		18.36 ms
18:51:04.963	0:0:0:0:0:0:0:1:56131	admin	REQUEST	[GET] http://localhost:8984/accueil/1
18:51:05.207	0:0:0:0:0:0:0:1:56131	admin	200		244.5 ms
18:57:06.318	0:0:0:0:0:0:0:1:62302	admin	REQUEST	[GET] http://localhost:8984/accueil/1
18:57:06.550	0:0:0:0:0:0:0:1:62302	admin	200		232.21 ms
18:57:09.794	0:0:0:0:0:0:0:1:62302	admin	REQUEST	[GET] http://localhost:8984/accueil/1
18:57:10.040	0:0:0:0:0:0:0:1:62302	admin	200		246.32 ms
19:02:52.880	0:0:0:0:0:0:0:1:51459	admin	REQUEST	[GET] http://localhost:8984/accueil/1
19:02:53.122	0:0:0:0:0:0:0:1:51459	admin	200		242.49 ms
19:02:59.916	0:0:0:0:0:0:0:1:51459	admin	REQUEST	[GET] http://localhost:8984/accueil/1
19:03:00.174	0:0:0:0:0:0:0:1:51459	admin	200		257.62 ms
19:03:41.812	0:0:0:0:0:0:0:1:51459	admin	REQUEST	[GET] http://localhost:8984/accueil/1
19:03:42.050	0:0:0:0:0:0:0:1:51459	admin	200		238.37 ms
19:03:47.722	0:0:0:0:0:0:0:1:51459	admin	REQUEST	[GET] http://localhost:8984/accueil/1
19:03:47.943	0:0:0:0:0:0:0:1:51459	admin	200		220.86 ms
19:03:52.139	0:0:0:0:0:0:0:1:51459	admin	REQUEST	[GET] http://localhost:8984/accueil/1
19:03:52.384	0:0:0:0:0:0:0:1:51459	admin	200		245.38 ms
19:04:45.640	0:0:0:0:0:0:0:1:53253	admin	REQUEST	[GET] http://localhost:8984/accueil/1
19:04:45.882	0:0:0:0:0:0:0:1:53253	admin	200		241.61 ms
19:04:54.751	0:0:0:0:0:0:0:1:53253	admin	REQUEST	[GET] http://localhost:8984/accueil/1
19:04:54.983	0:0:0:0:0:0:0:1:53253	admin	200		232.83 ms
19:07:53.838	0:0:0:0:0:0:0:1:56202	admin	REQUEST	[GET] http://localhost:8984/rubrique/V/1
19:07:54.775	0:0:0:0:0:0:0:1:56202	admin	200		937.79 ms
19:08:09.536	0:0:0:0:0:0:0:1:56202	admin	REQUEST	[GET] http://localhost:8984/rubrique/V/1
19:08:10.284	0:0:0:0:0:0:0:1:56202	admin	200		747.7 ms
19:12:13.800	0:0:0:0:0:0:0:1:60308	admin	REQUEST	[GET] http://localhost:8984/rubrique/V/1
19:12:14.547	0:0:0:0:0:0:0:1:60308	admin	200		746.44 ms
20:45:28.153	0:0:0:0:0:0:0:1:60473	admin	REQUEST	[GET] http://localhost:8984/accueil/1
20:45:32.522	0:0:0:0:0:0:0:1:60473	admin	200		4369.53 ms
20:47:38.926	46.174.191.30:32744	admin	401	Basic authentication expected.	204.43 ms
21:02:15.709	0:0:0:0:0:0:0:1:59274	admin	REQUEST	[GET] http://localhost:8984/rubrique/V/1
21:02:16.648	0:0:0:0:0:0:0:1:59274	admin	200		939.71 ms
21:02:32.913	0:0:0:0:0:0:0:1:59274	admin	REQUEST	[GET] http://localhost:8984/rubrique/V/11
21:02:33.763	0:0:0:0:0:0:0:1:59274	admin	200		849.75 ms
21:02:34.578	0:0:0:0:0:0:0:1:59274	admin	REQUEST	[GET] http://localhost:8984/rubrique/V/21
21:02:35.163	0:0:0:0:0:0:0:1:59274	admin	200		585.04 ms
21:53:27.370	209.126.136.5:44514	admin	401	Basic authentication expected.	107.02 ms
