03:33:36.465	66.249.65.4:50637	admin	REQUEST	[GET] http://tourdebabel.hd.free.fr:2211/robots.txt
03:33:36.812	66.249.65.4:50637	admin	404	No function found that matches the request.	347.12 ms
03:33:36.813	66.249.65.4:50637	admin	REQUEST	[GET] http://tourdebabel.hd.free.fr:2211/error404
03:33:36.891	66.249.65.4:50637	admin	200		78.77 ms
07:49:04.123	0:0:0:0:0:0:0:1:56957	admin	REQUEST	[GET] http://localhost:8984/accueil/1
07:49:04.737	0:0:0:0:0:0:0:1:56957	admin	200		613.68 ms
07:49:06.801	0:0:0:0:0:0:0:1:56957	admin	REQUEST	[GET] http://localhost:8984/login
07:49:06.814	0:0:0:0:0:0:0:1:56957	admin	200		13.28 ms
07:49:13.417	0:0:0:0:0:0:0:1:56957	admin	REQUEST	[POST] http://localhost:8984/logging
07:49:13.750	0:0:0:0:0:0:0:1:56957	admin	200		332.51 ms
07:49:13.757	0:0:0:0:0:0:0:1:56957	admin	REQUEST	[GET] http://localhost:8984/
07:49:13.765	0:0:0:0:0:0:0:1:56957	admin	200		7.62 ms
07:49:13.769	0:0:0:0:0:0:0:1:56957	admin	REQUEST	[GET] http://localhost:8984/accueil
07:49:13.777	0:0:0:0:0:0:0:1:56957	admin	200		7.61 ms
07:49:13.781	0:0:0:0:0:0:0:1:56957	admin	REQUEST	[GET] http://localhost:8984/accueil/1
07:49:13.820	0:0:0:0:0:0:0:1:56957	admin	200		38.59 ms
07:49:20.907	0:0:0:0:0:0:0:1:56957	admin	REQUEST	[GET] http://localhost:8984/isilexPremium-Messagerie
07:49:20.920	0:0:0:0:0:0:0:1:56957	admin	200		13.6 ms
07:49:24.511	0:0:0:0:0:0:0:1:56957	admin	REQUEST	[GET] http://localhost:8984/new-fiche
07:49:24.871	0:0:0:0:0:0:0:1:56957	admin	200		360.11 ms
07:49:27.589	0:0:0:0:0:0:0:1:56957	admin	REQUEST	[GET] http://localhost:8984/user/admin
07:49:27.602	0:0:0:0:0:0:0:1:56957	admin	200		12.51 ms
07:49:29.378	0:0:0:0:0:0:0:1:56957	admin	REQUEST	[GET] http://localhost:8984/gere-users
07:49:29.392	0:0:0:0:0:0:0:1:56957	admin	200		14.75 ms
07:49:36.758	0:0:0:0:0:0:0:1:56957	admin	REQUEST	[GET] http://localhost:8984/gere-site
07:49:36.774	0:0:0:0:0:0:0:1:56957	admin	200		16.31 ms
07:49:47.165	0:0:0:0:0:0:0:1:56957	admin	REQUEST	[GET] http://localhost:8984/
07:49:47.172	0:0:0:0:0:0:0:1:56957	admin	200		7.48 ms
07:49:47.177	0:0:0:0:0:0:0:1:56957	admin	REQUEST	[GET] http://localhost:8984/accueil
07:49:47.184	0:0:0:0:0:0:0:1:56957	admin	200		6.95 ms
07:49:47.188	0:0:0:0:0:0:0:1:56957	admin	REQUEST	[GET] http://localhost:8984/accueil/1
07:49:47.202	0:0:0:0:0:0:0:1:56957	admin	200		14.5 ms
07:53:14.148	192.168.0.17:64762	admin	REQUEST	[GET] http://192.168.0.19:8984/
07:53:14.156	192.168.0.17:64762	admin	200		7.63 ms
07:53:14.177	192.168.0.17:64762	admin	REQUEST	[GET] http://192.168.0.19:8984/accueil
07:53:14.187	192.168.0.17:64762	admin	200		9.35 ms
07:53:14.201	192.168.0.17:64762	admin	REQUEST	[GET] http://192.168.0.19:8984/accueil/1
07:53:14.214	192.168.0.17:64762	admin	200		13.28 ms
07:53:20.840	192.168.0.17:64762	admin	REQUEST	[GET] http://192.168.0.19:8984/login
07:53:20.852	192.168.0.17:64762	admin	200		12.23 ms
07:53:37.840	192.168.0.254:64778	admin	REQUEST	[GET] http://tourdebabel.hd.free.fr:2211/
07:53:37.848	192.168.0.254:64778	admin	200		8.19 ms
07:53:37.874	192.168.0.254:64778	admin	REQUEST	[GET] http://tourdebabel.hd.free.fr:2211/accueil
07:53:37.881	192.168.0.254:64778	admin	200		7.14 ms
07:53:37.896	192.168.0.254:64778	admin	REQUEST	[GET] http://tourdebabel.hd.free.fr:2211/accueil/1
07:53:37.909	192.168.0.254:64778	admin	200		13.05 ms
07:53:42.023	192.168.0.254:64778	admin	REQUEST	[GET] http://tourdebabel.hd.free.fr:2211/categories
07:53:42.035	192.168.0.254:64778	admin	200		12.2 ms
07:53:43.522	192.168.0.254:64778	admin	REQUEST	[GET] http://tourdebabel.hd.free.fr:2211/page/Links
07:53:43.832	192.168.0.254:64778	admin	200		310.11 ms
07:53:46.778	192.168.0.254:64778	admin	REQUEST	[GET] http://tourdebabel.hd.free.fr:2211/page/How%20To
07:53:46.795	192.168.0.254:64778	admin	200		17.47 ms
07:53:58.028	192.168.0.254:64778	admin	REQUEST	[GET] http://tourdebabel.hd.free.fr:2211/page/IsiCorpus
07:53:58.039	192.168.0.254:64778	admin	200		11.44 ms
07:54:00.251	192.168.0.254:64778	admin	REQUEST	[GET] http://tourdebabel.hd.free.fr:2211/page/How%20To
07:54:00.265	192.168.0.254:64778	admin	200		14.29 ms
07:54:01.819	192.168.0.254:64778	admin	REQUEST	[GET] http://tourdebabel.hd.free.fr:2211/page/IsiCorpus
07:54:01.832	192.168.0.254:64778	admin	200		12.55 ms
07:54:02.876	192.168.0.254:64778	admin	REQUEST	[GET] http://tourdebabel.hd.free.fr:2211/login
07:54:02.889	192.168.0.254:64778	admin	200		12.25 ms
07:54:04.269	192.168.0.254:64778	admin	REQUEST	[GET] http://tourdebabel.hd.free.fr:2211/page/Links
07:54:04.281	192.168.0.254:64778	admin	200		11.65 ms
07:54:05.412	192.168.0.254:64778	admin	REQUEST	[GET] http://tourdebabel.hd.free.fr:2211/categories
07:54:05.425	192.168.0.254:64778	admin	200		12.87 ms
07:54:06.617	192.168.0.254:64778	admin	REQUEST	[GET] http://tourdebabel.hd.free.fr:2211/accueil
07:54:06.624	192.168.0.254:64778	admin	200		7.07 ms
07:54:06.644	192.168.0.254:64778	admin	REQUEST	[GET] http://tourdebabel.hd.free.fr:2211/accueil/1
07:54:06.659	192.168.0.254:64778	admin	200		15.59 ms
07:54:08.209	192.168.0.254:64778	admin	REQUEST	[GET] http://tourdebabel.hd.free.fr:2211/categories
07:54:08.221	192.168.0.254:64778	admin	200		11.68 ms
07:54:19.428	192.168.0.254:64778	admin	REQUEST	[GET] http://tourdebabel.hd.free.fr:2211/rubrique/R/1
07:54:19.441	192.168.0.254:64778	admin	200		12.91 ms
07:54:21.019	192.168.0.254:64778	admin	REQUEST	[GET] http://tourdebabel.hd.free.fr:2211/fiche/9
07:54:21.032	192.168.0.254:64778	admin	200		13.1 ms
07:54:27.178	192.168.0.254:64778	admin	REQUEST	[GET] http://tourdebabel.hd.free.fr:2211/isilexPremium-Word
07:54:27.191	192.168.0.254:64778	admin	200		12.53 ms
08:08:25.576	SERVER	admin	OK	Server was stopped (port: 1984).
08:08:25.590	SERVER	admin	OK	HTTP Server was stopped (port: 8984).
08:08:30.742	SERVER	admin	OK	Server was started (port: 1984).
08:08:30.785	SERVER	admin	OK	HTTP Server was started (port: 8984).
08:08:32.672	0:0:0:0:0:0:0:1:57414	admin	REQUEST	[GET] http://localhost:8984/
08:08:33.871	0:0:0:0:0:0:0:1:57414	admin	200		1201.59 ms
08:08:33.876	0:0:0:0:0:0:0:1:57413	admin	REQUEST	[GET] http://localhost:8984/accueil
08:08:33.896	0:0:0:0:0:0:0:1:57413	admin	200		20.68 ms
08:08:33.899	0:0:0:0:0:0:0:1:57413	admin	REQUEST	[GET] http://localhost:8984/accueil/1
08:08:34.221	0:0:0:0:0:0:0:1:57413	admin	200		321.94 ms
17:35:53.286	66.249.65.4:50156	admin	REQUEST	[GET] http://tourdebabel.hd.free.fr:2211/robots.txt
17:35:53.608	66.249.65.4:50156	admin	404	No function found that matches the request.	323.02 ms
17:35:53.610	66.249.65.4:50156	admin	REQUEST	[GET] http://tourdebabel.hd.free.fr:2211/error404
17:35:53.985	66.249.65.4:50156	admin	200		375.05 ms
18:38:09.137	0:0:0:0:0:0:0:1:63008	admin	REQUEST	[GET] http://localhost:8984/login
18:38:09.432	0:0:0:0:0:0:0:1:63009	admin	REQUEST	[GET] http://localhost:8984/login
18:38:09.709	0:0:0:0:0:0:0:1:63008	admin	400	org.eclipse.jetty.io.EofException	573.11 ms
18:38:09.710	0:0:0:0:0:0:0:1:63008	admin	500	java.lang.IllegalStateException: Committed	0.2 ms
18:38:09.719	0:0:0:0:0:0:0:1:63009	admin	200		523.34 ms
18:38:11.737	0:0:0:0:0:0:0:1:63009	admin	REQUEST	[GET] http://localhost:8984/
18:38:11.753	0:0:0:0:0:0:0:1:63009	admin	200		16.11 ms
18:38:11.755	0:0:0:0:0:0:0:1:63009	admin	REQUEST	[GET] http://localhost:8984/accueil
18:38:11.768	0:0:0:0:0:0:0:1:63009	admin	200		12.95 ms
18:38:11.771	0:0:0:0:0:0:0:1:63009	admin	REQUEST	[GET] http://localhost:8984/accueil/1
18:38:11.840	0:0:0:0:0:0:0:1:63009	admin	200		69.68 ms
18:40:04.800	0:0:0:0:0:0:0:1:63046	admin	REQUEST	[GET] http://localhost:8984/accueil
18:40:04.827	0:0:0:0:0:0:0:1:63046	admin	200		26.48 ms
18:40:04.830	0:0:0:0:0:0:0:1:63046	admin	REQUEST	[GET] http://localhost:8984/accueil/1
18:40:04.926	0:0:0:0:0:0:0:1:63046	admin	200		96.15 ms
18:40:05.429	0:0:0:0:0:0:0:1:63046	admin	REQUEST	[GET] http://localhost:8984/categories
18:40:05.474	0:0:0:0:0:0:0:1:63046	admin	200		44.98 ms
18:40:05.949	0:0:0:0:0:0:0:1:63046	admin	REQUEST	[GET] http://localhost:8984/page/Links
18:40:06.004	0:0:0:0:0:0:0:1:63046	admin	200		54.8 ms
18:40:06.782	0:0:0:0:0:0:0:1:63046	admin	REQUEST	[GET] http://localhost:8984/page/How%20To
18:40:06.821	0:0:0:0:0:0:0:1:63046	admin	200		39.03 ms
18:40:08.062	0:0:0:0:0:0:0:1:63046	admin	REQUEST	[GET] http://localhost:8984/page/Links
18:40:08.128	0:0:0:0:0:0:0:1:63046	admin	200		65.86 ms
18:40:09.108	0:0:0:0:0:0:0:1:63046	admin	REQUEST	[GET] http://localhost:8984/categories
18:40:09.130	0:0:0:0:0:0:0:1:63046	admin	200		22.39 ms
18:40:13.025	0:0:0:0:0:0:0:1:63046	admin	REQUEST	[GET] http://localhost:8984/login
18:40:13.052	0:0:0:0:0:0:0:1:63046	admin	200		27.25 ms
18:40:14.452	0:0:0:0:0:0:0:1:63046	admin	REQUEST	[GET] http://localhost:8984/accueil
18:40:14.461	0:0:0:0:0:0:0:1:63046	admin	200		9.99 ms
18:40:14.464	0:0:0:0:0:0:0:1:63046	admin	REQUEST	[GET] http://localhost:8984/accueil/1
18:40:14.490	0:0:0:0:0:0:0:1:63046	admin	200		26.17 ms
18:40:20.561	0:0:0:0:0:0:0:1:63046	admin	REQUEST	[GET] http://localhost:8984/login
18:40:20.582	0:0:0:0:0:0:0:1:63046	admin	200		21.22 ms
19:26:58.836	0:0:0:0:0:0:0:1:63441	admin	REQUEST	[GET] http://localhost:8984/login
19:26:58.856	0:0:0:0:0:0:0:1:63441	admin	200		20.45 ms
19:27:00.014	0:0:0:0:0:0:0:1:63441	admin	REQUEST	[GET] http://localhost:8984/login
19:27:00.067	0:0:0:0:0:0:0:1:63441	admin	200		53.61 ms
19:27:00.847	0:0:0:0:0:0:0:1:63441	admin	REQUEST	[GET] http://localhost:8984/login
19:27:00.867	0:0:0:0:0:0:0:1:63441	admin	200		20.3 ms
19:27:09.836	0:0:0:0:0:0:0:1:63441	admin	REQUEST	[GET] http://localhost:8984/login
19:27:09.857	0:0:0:0:0:0:0:1:63441	admin	200		20.38 ms
19:27:33.562	0:0:0:0:0:0:0:1:63441	admin	REQUEST	[GET] http://localhost:8984/login
19:27:33.584	0:0:0:0:0:0:0:1:63441	admin	200		22.88 ms
19:27:38.085	0:0:0:0:0:0:0:1:63441	admin	REQUEST	[GET] http://localhost:8984/login
19:27:38.103	0:0:0:0:0:0:0:1:63441	admin	200		18.65 ms
19:27:47.024	0:0:0:0:0:0:0:1:63441	admin	REQUEST	[POST] http://localhost:8984/logging
19:27:47.456	0:0:0:0:0:0:0:1:63441	admin	200		431.77 ms
19:27:47.459	0:0:0:0:0:0:0:1:63441	admin	REQUEST	[GET] http://localhost:8984/
19:27:47.469	0:0:0:0:0:0:0:1:63441	admin	200		10.74 ms
19:27:47.472	0:0:0:0:0:0:0:1:63441	admin	REQUEST	[GET] http://localhost:8984/accueil
19:27:47.481	0:0:0:0:0:0:0:1:63441	admin	200		9.31 ms
19:27:47.483	0:0:0:0:0:0:0:1:63441	admin	REQUEST	[GET] http://localhost:8984/accueil/1
19:27:47.543	0:0:0:0:0:0:0:1:63441	admin	200		59.83 ms
19:27:49.449	0:0:0:0:0:0:0:1:63441	admin	REQUEST	[GET] http://localhost:8984/new-fiche
19:27:49.572	0:0:0:0:0:0:0:1:63441	admin	200		122.36 ms
19:27:51.834	0:0:0:0:0:0:0:1:63441	admin	REQUEST	[GET] http://localhost:8984/newFicheXml
19:27:51.854	0:0:0:0:0:0:0:1:63441	admin	200		19.98 ms
19:28:08.449	0:0:0:0:0:0:0:1:63441	admin	REQUEST	[POST] http://localhost:8984/validate-xsd
19:28:08.522	0:0:0:0:0:0:0:1:63441	admin	200		73.16 ms
19:28:08.533	0:0:0:0:0:0:0:1:63441	admin	REQUEST	[POST] http://localhost:8984/saveNew
19:28:08.595	0:0:0:0:0:0:0:1:63441	admin	200		62.49 ms
19:28:08.598	0:0:0:0:0:0:0:1:63441	admin	REQUEST	[GET] http://localhost:8984/modif-11?message=Votre%20fiche%20a%20bien%20%C3%A9t%C3%A9%20sauv%C3%A9e
19:28:08.682	0:0:0:0:0:0:0:1:63441	admin	200		84.2 ms
19:28:12.307	0:0:0:0:0:0:0:1:63441	admin	REQUEST	[GET] http://localhost:8984/ftMark-11
19:28:12.348	0:0:0:0:0:0:0:1:63441	admin	200		41.16 ms
19:28:12.354	0:0:0:0:0:0:0:1:63441	admin	REQUEST	[GET] http://localhost:8984/modif-11
19:28:12.380	0:0:0:0:0:0:0:1:63441	admin	200		25.44 ms
19:28:51.277	0:0:0:0:0:0:0:1:63441	admin	REQUEST	[GET] http://localhost:8984/modif-11
19:28:51.304	0:0:0:0:0:0:0:1:63441	admin	200		26.74 ms
19:28:53.370	0:0:0:0:0:0:0:1:63441	admin	REQUEST	[GET] http://localhost:8984/
19:28:53.380	0:0:0:0:0:0:0:1:63441	admin	200		9.76 ms
19:28:53.382	0:0:0:0:0:0:0:1:63441	admin	REQUEST	[GET] http://localhost:8984/accueil
19:28:53.392	0:0:0:0:0:0:0:1:63441	admin	200		9.63 ms
19:28:53.394	0:0:0:0:0:0:0:1:63441	admin	REQUEST	[GET] http://localhost:8984/accueil/1
19:28:53.416	0:0:0:0:0:0:0:1:63441	admin	200		21.39 ms
19:28:54.427	0:0:0:0:0:0:0:1:63441	admin	REQUEST	[GET] http://localhost:8984/logout
19:28:54.438	0:0:0:0:0:0:0:1:63441	admin	200		10.74 ms
19:28:54.440	0:0:0:0:0:0:0:1:63441	admin	REQUEST	[GET] http://localhost:8984/
19:28:54.450	0:0:0:0:0:0:0:1:63441	admin	200		9.97 ms
19:28:54.452	0:0:0:0:0:0:0:1:63441	admin	REQUEST	[GET] http://localhost:8984/accueil
19:28:54.462	0:0:0:0:0:0:0:1:63441	admin	200		9.22 ms
19:28:54.464	0:0:0:0:0:0:0:1:63441	admin	REQUEST	[GET] http://localhost:8984/accueil/1
19:28:54.484	0:0:0:0:0:0:0:1:63441	admin	200		20.23 ms
19:28:55.721	0:0:0:0:0:0:0:1:63441	admin	REQUEST	[GET] http://localhost:8984/login
19:28:55.738	0:0:0:0:0:0:0:1:63441	admin	200		17.58 ms
19:29:11.254	SERVER	admin	OK	Server was stopped (port: 1984).
19:29:11.255	SERVER	admin	OK	HTTP Server was stopped (port: 8984).
19:32:35.256	SERVER	admin	OK	Server was started (port: 1984).
19:32:35.307	SERVER	admin	OK	HTTP Server was started (port: 8984).
19:32:38.224	0:0:0:0:0:0:0:1:63529	admin	REQUEST	[GET] http://localhost:8984/
19:32:39.439	0:0:0:0:0:0:0:1:63529	admin	200		1216.96 ms
19:32:39.443	0:0:0:0:0:0:0:1:63529	admin	REQUEST	[GET] http://localhost:8984/accueil
19:32:39.464	0:0:0:0:0:0:0:1:63529	admin	200		20.75 ms
19:32:39.467	0:0:0:0:0:0:0:1:63529	admin	REQUEST	[GET] http://localhost:8984/accueil/1
19:32:39.776	0:0:0:0:0:0:0:1:63529	admin	200		309.12 ms
19:32:42.941	0:0:0:0:0:0:0:1:63529	admin	REQUEST	[GET] http://localhost:8984/login
19:32:42.985	0:0:0:0:0:0:0:1:63529	admin	200		44.12 ms
19:34:06.779	0:0:0:0:0:0:0:1:63558	admin	REQUEST	[GET] http://localhost:8984/
19:34:06.822	0:0:0:0:0:0:0:1:63558	admin	200		43.23 ms
19:34:06.825	0:0:0:0:0:0:0:1:63558	admin	REQUEST	[GET] http://localhost:8984/accueil
19:34:06.841	0:0:0:0:0:0:0:1:63558	admin	200		16.02 ms
19:34:06.844	0:0:0:0:0:0:0:1:63558	admin	REQUEST	[GET] http://localhost:8984/accueil/1
19:34:06.884	0:0:0:0:0:0:0:1:63558	admin	200		40.66 ms
19:34:10.523	SERVER	admin	OK	Server was stopped (port: 1984).
19:34:10.523	SERVER	admin	OK	HTTP Server was stopped (port: 8984).
19:47:16.255	SERVER	admin	OK	Server was started (port: 1984).
19:47:16.314	SERVER	admin	OK	HTTP Server was started (port: 8984).
19:47:23.261	0:0:0:0:0:0:0:1:63751	admin	REQUEST	[GET] http://localhost:8984/
19:47:24.483	0:0:0:0:0:0:0:1:63751	admin	200		1224.4 ms
19:47:24.487	0:0:0:0:0:0:0:1:63751	admin	REQUEST	[GET] http://localhost:8984/accueil
19:47:24.509	0:0:0:0:0:0:0:1:63751	admin	200		21.73 ms
19:47:24.512	0:0:0:0:0:0:0:1:63751	admin	REQUEST	[GET] http://localhost:8984/accueil/1
19:47:24.876	0:0:0:0:0:0:0:1:63751	admin	200		363.78 ms
19:47:26.341	0:0:0:0:0:0:0:1:63751	admin	REQUEST	[GET] http://localhost:8984/login
19:47:26.385	0:0:0:0:0:0:0:1:63751	admin	200		43.6 ms
19:47:31.346	0:0:0:0:0:0:0:1:63751	admin	REQUEST	[POST] http://localhost:8984/logging
19:47:31.643	0:0:0:0:0:0:0:1:63751	admin	200		296.9 ms
19:47:31.646	0:0:0:0:0:0:0:1:63751	admin	REQUEST	[GET] http://localhost:8984/
19:47:31.666	0:0:0:0:0:0:0:1:63751	admin	200		20.41 ms
19:47:31.670	0:0:0:0:0:0:0:1:63751	admin	REQUEST	[GET] http://localhost:8984/accueil
19:47:31.686	0:0:0:0:0:0:0:1:63751	admin	200		16.31 ms
19:47:31.693	0:0:0:0:0:0:0:1:63751	admin	REQUEST	[GET] http://localhost:8984/accueil/1
19:47:31.769	0:0:0:0:0:0:0:1:63751	admin	200		75.8 ms
19:47:33.811	0:0:0:0:0:0:0:1:63751	admin	REQUEST	[GET] http://localhost:8984/new-fiche
19:47:33.949	0:0:0:0:0:0:0:1:63751	admin	200		138.5 ms
19:47:38.189	0:0:0:0:0:0:0:1:63751	admin	REQUEST	[POST] http://localhost:8984/saveNew
19:47:38.272	0:0:0:0:0:0:0:1:63751	admin	200		83.29 ms
19:47:38.275	0:0:0:0:0:0:0:1:63751	admin	REQUEST	[GET] http://localhost:8984/modif-12?message=Votre%20fiche%20a%20bien%20%C3%A9t%C3%A9%20sauv%C3%A9e
19:47:38.369	0:0:0:0:0:0:0:1:63751	admin	200		94.44 ms
19:47:41.428	0:0:0:0:0:0:0:1:63751	admin	REQUEST	[POST] http://localhost:8984/validate-xsd
19:47:41.452	0:0:0:0:0:0:0:1:63751	admin	200		24.6 ms
19:47:41.456	0:0:0:0:0:0:0:1:63751	admin	REQUEST	[POST] http://localhost:8984/saveFiche
19:47:41.483	0:0:0:0:0:0:0:1:63751	admin	200		26.65 ms
19:47:41.484	0:0:0:0:0:0:0:1:63751	admin	REQUEST	[GET] http://localhost:8984/modif-12?message=Votre%20fiche%20a%20bien%20%C3%A9t%C3%A9%20sauv%C3%A9e
19:47:41.520	0:0:0:0:0:0:0:1:63751	admin	200		35.52 ms
19:49:13.702	0:0:0:0:0:0:0:1:63782	admin	REQUEST	[GET] http://localhost:8984/masteradmin
19:49:13.722	0:0:0:0:0:0:0:1:63782	admin	200		20.37 ms
19:49:13.725	0:0:0:0:0:0:0:1:63782	admin	REQUEST	[GET] http://localhost:8984/
19:49:13.737	0:0:0:0:0:0:0:1:63782	admin	200		12.63 ms
19:49:13.745	0:0:0:0:0:0:0:1:63782	admin	REQUEST	[GET] http://localhost:8984/accueil
19:49:13.755	0:0:0:0:0:0:0:1:63782	admin	200		10.5 ms
19:49:13.758	0:0:0:0:0:0:0:1:63782	admin	REQUEST	[GET] http://localhost:8984/accueil/1
19:49:13.787	0:0:0:0:0:0:0:1:63782	admin	200		29.09 ms
19:49:21.720	0:0:0:0:0:0:0:1:63793	admin	REQUEST	[GET] http://localhost:8984/masteradmin
19:49:21.743	0:0:0:0:0:0:0:1:63793	admin	200		22.83 ms
19:49:21.746	0:0:0:0:0:0:0:1:63793	admin	REQUEST	[GET] http://localhost:8984/
19:49:21.757	0:0:0:0:0:0:0:1:63793	admin	200		10.68 ms
19:49:21.759	0:0:0:0:0:0:0:1:63793	admin	REQUEST	[GET] http://localhost:8984/accueil
19:49:21.769	0:0:0:0:0:0:0:1:63793	admin	200		9.73 ms
19:49:21.771	0:0:0:0:0:0:0:1:63793	admin	REQUEST	[GET] http://localhost:8984/accueil/1
19:49:21.799	0:0:0:0:0:0:0:1:63793	admin	200		27.9 ms
19:49:23.197	0:0:0:0:0:0:0:1:63782	admin	REQUEST	[GET] http://localhost:8984/masteradmin
19:49:23.227	0:0:0:0:0:0:0:1:63782	admin	200		29.95 ms
19:49:23.231	0:0:0:0:0:0:0:1:63782	admin	REQUEST	[GET] http://localhost:8984/
19:49:23.240	0:0:0:0:0:0:0:1:63782	admin	200		9.73 ms
19:49:23.243	0:0:0:0:0:0:0:1:63782	admin	REQUEST	[GET] http://localhost:8984/accueil
19:49:23.253	0:0:0:0:0:0:0:1:63782	admin	200		10.45 ms
19:49:23.256	0:0:0:0:0:0:0:1:63782	admin	REQUEST	[GET] http://localhost:8984/accueil/1
19:49:23.282	0:0:0:0:0:0:0:1:63782	admin	200		26.27 ms
19:49:34.030	0:0:0:0:0:0:0:1:63782	admin	REQUEST	[GET] http://localhost:8984/modif-12?message=Votre%20fiche%20a%20bien%20%C3%A9t%C3%A9%20sauv%C3%A9e
19:49:34.061	0:0:0:0:0:0:0:1:63782	admin	200		31.17 ms
20:02:08.591	0:0:0:0:0:0:0:1:63947	admin	REQUEST	[GET] http://localhost:8984/
20:02:08.983	0:0:0:0:0:0:0:1:63947	admin	200		391.91 ms
20:02:08.985	0:0:0:0:0:0:0:1:63947	admin	REQUEST	[GET] http://localhost:8984/accueil
20:02:08.994	0:0:0:0:0:0:0:1:63947	admin	200		8.96 ms
20:02:08.996	0:0:0:0:0:0:0:1:63947	admin	REQUEST	[GET] http://localhost:8984/accueil/1
20:02:09.265	0:0:0:0:0:0:0:1:63947	admin	200		268.52 ms
20:02:10.848	0:0:0:0:0:0:0:1:63947	admin	REQUEST	[GET] http://localhost:8984/gere-site
20:02:10.911	0:0:0:0:0:0:0:1:63947	admin	200		62.96 ms
20:02:22.567	0:0:0:0:0:0:0:1:63947	admin	REQUEST	[GET] http://localhost:8984/isilexPremium-Modification%20du%20protypage%20de%20saisie
20:02:22.588	0:0:0:0:0:0:0:1:63947	admin	200		21.25 ms
20:02:27.744	0:0:0:0:0:0:0:1:63947	admin	REQUEST	[GET] http://localhost:8984/rubrique/R/1
20:02:27.767	0:0:0:0:0:0:0:1:63947	admin	200		23.01 ms
20:02:29.013	0:0:0:0:0:0:0:1:63947	admin	REQUEST	[GET] http://localhost:8984/accueil
20:02:29.022	0:0:0:0:0:0:0:1:63947	admin	200		9.68 ms
20:02:29.025	0:0:0:0:0:0:0:1:63947	admin	REQUEST	[GET] http://localhost:8984/accueil/1
20:02:29.047	0:0:0:0:0:0:0:1:63947	admin	200		22.45 ms
20:10:52.877	0:0:0:0:0:0:0:1:64051	admin	REQUEST	[GET] http://localhost:8984/modif-12?message=Votre%20fiche%20a%20bien%20%C3%A9t%C3%A9%20sauv%C3%A9e
20:10:53.519	0:0:0:0:0:0:0:1:64051	admin	200		641.66 ms
20:11:08.140	0:0:0:0:0:0:0:1:64051	admin	REQUEST	[GET] http://localhost:8984/
20:11:08.149	0:0:0:0:0:0:0:1:64051	admin	200		9.37 ms
20:11:08.152	0:0:0:0:0:0:0:1:64051	admin	REQUEST	[GET] http://localhost:8984/accueil
20:11:08.161	0:0:0:0:0:0:0:1:64051	admin	200		8.9 ms
20:11:08.163	0:0:0:0:0:0:0:1:64051	admin	REQUEST	[GET] http://localhost:8984/accueil/1
20:11:08.209	0:0:0:0:0:0:0:1:64051	admin	200		46.4 ms
20:11:10.592	0:0:0:0:0:0:0:1:64051	admin	REQUEST	[GET] http://localhost:8984/gere-site
20:11:10.617	0:0:0:0:0:0:0:1:64051	admin	200		24.92 ms
20:11:36.997	0:0:0:0:0:0:0:1:64051	admin	REQUEST	[GET] http://localhost:8984/newFicheXml
20:11:37.017	0:0:0:0:0:0:0:1:64051	admin	200		19.82 ms
20:11:42.915	0:0:0:0:0:0:0:1:64051	admin	REQUEST	[GET] http://localhost:8984/new-fiche
20:11:42.997	0:0:0:0:0:0:0:1:64051	admin	200		82.04 ms
20:11:48.756	0:0:0:0:0:0:0:1:64051	admin	REQUEST	[POST] http://localhost:8984/saveNew
20:11:48.896	0:0:0:0:0:0:0:1:64051	admin	200		140.2 ms
20:11:48.898	0:0:0:0:0:0:0:1:64051	admin	REQUEST	[GET] http://localhost:8984/modif-13?message=Votre%20fiche%20a%20bien%20%C3%A9t%C3%A9%20sauv%C3%A9e
20:11:48.924	0:0:0:0:0:0:0:1:64051	admin	200		26.29 ms
20:11:56.288	0:0:0:0:0:0:0:1:64051	admin	REQUEST	[GET] http://localhost:8984/ftMark-13
20:11:56.889	0:0:0:0:0:0:0:1:64051	admin	200		601.25 ms
20:11:56.892	0:0:0:0:0:0:0:1:64051	admin	REQUEST	[GET] http://localhost:8984/modif-13
20:11:56.916	0:0:0:0:0:0:0:1:64051	admin	200		24.44 ms
20:12:06.279	0:0:0:0:0:0:0:1:64051	admin	REQUEST	[GET] http://localhost:8984/ftMark-13
20:12:06.310	0:0:0:0:0:0:0:1:64051	admin	200		31.26 ms
20:12:06.313	0:0:0:0:0:0:0:1:64051	admin	REQUEST	[GET] http://localhost:8984/modif-13
20:12:06.335	0:0:0:0:0:0:0:1:64051	admin	200		21.91 ms
20:12:12.832	0:0:0:0:0:0:0:1:64051	admin	REQUEST	[POST] http://localhost:8984/validate-xsd
20:12:12.847	0:0:0:0:0:0:0:1:64051	admin	200		14.66 ms
20:12:12.850	0:0:0:0:0:0:0:1:64051	admin	REQUEST	[POST] http://localhost:8984/saveFiche
20:12:12.870	0:0:0:0:0:0:0:1:64051	admin	200		20.17 ms
20:12:12.872	0:0:0:0:0:0:0:1:64051	admin	REQUEST	[GET] http://localhost:8984/modif-13?message=Votre%20fiche%20a%20bien%20%C3%A9t%C3%A9%20sauv%C3%A9e
20:12:12.896	0:0:0:0:0:0:0:1:64051	admin	200		24.52 ms
20:12:16.213	0:0:0:0:0:0:0:1:64051	admin	REQUEST	[GET] http://localhost:8984/ftMark-13
20:12:16.236	0:0:0:0:0:0:0:1:64051	admin	200		22.86 ms
20:12:16.238	0:0:0:0:0:0:0:1:64051	admin	REQUEST	[GET] http://localhost:8984/modif-13
20:12:16.267	0:0:0:0:0:0:0:1:64051	admin	200		28.89 ms
20:14:03.889	SERVER	admin	OK	Server was stopped (port: 1984).
20:14:03.889	SERVER	admin	OK	HTTP Server was stopped (port: 8984).
20:17:49.803	SERVER	admin	OK	Server was started (port: 1984).
20:17:49.844	SERVER	admin	OK	HTTP Server was started (port: 8984).
20:17:54.021	0:0:0:0:0:0:0:1:64150	admin	REQUEST	[GET] http://localhost:8984/newFicheXml
20:17:55.109	0:0:0:0:0:0:0:1:64150	admin	200		1088.38 ms
20:17:57.012	0:0:0:0:0:0:0:1:64150	admin	REQUEST	[GET] http://localhost:8984/login
20:17:57.059	0:0:0:0:0:0:0:1:64150	admin	200		46.83 ms
20:18:01.587	0:0:0:0:0:0:0:1:64150	admin	REQUEST	[POST] http://localhost:8984/logging
20:18:01.726	0:0:0:0:0:0:0:1:64150	admin	200		138.78 ms
20:18:01.728	0:0:0:0:0:0:0:1:64150	admin	REQUEST	[GET] http://localhost:8984/
20:18:01.746	0:0:0:0:0:0:0:1:64150	admin	200		18.21 ms
20:18:01.750	0:0:0:0:0:0:0:1:64150	admin	REQUEST	[GET] http://localhost:8984/accueil
20:18:01.766	0:0:0:0:0:0:0:1:64150	admin	200		16.58 ms
20:18:01.769	0:0:0:0:0:0:0:1:64150	admin	REQUEST	[GET] http://localhost:8984/accueil/1
20:18:01.816	0:0:0:0:0:0:0:1:64150	admin	200		46.82 ms
20:18:04.380	0:0:0:0:0:0:0:1:64150	admin	REQUEST	[GET] http://localhost:8984/newFicheXml
20:18:04.412	0:0:0:0:0:0:0:1:64150	admin	200		32.52 ms
20:18:06.024	0:0:0:0:0:0:0:1:64150	admin	REQUEST	[GET] http://localhost:8984/modifCh-
20:18:06.026	0:0:0:0:0:0:0:1:64150	admin	404	No function found that matches the request.	1.65 ms
20:18:06.027	0:0:0:0:0:0:0:1:64150	admin	REQUEST	[GET] http://localhost:8984/error404
20:18:06.064	0:0:0:0:0:0:0:1:64150	admin	200		37.04 ms
20:18:22.088	0:0:0:0:0:0:0:1:64150	admin	REQUEST	[GET] http://localhost:8984/rubrique/A/1
20:18:22.122	0:0:0:0:0:0:0:1:64150	admin	200		34.37 ms
20:18:23.439	0:0:0:0:0:0:0:1:64150	admin	REQUEST	[GET] http://localhost:8984/fiche/1
20:18:24.135	0:0:0:0:0:0:0:1:64150	admin	200		696.37 ms
20:18:24.182	0:0:0:0:0:0:0:1:64150	admin	REQUEST	[GET] http://localhost:8984/error404
20:18:24.227	0:0:0:0:0:0:0:1:64150	admin	200		46.01 ms
20:18:24.296	0:0:0:0:0:0:0:1:64152	admin	REQUEST	[GET] http://localhost:8984/fiche/static/CSS/04/system.css
20:18:24.331	0:0:0:0:0:0:0:1:64152	admin	200		35.39 ms
20:18:25.139	0:0:0:0:0:0:0:1:64150	admin	REQUEST	[GET] http://localhost:8984/modif-1
20:18:25.213	0:0:0:0:0:0:0:1:64150	admin	200		74.69 ms
