18:03:41.079	SERVER	admin	OK	Server was started (port: 1984).
18:03:41.137	SERVER	admin	OK	HTTP Server was started (port: 8984).
18:03:43.257	0:0:0:0:0:0:0:1:63188	admin	REQUEST	[GET] http://localhost:8984/
18:03:44.514	0:0:0:0:0:0:0:1:63188	admin	200		1258.1 ms
18:03:44.518	0:0:0:0:0:0:0:1:63188	admin	REQUEST	[GET] http://localhost:8984/masteradmin
18:03:44.858	0:0:0:0:0:0:0:1:63188	admin	200		340.87 ms
18:04:27.645	0:0:0:0:0:0:0:1:63188	admin	REQUEST	[POST] http://localhost:8984/maup
18:04:28.157	0:0:0:0:0:0:0:1:63188	admin	200		511.91 ms
18:04:28.160	0:0:0:0:0:0:0:1:63188	admin	REQUEST	[GET] http://localhost:8984/info?message=MasterAdminActivated
18:04:28.242	0:0:0:0:0:0:0:1:63188	admin	200		82.45 ms
18:04:29.478	0:0:0:0:0:0:0:1:63188	admin	REQUEST	[GET] http://localhost:8984/accueil
18:04:29.495	0:0:0:0:0:0:0:1:63188	admin	200		17.02 ms
18:04:29.498	0:0:0:0:0:0:0:1:63188	admin	REQUEST	[GET] http://localhost:8984/accueil/1
18:04:29.545	0:0:0:0:0:0:0:1:63188	admin	200		47.24 ms
18:04:31.135	0:0:0:0:0:0:0:1:63188	admin	REQUEST	[GET] http://localhost:8984/pageHTML-en-mainPageText
18:04:31.174	0:0:0:0:0:0:0:1:63188	admin	200		39.17 ms
18:04:32.696	0:0:0:0:0:0:0:1:63188	admin	REQUEST	[GET] http://localhost:8984/accueil
18:04:32.710	0:0:0:0:0:0:0:1:63188	admin	200		13.36 ms
18:04:32.712	0:0:0:0:0:0:0:1:63188	admin	REQUEST	[GET] http://localhost:8984/accueil/1
18:04:32.744	0:0:0:0:0:0:0:1:63188	admin	200		31.92 ms
18:04:33.935	0:0:0:0:0:0:0:1:63188	admin	REQUEST	[GET] http://localhost:8984/new-fiche
18:04:34.084	0:0:0:0:0:0:0:1:63188	admin	200		148.97 ms
18:04:38.649	0:0:0:0:0:0:0:1:63188	admin	REQUEST	[POST] http://localhost:8984/saveNew
18:04:38.719	0:0:0:0:0:0:0:1:63188	admin	200		70.44 ms
18:04:38.723	0:0:0:0:0:0:0:1:63188	admin	REQUEST	[GET] http://localhost:8984/modif-5?message=Votre%20fiche%20a%20bien%20%C3%A9t%C3%A9%20sauv%C3%A9e
18:04:38.801	0:0:0:0:0:0:0:1:63188	admin	200		78.6 ms
18:04:49.572	0:0:0:0:0:0:0:1:63188	admin	REQUEST	[POST] http://localhost:8984/validate-xsd
18:04:49.596	0:0:0:0:0:0:0:1:63188	admin	200		23.61 ms
18:04:49.600	0:0:0:0:0:0:0:1:63188	admin	REQUEST	[POST] http://localhost:8984/saveFiche
18:04:49.624	0:0:0:0:0:0:0:1:63188	admin	200		24.23 ms
18:04:49.626	0:0:0:0:0:0:0:1:63188	admin	REQUEST	[GET] http://localhost:8984/modif-5?message=Votre%20fiche%20a%20bien%20%C3%A9t%C3%A9%20sauv%C3%A9e
18:04:49.661	0:0:0:0:0:0:0:1:63188	admin	200		34.96 ms
18:04:54.352	0:0:0:0:0:0:0:1:63188	admin	REQUEST	[POST] http://localhost:8984/validate-xsd
18:04:54.373	0:0:0:0:0:0:0:1:63188	admin	200		21.56 ms
18:05:06.895	0:0:0:0:0:0:0:1:63188	admin	REQUEST	[POST] http://localhost:8984/validate-xsd
18:05:06.911	0:0:0:0:0:0:0:1:63188	admin	200		15.25 ms
18:05:06.914	0:0:0:0:0:0:0:1:63188	admin	REQUEST	[POST] http://localhost:8984/saveFiche
18:05:06.936	0:0:0:0:0:0:0:1:63188	admin	200		22.62 ms
18:05:06.938	0:0:0:0:0:0:0:1:63188	admin	REQUEST	[GET] http://localhost:8984/modif-5?message=Votre%20fiche%20a%20bien%20%C3%A9t%C3%A9%20sauv%C3%A9e
18:05:06.970	0:0:0:0:0:0:0:1:63188	admin	200		31.83 ms
18:05:09.957	0:0:0:0:0:0:0:1:63188	admin	REQUEST	[GET] http://localhost:8984/
18:05:09.967	0:0:0:0:0:0:0:1:63188	admin	200		9.98 ms
18:05:09.970	0:0:0:0:0:0:0:1:63188	admin	REQUEST	[GET] http://localhost:8984/accueil
18:05:09.978	0:0:0:0:0:0:0:1:63188	admin	200		9.01 ms
18:05:09.981	0:0:0:0:0:0:0:1:63188	admin	REQUEST	[GET] http://localhost:8984/accueil/1
18:05:10.018	0:0:0:0:0:0:0:1:63188	admin	200		36.95 ms
18:05:11.174	0:0:0:0:0:0:0:1:63188	admin	REQUEST	[GET] http://localhost:8984/rubrique/C/1
18:05:11.200	0:0:0:0:0:0:0:1:63188	admin	200		26.82 ms
18:05:12.241	0:0:0:0:0:0:0:1:63188	admin	REQUEST	[GET] http://localhost:8984/fiche/5
18:05:12.291	0:0:0:0:0:0:0:1:63188	admin	200		49.56 ms
18:05:12.313	0:0:0:0:0:0:0:1:63188	admin	REQUEST	[GET] http://localhost:8984/error404
18:05:12.335	0:0:0:0:0:0:0:1:63188	admin	200		22.53 ms
18:05:12.395	0:0:0:0:0:0:0:1:63188	admin	REQUEST	[GET] http://localhost:8984/fiche/static/CSS/04/system.css
18:05:12.420	0:0:0:0:0:0:0:1:63188	admin	200		25.05 ms
18:05:15.392	0:0:0:0:0:0:0:1:63188	admin	REQUEST	[GET] http://localhost:8984/fiche/3
18:05:15.417	0:0:0:0:0:0:0:1:63188	admin	200		24.44 ms
18:05:15.436	0:0:0:0:0:0:0:1:63188	admin	REQUEST	[GET] http://localhost:8984/error404
18:05:15.456	0:0:0:0:0:0:0:1:63188	admin	200		20.04 ms
18:05:15.474	0:0:0:0:0:0:0:1:63188	admin	REQUEST	[GET] http://localhost:8984/fiche/static/CSS/04/system.css
18:05:15.498	0:0:0:0:0:0:0:1:63188	admin	200		24.0 ms
18:05:16.661	0:0:0:0:0:0:0:1:63188	admin	REQUEST	[GET] http://localhost:8984/wdvhgj3
18:05:16.673	0:0:0:0:0:0:0:1:63188	admin	200		11.53 ms
18:05:16.675	0:0:0:0:0:0:0:1:63188	admin	REQUEST	[GET] http://localhost:8984/accueil
18:05:16.684	0:0:0:0:0:0:0:1:63188	admin	200		8.95 ms
18:05:16.687	0:0:0:0:0:0:0:1:63188	admin	REQUEST	[GET] http://localhost:8984/accueil/1
18:05:16.711	0:0:0:0:0:0:0:1:63188	admin	200		24.74 ms
18:05:18.529	0:0:0:0:0:0:0:1:63188	admin	REQUEST	[GET] http://localhost:8984/rubrique/C/1
18:05:18.550	0:0:0:0:0:0:0:1:63188	admin	200		21.21 ms
18:05:19.867	0:0:0:0:0:0:0:1:63188	admin	REQUEST	[GET] http://localhost:8984/accueil
18:05:19.876	0:0:0:0:0:0:0:1:63188	admin	200		8.97 ms
18:05:19.878	0:0:0:0:0:0:0:1:63188	admin	REQUEST	[GET] http://localhost:8984/accueil/1
18:05:19.900	0:0:0:0:0:0:0:1:63188	admin	200		21.58 ms
18:05:20.465	0:0:0:0:0:0:0:1:63188	admin	REQUEST	[GET] http://localhost:8984/categories
18:05:20.484	0:0:0:0:0:0:0:1:63188	admin	200		18.7 ms
18:05:20.936	0:0:0:0:0:0:0:1:63188	admin	REQUEST	[GET] http://localhost:8984/page/Links
18:05:20.979	0:0:0:0:0:0:0:1:63188	admin	200		43.59 ms
18:05:21.659	0:0:0:0:0:0:0:1:63188	admin	REQUEST	[GET] http://localhost:8984/page/How%20To
18:05:21.689	0:0:0:0:0:0:0:1:63188	admin	200		30.06 ms
18:05:22.051	0:0:0:0:0:0:0:1:63188	admin	REQUEST	[GET] http://localhost:8984/page/IsiCorpus
18:05:22.090	0:0:0:0:0:0:0:1:63188	admin	200		38.9 ms
18:05:22.446	0:0:0:0:0:0:0:1:63188	admin	REQUEST	[GET] http://localhost:8984/forum/FORUMISILEX
18:05:22.810	0:0:0:0:0:0:0:1:63188	admin	200		364.16 ms
18:05:22.855	0:0:0:0:0:0:0:1:63188	admin	REQUEST	[GET] http://localhost:8984/error404
18:05:22.872	0:0:0:0:0:0:0:1:63188	admin	200		17.82 ms
18:05:22.920	0:0:0:0:0:0:0:1:63188	admin	REQUEST	[GET] http://localhost:8984/forum/static/CSS/04/system.css
18:05:22.921	0:0:0:0:0:0:0:1:63188	admin	404	No function found that matches the request.	1.36 ms
18:05:22.921	0:0:0:0:0:0:0:1:63188	admin	REQUEST	[GET] http://localhost:8984/error404
18:05:22.938	0:0:0:0:0:0:0:1:63188	admin	200		17.07 ms
18:05:23.560	0:0:0:0:0:0:0:1:63188	admin	REQUEST	[GET] http://localhost:8984/readMail
18:05:23.561	0:0:0:0:0:0:0:1:63188	admin	404	No function found that matches the request.	0.91 ms
18:05:23.561	0:0:0:0:0:0:0:1:63188	admin	REQUEST	[GET] http://localhost:8984/error404
18:05:23.581	0:0:0:0:0:0:0:1:63188	admin	200		20.1 ms
18:05:26.946	0:0:0:0:0:0:0:1:63188	admin	REQUEST	[GET] http://localhost:8984/gere-site
18:05:26.973	0:0:0:0:0:0:0:1:63188	admin	200		26.76 ms
18:05:28.589	0:0:0:0:0:0:0:1:63188	admin	REQUEST	[GET] http://localhost:8984/gere-users
18:05:28.609	0:0:0:0:0:0:0:1:63188	admin	200		20.78 ms
18:05:30.607	0:0:0:0:0:0:0:1:63188	admin	REQUEST	[GET] http://localhost:8984/user/admin
18:05:30.624	0:0:0:0:0:0:0:1:63188	admin	200		16.86 ms
18:05:32.222	0:0:0:0:0:0:0:1:63188	admin	REQUEST	[GET] http://localhost:8984/fiche/4
18:05:32.242	0:0:0:0:0:0:0:1:63188	admin	200		20.66 ms
18:05:32.261	0:0:0:0:0:0:0:1:63188	admin	REQUEST	[GET] http://localhost:8984/error404
18:05:32.280	0:0:0:0:0:0:0:1:63188	admin	200		18.57 ms
18:05:32.328	0:0:0:0:0:0:0:1:63188	admin	REQUEST	[GET] http://localhost:8984/fiche/static/CSS/04/system.css
18:05:32.349	0:0:0:0:0:0:0:1:63188	admin	200		20.85 ms
18:05:33.235	0:0:0:0:0:0:0:1:63188	admin	REQUEST	[GET] http://localhost:8984/modif-4
18:05:33.259	0:0:0:0:0:0:0:1:63188	admin	200		24.05 ms
18:05:34.911	0:0:0:0:0:0:0:1:63188	admin	REQUEST	[GET] http://localhost:8984/
18:05:34.920	0:0:0:0:0:0:0:1:63188	admin	200		9.21 ms
18:05:34.923	0:0:0:0:0:0:0:1:63188	admin	REQUEST	[GET] http://localhost:8984/accueil
18:05:34.931	0:0:0:0:0:0:0:1:63188	admin	200		8.56 ms
18:05:34.934	0:0:0:0:0:0:0:1:63188	admin	REQUEST	[GET] http://localhost:8984/accueil/1
18:05:34.954	0:0:0:0:0:0:0:1:63188	admin	200		19.69 ms
18:05:36.596	0:0:0:0:0:0:0:1:63188	admin	REQUEST	[GET] http://localhost:8984/readMail
18:05:36.597	0:0:0:0:0:0:0:1:63188	admin	404	No function found that matches the request.	0.87 ms
18:05:36.597	0:0:0:0:0:0:0:1:63188	admin	REQUEST	[GET] http://localhost:8984/error404
18:05:36.613	0:0:0:0:0:0:0:1:63188	admin	200		16.01 ms
18:05:39.217	0:0:0:0:0:0:0:1:63188	admin	REQUEST	[GET] http://localhost:8984/readMail
18:05:39.218	0:0:0:0:0:0:0:1:63188	admin	404	No function found that matches the request.	0.87 ms
18:05:39.218	0:0:0:0:0:0:0:1:63188	admin	REQUEST	[GET] http://localhost:8984/error404
18:05:39.252	0:0:0:0:0:0:0:1:63188	admin	200		33.92 ms
18:05:40.309	0:0:0:0:0:0:0:1:63188	admin	REQUEST	[GET] http://localhost:8984/readMail
18:05:40.309	0:0:0:0:0:0:0:1:63188	admin	404	No function found that matches the request.	0.82 ms
18:05:40.309	0:0:0:0:0:0:0:1:63188	admin	REQUEST	[GET] http://localhost:8984/error404
18:05:40.326	0:0:0:0:0:0:0:1:63188	admin	200		16.28 ms
18:06:58.149	0:0:0:0:0:0:0:1:63227	admin	REQUEST	[GET] http://localhost:8984/accueil
18:06:58.158	0:0:0:0:0:0:0:1:63227	admin	200		9.31 ms
18:06:58.161	0:0:0:0:0:0:0:1:63227	admin	REQUEST	[GET] http://localhost:8984/accueil/1
18:06:58.179	0:0:0:0:0:0:0:1:63227	admin	200		18.9 ms
18:07:00.344	0:0:0:0:0:0:0:1:63227	admin	REQUEST	[GET] http://localhost:8984/logout
18:07:00.355	0:0:0:0:0:0:0:1:63227	admin	200		11.23 ms
18:07:00.357	0:0:0:0:0:0:0:1:63227	admin	REQUEST	[GET] http://localhost:8984/
18:07:00.366	0:0:0:0:0:0:0:1:63227	admin	200		8.81 ms
18:07:00.368	0:0:0:0:0:0:0:1:63227	admin	REQUEST	[GET] http://localhost:8984/accueil
18:07:00.377	0:0:0:0:0:0:0:1:63227	admin	200		8.62 ms
18:07:00.379	0:0:0:0:0:0:0:1:63227	admin	REQUEST	[GET] http://localhost:8984/accueil/1
18:07:00.398	0:0:0:0:0:0:0:1:63227	admin	200		18.28 ms
18:07:02.300	0:0:0:0:0:0:0:1:63227	admin	REQUEST	[GET] http://localhost:8984/login
18:07:02.316	0:0:0:0:0:0:0:1:63227	admin	200		15.94 ms
18:07:18.261	0:0:0:0:0:0:0:1:63227	admin	REQUEST	[POST] http://localhost:8984/logging
18:07:18.273	0:0:0:0:0:0:0:1:63227	admin	200		11.95 ms
18:07:18.275	0:0:0:0:0:0:0:1:63227	admin	REQUEST	[GET] http://localhost:8984/
18:07:18.284	0:0:0:0:0:0:0:1:63227	admin	200		8.69 ms
18:07:18.286	0:0:0:0:0:0:0:1:63227	admin	REQUEST	[GET] http://localhost:8984/accueil
18:07:18.294	0:0:0:0:0:0:0:1:63227	admin	200		8.21 ms
18:07:18.297	0:0:0:0:0:0:0:1:63227	admin	REQUEST	[GET] http://localhost:8984/accueil/1
18:07:18.315	0:0:0:0:0:0:0:1:63227	admin	200		18.57 ms
18:07:20.906	0:0:0:0:0:0:0:1:63227	admin	REQUEST	[GET] http://localhost:8984/alphabetC-off
18:07:20.946	0:0:0:0:0:0:0:1:63227	admin	200		39.85 ms
18:07:20.952	0:0:0:0:0:0:0:1:63227	admin	REQUEST	[GET] http://localhost:8984/accueil/1
18:07:20.987	0:0:0:0:0:0:0:1:63227	admin	200		34.77 ms
18:07:23.561	0:0:0:0:0:0:0:1:63227	admin	REQUEST	[GET] http://localhost:8984/accueil
18:07:23.570	0:0:0:0:0:0:0:1:63227	admin	200		8.19 ms
18:07:23.572	0:0:0:0:0:0:0:1:63227	admin	REQUEST	[GET] http://localhost:8984/accueil/1
18:07:23.604	0:0:0:0:0:0:0:1:63227	admin	200		31.68 ms
18:07:25.542	0:0:0:0:0:0:0:1:63227	admin	REQUEST	[GET] http://localhost:8984/alphabetC-on
18:07:25.558	0:0:0:0:0:0:0:1:63227	admin	200		16.19 ms
18:07:25.560	0:0:0:0:0:0:0:1:63227	admin	REQUEST	[GET] http://localhost:8984/accueil/1
18:07:25.578	0:0:0:0:0:0:0:1:63227	admin	200		17.62 ms
18:07:27.589	0:0:0:0:0:0:0:1:63227	admin	REQUEST	[GET] http://localhost:8984/readMail
18:07:27.590	0:0:0:0:0:0:0:1:63227	admin	404	No function found that matches the request.	0.8 ms
18:07:27.590	0:0:0:0:0:0:0:1:63227	admin	REQUEST	[GET] http://localhost:8984/error404
18:07:27.605	0:0:0:0:0:0:0:1:63227	admin	200		15.2 ms
18:07:33.968	0:0:0:0:0:0:0:1:63227	admin	REQUEST	[GET] http://localhost:8984/user/admin
18:07:33.983	0:0:0:0:0:0:0:1:63227	admin	200		15.21 ms
18:07:36.850	0:0:0:0:0:0:0:1:63227	admin	REQUEST	[GET] http://localhost:8984/newFicheXml
18:07:36.863	0:0:0:0:0:0:0:1:63227	admin	200		13.18 ms
18:07:39.718	0:0:0:0:0:0:0:1:63227	admin	REQUEST	[POST] http://localhost:8984/validate-xsd
18:07:39.732	0:0:0:0:0:0:0:1:63227	admin	200		14.8 ms
18:07:39.747	0:0:0:0:0:0:0:1:63227	admin	REQUEST	[POST] http://localhost:8984/saveNew
18:07:39.763	0:0:0:0:0:0:0:1:63227	admin	200		16.28 ms
18:07:39.766	0:0:0:0:0:0:0:1:63227	admin	REQUEST	[GET] http://localhost:8984/modif-6?message=Votre%20fiche%20a%20bien%20%C3%A9t%C3%A9%20sauv%C3%A9e
18:07:39.788	0:0:0:0:0:0:0:1:63227	admin	200		22.12 ms
18:07:43.251	0:0:0:0:0:0:0:1:63227	admin	REQUEST	[GET] http://localhost:8984/
18:07:43.259	0:0:0:0:0:0:0:1:63227	admin	200		8.56 ms
18:07:43.262	0:0:0:0:0:0:0:1:63227	admin	REQUEST	[GET] http://localhost:8984/accueil
18:07:43.270	0:0:0:0:0:0:0:1:63227	admin	200		7.82 ms
18:07:43.272	0:0:0:0:0:0:0:1:63227	admin	REQUEST	[GET] http://localhost:8984/accueil/1
18:07:43.290	0:0:0:0:0:0:0:1:63227	admin	200		17.69 ms
18:08:07.032	0:0:0:0:0:0:0:1:63227	admin	REQUEST	[GET] http://localhost:8984/gere-site
18:08:07.053	0:0:0:0:0:0:0:1:63227	admin	200		21.23 ms
18:11:44.548	0:0:0:0:0:0:0:1:63326	admin	REQUEST	[GET] http://localhost:8984/gere-site
18:11:45.114	0:0:0:0:0:0:0:1:63326	admin	200		566.19 ms
18:11:46.510	0:0:0:0:0:0:0:1:63326	admin	REQUEST	[GET] http://localhost:8984/gere-site
18:11:46.533	0:0:0:0:0:0:0:1:63326	admin	200		22.26 ms
18:11:59.796	0:0:0:0:0:0:0:1:63326	admin	REQUEST	[GET] http://localhost:8984/gere-site
18:11:59.828	0:0:0:0:0:0:0:1:63326	admin	200		31.98 ms
18:12:00.653	0:0:0:0:0:0:0:1:63326	admin	REQUEST	[GET] http://localhost:8984/gere-site
18:12:00.676	0:0:0:0:0:0:0:1:63326	admin	200		22.47 ms
18:12:13.938	0:0:0:0:0:0:0:1:63326	admin	REQUEST	[GET] http://localhost:8984/gere-site
18:12:13.959	0:0:0:0:0:0:0:1:63326	admin	200		21.32 ms
18:12:29.013	0:0:0:0:0:0:0:1:63326	admin	REQUEST	[GET] http://localhost:8984/gere-site
18:12:29.013	0:0:0:0:0:0:0:1:63326	admin	404	RESTXQ directory not found.	0.29 ms
18:12:29.013	0:0:0:0:0:0:0:1:63326	admin	REQUEST	[GET] http://localhost:8984/error404
18:12:29.013	0:0:0:0:0:0:0:1:63326	admin	404	RESTXQ directory not found.	0.11 ms
18:12:33.693	0:0:0:0:0:0:0:1:63326	admin	REQUEST	[GET] http://localhost:8984/gere-site
18:12:34.000	0:0:0:0:0:0:0:1:63326	admin	200		307.68 ms
18:12:45.620	0:0:0:0:0:0:0:1:63326	admin	REQUEST	[GET] http://localhost:8984/gere-site
18:12:45.620	0:0:0:0:0:0:0:1:63326	admin	404	No function found that matches the request.	0.78 ms
18:12:45.620	0:0:0:0:0:0:0:1:63326	admin	REQUEST	[GET] http://localhost:8984/error404
18:12:45.660	0:0:0:0:0:0:0:1:63326	admin	200		39.99 ms
18:12:51.423	0:0:0:0:0:0:0:1:63326	admin	REQUEST	[GET] http://localhost:8984/gere-site
18:12:51.454	0:0:0:0:0:0:0:1:63326	admin	200		30.43 ms
18:13:08.714	0:0:0:0:0:0:0:1:63326	admin	REQUEST	[GET] http://localhost:8984/gere-site
18:13:08.741	0:0:0:0:0:0:0:1:63326	admin	200		27.28 ms
18:13:19.237	0:0:0:0:0:0:0:1:63326	admin	REQUEST	[GET] http://localhost:8984/gere-users
18:13:19.254	0:0:0:0:0:0:0:1:63326	admin	200		16.6 ms
18:13:20.259	0:0:0:0:0:0:0:1:63326	admin	REQUEST	[GET] http://localhost:8984/user/admin
18:13:20.578	0:0:0:0:0:0:0:1:63326	admin	200		318.6 ms
18:13:21.890	0:0:0:0:0:0:0:1:63326	admin	REQUEST	[GET] http://localhost:8984/gere-site
18:13:21.908	0:0:0:0:0:0:0:1:63326	admin	200		18.46 ms
18:13:23.789	0:0:0:0:0:0:0:1:63326	admin	REQUEST	[GET] http://localhost:8984/logout
18:13:23.857	0:0:0:0:0:0:0:1:63326	admin	200		68.84 ms
18:13:23.860	0:0:0:0:0:0:0:1:63326	admin	REQUEST	[GET] http://localhost:8984/
18:13:23.882	0:0:0:0:0:0:0:1:63326	admin	200		22.56 ms
18:13:23.885	0:0:0:0:0:0:0:1:63326	admin	REQUEST	[GET] http://localhost:8984/accueil
18:13:23.898	0:0:0:0:0:0:0:1:63326	admin	200		13.5 ms
18:13:23.901	0:0:0:0:0:0:0:1:63326	admin	REQUEST	[GET] http://localhost:8984/accueil/1
18:13:23.954	0:0:0:0:0:0:0:1:63326	admin	200		53.21 ms
18:13:26.604	0:0:0:0:0:0:0:1:63326	admin	REQUEST	[GET] http://localhost:8984/login
18:13:26.620	0:0:0:0:0:0:0:1:63326	admin	200		16.01 ms
18:14:15.070	0:0:0:0:0:0:0:1:63380	admin	REQUEST	[GET] http://localhost:8984/login
18:14:15.085	0:0:0:0:0:0:0:1:63380	admin	200		15.71 ms
18:14:17.148	0:0:0:0:0:0:0:1:63380	admin	REQUEST	[GET] http://localhost:8984/login
18:14:17.164	0:0:0:0:0:0:0:1:63380	admin	200		15.88 ms
18:14:21.949	0:0:0:0:0:0:0:1:63380	admin	REQUEST	[POST] http://localhost:8984/logging
18:14:21.959	0:0:0:0:0:0:0:1:63380	admin	200		10.04 ms
18:14:21.961	0:0:0:0:0:0:0:1:63380	admin	REQUEST	[GET] http://localhost:8984/
18:14:21.969	0:0:0:0:0:0:0:1:63380	admin	200		8.27 ms
18:14:21.972	0:0:0:0:0:0:0:1:63380	admin	REQUEST	[GET] http://localhost:8984/accueil
18:14:21.980	0:0:0:0:0:0:0:1:63380	admin	200		8.06 ms
18:14:21.982	0:0:0:0:0:0:0:1:63380	admin	REQUEST	[GET] http://localhost:8984/accueil/1
18:14:22.016	0:0:0:0:0:0:0:1:63380	admin	200		34.21 ms
18:14:23.934	0:0:0:0:0:0:0:1:63380	admin	REQUEST	[GET] http://localhost:8984/readMail
18:14:23.934	0:0:0:0:0:0:0:1:63380	admin	404	No function found that matches the request.	0.79 ms
18:14:23.935	0:0:0:0:0:0:0:1:63380	admin	REQUEST	[GET] http://localhost:8984/error404
18:14:23.976	0:0:0:0:0:0:0:1:63380	admin	200		41.85 ms
18:14:26.897	0:0:0:0:0:0:0:1:63380	admin	REQUEST	[GET] http://localhost:8984/readMail
18:14:26.898	0:0:0:0:0:0:0:1:63380	admin	404	No function found that matches the request.	1.09 ms
18:14:26.899	0:0:0:0:0:0:0:1:63380	admin	REQUEST	[GET] http://localhost:8984/error404
18:14:26.914	0:0:0:0:0:0:0:1:63380	admin	200		15.2 ms
18:14:27.635	0:0:0:0:0:0:0:1:63380	admin	REQUEST	[GET] http://localhost:8984/readMail
18:14:27.635	0:0:0:0:0:0:0:1:63380	admin	404	No function found that matches the request.	0.82 ms
18:14:27.635	0:0:0:0:0:0:0:1:63380	admin	REQUEST	[GET] http://localhost:8984/error404
18:14:27.650	0:0:0:0:0:0:0:1:63380	admin	200		14.38 ms
18:14:28.263	0:0:0:0:0:0:0:1:63380	admin	REQUEST	[GET] http://localhost:8984/readMail
18:14:28.264	0:0:0:0:0:0:0:1:63380	admin	404	No function found that matches the request.	0.79 ms
18:14:28.264	0:0:0:0:0:0:0:1:63380	admin	REQUEST	[GET] http://localhost:8984/error404
18:14:28.278	0:0:0:0:0:0:0:1:63380	admin	200		14.31 ms
18:14:29.695	0:0:0:0:0:0:0:1:63380	admin	REQUEST	[GET] http://localhost:8984/gere-site
18:14:29.713	0:0:0:0:0:0:0:1:63380	admin	200		18.46 ms
18:14:32.068	0:0:0:0:0:0:0:1:63380	admin	REQUEST	[GET] http://localhost:8984/gere-users
18:14:32.083	0:0:0:0:0:0:0:1:63380	admin	200		16.05 ms
18:14:33.418	0:0:0:0:0:0:0:1:63380	admin	REQUEST	[GET] http://localhost:8984/
18:14:33.433	0:0:0:0:0:0:0:1:63380	admin	200		15.51 ms
18:14:33.436	0:0:0:0:0:0:0:1:63380	admin	REQUEST	[GET] http://localhost:8984/accueil
18:14:33.443	0:0:0:0:0:0:0:1:63380	admin	200		7.71 ms
18:14:33.446	0:0:0:0:0:0:0:1:63380	admin	REQUEST	[GET] http://localhost:8984/accueil/1
18:14:33.463	0:0:0:0:0:0:0:1:63380	admin	200		17.44 ms
18:14:34.912	0:0:0:0:0:0:0:1:63380	admin	REQUEST	[GET] http://localhost:8984/accueil
18:14:34.920	0:0:0:0:0:0:0:1:63380	admin	200		8.71 ms
18:14:34.923	0:0:0:0:0:0:0:1:63380	admin	REQUEST	[GET] http://localhost:8984/accueil/1
18:14:34.939	0:0:0:0:0:0:0:1:63380	admin	200		16.8 ms
18:14:35.669	0:0:0:0:0:0:0:1:63380	admin	REQUEST	[GET] http://localhost:8984/pageHTML-en-mainPageText
18:14:35.940	0:0:0:0:0:0:0:1:63380	admin	200		271.46 ms
18:14:37.331	0:0:0:0:0:0:0:1:63380	admin	REQUEST	[GET] http://localhost:8984/accueil
18:14:37.340	0:0:0:0:0:0:0:1:63380	admin	200		8.75 ms
18:14:37.342	0:0:0:0:0:0:0:1:63380	admin	REQUEST	[GET] http://localhost:8984/accueil/1
18:14:37.360	0:0:0:0:0:0:0:1:63380	admin	200		17.31 ms
18:14:39.057	0:0:0:0:0:0:0:1:63380	admin	REQUEST	[POST] http://localhost:8984/change-lang
18:14:39.067	0:0:0:0:0:0:0:1:63380	admin	200		10.22 ms
18:14:39.070	0:0:0:0:0:0:0:1:63380	admin	REQUEST	[GET] http://localhost:8984/accueil/1
18:14:39.087	0:0:0:0:0:0:0:1:63380	admin	200		16.97 ms
18:14:42.529	0:0:0:0:0:0:0:1:63380	admin	REQUEST	[GET] http://localhost:8984/readMail
18:14:42.530	0:0:0:0:0:0:0:1:63380	admin	404	No function found that matches the request.	0.76 ms
18:14:42.530	0:0:0:0:0:0:0:1:63380	admin	REQUEST	[GET] http://localhost:8984/error404
18:14:42.544	0:0:0:0:0:0:0:1:63380	admin	200		14.58 ms
18:15:03.927	0:0:0:0:0:0:0:1:63380	admin	REQUEST	[GET] http://localhost:8984/readMail
18:15:03.927	0:0:0:0:0:0:0:1:63380	admin	404	No function found that matches the request.	0.82 ms
18:15:03.927	0:0:0:0:0:0:0:1:63380	admin	REQUEST	[GET] http://localhost:8984/error404
18:15:03.941	0:0:0:0:0:0:0:1:63380	admin	200		13.99 ms
18:15:06.267	0:0:0:0:0:0:0:1:63380	admin	REQUEST	[GET] http://localhost:8984/gere-site
18:15:06.285	0:0:0:0:0:0:0:1:63380	admin	200		18.7 ms
18:15:12.727	0:0:0:0:0:0:0:1:63380	admin	REQUEST	[GET] http://localhost:8984/newFicheXml
18:15:12.785	0:0:0:0:0:0:0:1:63380	admin	200		59.03 ms
18:15:13.973	0:0:0:0:0:0:0:1:63380	admin	REQUEST	[POST] http://localhost:8984/validate-xsd
18:15:14.019	0:0:0:0:0:0:0:1:63380	admin	200		45.53 ms
18:15:14.034	0:0:0:0:0:0:0:1:63380	admin	REQUEST	[POST] http://localhost:8984/saveNew
18:15:14.055	0:0:0:0:0:0:0:1:63380	admin	200		21.41 ms
18:15:14.058	0:0:0:0:0:0:0:1:63380	admin	REQUEST	[GET] http://localhost:8984/modif-7?message=Votre%20fiche%20a%20bien%20%C3%A9t%C3%A9%20sauv%C3%A9e
18:15:14.081	0:0:0:0:0:0:0:1:63380	admin	200		23.34 ms
18:15:18.125	0:0:0:0:0:0:0:1:63380	admin	REQUEST	[GET] http://localhost:8984/
18:15:18.133	0:0:0:0:0:0:0:1:63380	admin	200		8.21 ms
18:15:18.135	0:0:0:0:0:0:0:1:63380	admin	REQUEST	[GET] http://localhost:8984/accueil
18:15:18.143	0:0:0:0:0:0:0:1:63380	admin	200		7.55 ms
18:15:18.145	0:0:0:0:0:0:0:1:63380	admin	REQUEST	[GET] http://localhost:8984/accueil/1
18:15:18.161	0:0:0:0:0:0:0:1:63380	admin	200		16.03 ms
18:15:19.341	0:0:0:0:0:0:0:1:63380	admin	REQUEST	[GET] http://localhost:8984/rubrique/O/1
18:15:19.358	0:0:0:0:0:0:0:1:63380	admin	200		17.15 ms
18:15:21.017	0:0:0:0:0:0:0:1:63380	admin	REQUEST	[GET] http://localhost:8984/fiche/6
18:15:21.061	0:0:0:0:0:0:0:1:63380	admin	200		44.17 ms
18:15:21.082	0:0:0:0:0:0:0:1:63380	admin	REQUEST	[GET] http://localhost:8984/error404
18:15:21.097	0:0:0:0:0:0:0:1:63380	admin	200		15.64 ms
18:15:21.125	0:0:0:0:0:0:0:1:63380	admin	REQUEST	[GET] http://localhost:8984/fiche/static/CSS/04/system.css
18:15:21.143	0:0:0:0:0:0:0:1:63380	admin	200		17.91 ms
18:15:22.106	0:0:0:0:0:0:0:1:63380	admin	REQUEST	[GET] http://localhost:8984/wdvhgj6
18:15:22.116	0:0:0:0:0:0:0:1:63380	admin	200		9.41 ms
18:15:22.118	0:0:0:0:0:0:0:1:63380	admin	REQUEST	[GET] http://localhost:8984/accueil
18:15:22.126	0:0:0:0:0:0:0:1:63380	admin	200		8.05 ms
18:15:22.129	0:0:0:0:0:0:0:1:63380	admin	REQUEST	[GET] http://localhost:8984/accueil/1
18:15:22.146	0:0:0:0:0:0:0:1:63380	admin	200		17.12 ms
18:15:24.885	0:0:0:0:0:0:0:1:63380	admin	REQUEST	[GET] http://localhost:8984/accueil
18:15:24.893	0:0:0:0:0:0:0:1:63380	admin	200		8.28 ms
18:15:24.895	0:0:0:0:0:0:0:1:63380	admin	REQUEST	[GET] http://localhost:8984/accueil/1
18:15:24.912	0:0:0:0:0:0:0:1:63380	admin	200		16.46 ms
18:15:26.078	0:0:0:0:0:0:0:1:63380	admin	REQUEST	[GET] http://localhost:8984/gere-site
18:15:26.101	0:0:0:0:0:0:0:1:63380	admin	200		23.26 ms
18:15:32.771	0:0:0:0:0:0:0:1:63380	admin	REQUEST	[GET] http://localhost:8984/isilexPremium-Exporter%20des%20fiches%20XML%20par%20lots%20au%20format%20Word
18:15:32.786	0:0:0:0:0:0:0:1:63380	admin	200		15.25 ms
18:15:40.389	0:0:0:0:0:0:0:1:63380	admin	REQUEST	[GET] http://localhost:8984/isilexPremium-Parametrage%20fin
18:15:40.404	0:0:0:0:0:0:0:1:63380	admin	200		15.21 ms
18:15:41.917	0:0:0:0:0:0:0:1:63380	admin	REQUEST	[GET] http://localhost:8984/accueil
18:15:41.925	0:0:0:0:0:0:0:1:63380	admin	200		7.68 ms
18:15:41.927	0:0:0:0:0:0:0:1:63380	admin	REQUEST	[GET] http://localhost:8984/accueil/1
18:15:41.944	0:0:0:0:0:0:0:1:63380	admin	200		16.65 ms
18:15:43.763	0:0:0:0:0:0:0:1:63380	admin	REQUEST	[GET] http://localhost:8984/alphabetC-off
18:15:44.070	0:0:0:0:0:0:0:1:63380	admin	200		307.04 ms
18:15:44.072	0:0:0:0:0:0:0:1:63380	admin	REQUEST	[GET] http://localhost:8984/accueil/1
18:15:44.100	0:0:0:0:0:0:0:1:63380	admin	200		27.91 ms
18:15:45.517	0:0:0:0:0:0:0:1:63380	admin	REQUEST	[GET] http://localhost:8984/accueil
18:15:45.525	0:0:0:0:0:0:0:1:63380	admin	200		7.93 ms
18:15:45.527	0:0:0:0:0:0:0:1:63380	admin	REQUEST	[GET] http://localhost:8984/accueil/1
18:15:45.554	0:0:0:0:0:0:0:1:63380	admin	200		26.71 ms
18:15:47.576	0:0:0:0:0:0:0:1:63380	admin	REQUEST	[GET] http://localhost:8984/alphabetC-on
18:15:47.585	0:0:0:0:0:0:0:1:63380	admin	200		9.45 ms
18:15:47.588	0:0:0:0:0:0:0:1:63380	admin	REQUEST	[GET] http://localhost:8984/accueil/1
18:15:47.604	0:0:0:0:0:0:0:1:63380	admin	200		16.34 ms
18:17:09.402	0:0:0:0:0:0:0:1:63422	admin	REQUEST	[GET] http://localhost:8984/rubrique/R/1
18:17:09.418	0:0:0:0:0:0:0:1:63422	admin	200		15.84 ms
18:17:10.863	0:0:0:0:0:0:0:1:63422	admin	REQUEST	[GET] http://localhost:8984/rubrique/H/1
18:17:10.883	0:0:0:0:0:0:0:1:63422	admin	200		20.65 ms
18:17:11.864	0:0:0:0:0:0:0:1:63422	admin	REQUEST	[GET] http://localhost:8984/rubrique/A/1
18:17:11.880	0:0:0:0:0:0:0:1:63422	admin	200		15.72 ms
18:17:13.281	0:0:0:0:0:0:0:1:63422	admin	REQUEST	[GET] http://localhost:8984/fiche/1
18:17:13.339	0:0:0:0:0:0:0:1:63422	admin	200		58.42 ms
18:17:13.359	0:0:0:0:0:0:0:1:63422	admin	REQUEST	[GET] http://localhost:8984/error404
18:17:13.375	0:0:0:0:0:0:0:1:63422	admin	200		16.14 ms
18:17:13.436	0:0:0:0:0:0:0:1:63422	admin	REQUEST	[GET] http://localhost:8984/fiche/static/CSS/04/system.css
18:17:13.453	0:0:0:0:0:0:0:1:63422	admin	200		17.11 ms
18:17:19.388	0:0:0:0:0:0:0:1:63422	admin	REQUEST	[GET] http://localhost:8984/forum/FORUMISILEX
18:17:19.433	0:0:0:0:0:0:0:1:63422	admin	200		44.72 ms
18:17:19.453	0:0:0:0:0:0:0:1:63422	admin	REQUEST	[GET] http://localhost:8984/error404
18:17:19.468	0:0:0:0:0:0:0:1:63422	admin	200		15.2 ms
18:17:19.494	0:0:0:0:0:0:0:1:63422	admin	REQUEST	[GET] http://localhost:8984/forum/static/CSS/04/system.css
18:17:19.494	0:0:0:0:0:0:0:1:63422	admin	404	No function found that matches the request.	0.8 ms
18:17:19.495	0:0:0:0:0:0:0:1:63422	admin	REQUEST	[GET] http://localhost:8984/error404
18:17:19.509	0:0:0:0:0:0:0:1:63422	admin	200		14.95 ms
18:17:20.401	0:0:0:0:0:0:0:1:63422	admin	REQUEST	[GET] http://localhost:8984/accueil
18:17:20.408	0:0:0:0:0:0:0:1:63422	admin	200		7.69 ms
18:17:20.411	0:0:0:0:0:0:0:1:63422	admin	REQUEST	[GET] http://localhost:8984/accueil/1
18:17:20.427	0:0:0:0:0:0:0:1:63422	admin	200		15.9 ms
18:17:22.538	0:0:0:0:0:0:0:1:63422	admin	REQUEST	[GET] http://localhost:8984/readMail
18:17:22.539	0:0:0:0:0:0:0:1:63422	admin	404	No function found that matches the request.	0.76 ms
18:17:22.539	0:0:0:0:0:0:0:1:63422	admin	REQUEST	[GET] http://localhost:8984/error404
18:17:22.552	0:0:0:0:0:0:0:1:63422	admin	200		13.43 ms
18:17:25.812	0:0:0:0:0:0:0:1:63422	admin	REQUEST	[GET] http://localhost:8984/accueil
18:17:25.819	0:0:0:0:0:0:0:1:63422	admin	200		7.69 ms
18:17:25.822	0:0:0:0:0:0:0:1:63422	admin	REQUEST	[GET] http://localhost:8984/accueil/1
18:17:25.838	0:0:0:0:0:0:0:1:63422	admin	200		16.15 ms
18:17:28.096	0:0:0:0:0:0:0:1:63422	admin	REQUEST	[GET] http://localhost:8984/gere-site
18:17:28.119	0:0:0:0:0:0:0:1:63422	admin	200		22.89 ms
18:17:31.056	0:0:0:0:0:0:0:1:63422	admin	REQUEST	[GET] http://localhost:8984/isilexPremium-Esportation%20Word%20et%20PDF
18:17:31.072	0:0:0:0:0:0:0:1:63422	admin	200		15.69 ms
18:18:10.033	0:0:0:0:0:0:0:1:63437	admin	REQUEST	[GET] http://localhost:8984/isilexPremium-Esportation%20Word%20et%20PDF
18:18:10.049	0:0:0:0:0:0:0:1:63437	admin	200		15.75 ms
18:18:11.354	0:0:0:0:0:0:0:1:63437	admin	REQUEST	[GET] http://localhost:8984/isilexPremium-Messagerie
18:18:11.369	0:0:0:0:0:0:0:1:63437	admin	200		15.17 ms
18:20:10.222	0:0:0:0:0:0:0:1:63471	admin	REQUEST	[GET] http://localhost:8984/accueil
18:20:10.230	0:0:0:0:0:0:0:1:63471	admin	200		8.98 ms
18:20:10.233	0:0:0:0:0:0:0:1:63471	admin	REQUEST	[GET] http://localhost:8984/accueil/1
18:20:10.249	0:0:0:0:0:0:0:1:63471	admin	200		16.08 ms
18:20:10.987	0:0:0:0:0:0:0:1:63471	admin	REQUEST	[GET] http://localhost:8984/categories
18:20:11.001	0:0:0:0:0:0:0:1:63471	admin	200		14.26 ms
18:20:11.729	0:0:0:0:0:0:0:1:63471	admin	REQUEST	[GET] http://localhost:8984/page/Liens
18:20:11.778	0:0:0:0:0:0:0:1:63471	admin	200		49.28 ms
18:20:12.607	0:0:0:0:0:0:0:1:63471	admin	REQUEST	[GET] http://localhost:8984/page/How%20To
18:20:12.624	0:0:0:0:0:0:0:1:63471	admin	200		16.81 ms
18:20:13.057	0:0:0:0:0:0:0:1:63471	admin	REQUEST	[GET] http://localhost:8984/page/IsiCorpus
18:20:13.071	0:0:0:0:0:0:0:1:63471	admin	200		14.04 ms
18:20:29.064	0:0:0:0:0:0:0:1:63483	admin	REQUEST	[GET] http://localhost:8984/page/IsiCorpus
18:20:29.078	0:0:0:0:0:0:0:1:63483	admin	200		13.69 ms
18:20:31.980	0:0:0:0:0:0:0:1:63483	admin	REQUEST	[GET] http://localhost:8984/accueil
18:20:31.989	0:0:0:0:0:0:0:1:63483	admin	200		8.75 ms
18:20:31.990	0:0:0:0:0:0:0:1:63483	admin	REQUEST	[GET] http://localhost:8984/accueil/1
18:20:32.005	0:0:0:0:0:0:0:1:63483	admin	200		15.26 ms
18:20:33.678	0:0:0:0:0:0:0:1:63483	admin	REQUEST	[GET] http://localhost:8984/login
18:20:33.697	0:0:0:0:0:0:0:1:63483	admin	200		18.85 ms
18:20:38.048	0:0:0:0:0:0:0:1:63483	admin	REQUEST	[POST] http://localhost:8984/logging
18:20:38.056	0:0:0:0:0:0:0:1:63483	admin	200		8.25 ms
18:20:38.062	0:0:0:0:0:0:0:1:63483	admin	REQUEST	[GET] http://localhost:8984/login?message=Failed!
18:20:38.076	0:0:0:0:0:0:0:1:63483	admin	200		13.98 ms
18:20:41.798	0:0:0:0:0:0:0:1:63483	admin	REQUEST	[POST] http://localhost:8984/logging
18:20:41.806	0:0:0:0:0:0:0:1:63483	admin	200		7.97 ms
18:20:41.811	0:0:0:0:0:0:0:1:63483	admin	REQUEST	[GET] http://localhost:8984/login?message=Failed!
18:20:41.826	0:0:0:0:0:0:0:1:63483	admin	200		14.28 ms
18:20:47.431	0:0:0:0:0:0:0:1:63483	admin	REQUEST	[POST] http://localhost:8984/logging
18:20:47.441	0:0:0:0:0:0:0:1:63483	admin	200		9.84 ms
18:20:47.445	0:0:0:0:0:0:0:1:63483	admin	REQUEST	[GET] http://localhost:8984/
18:20:47.487	0:0:0:0:0:0:0:1:63483	admin	200		42.65 ms
18:20:47.494	0:0:0:0:0:0:0:1:63483	admin	REQUEST	[GET] http://localhost:8984/accueil
18:20:47.502	0:0:0:0:0:0:0:1:63483	admin	200		7.93 ms
18:20:47.511	0:0:0:0:0:0:0:1:63483	admin	REQUEST	[GET] http://localhost:8984/accueil/1
18:20:47.527	0:0:0:0:0:0:0:1:63483	admin	200		16.1 ms
18:23:18.532	0:0:0:0:0:0:0:1:63620	admin	REQUEST	[GET] http://localhost:8984/pageHTML-fr-IsiCorpus
18:23:18.547	0:0:0:0:0:0:0:1:63620	admin	200		15.32 ms
18:23:24.679	0:0:0:0:0:0:0:1:63620	admin	REQUEST	[GET] http://localhost:8984/login
18:23:24.692	0:0:0:0:0:0:0:1:63620	admin	200		13.78 ms
18:28:24.758	0:0:0:0:0:0:0:1:63746	admin	REQUEST	[GET] http://localhost:8984/login
18:28:24.994	0:0:0:0:0:0:0:1:63746	admin	200		235.92 ms
18:30:43.538	0:0:0:0:0:0:0:1:63848	admin	REQUEST	[GET] http://localhost:8984/login
18:30:43.557	0:0:0:0:0:0:0:1:63848	admin	200		19.19 ms
18:31:03.400	0:0:0:0:0:0:0:1:63848	admin	REQUEST	[GET] http://localhost:8984/login
18:31:03.424	0:0:0:0:0:0:0:1:63848	admin	200		24.23 ms
18:31:16.068	0:0:0:0:0:0:0:1:63848	admin	REQUEST	[GET] http://localhost:8984/login
18:31:16.087	0:0:0:0:0:0:0:1:63848	admin	200		19.03 ms
18:34:18.243	0:0:0:0:0:0:0:1:63934	admin	REQUEST	[GET] http://localhost:8984/logout
18:34:18.251	0:0:0:0:0:0:0:1:63934	admin	200		8.3 ms
18:34:18.252	0:0:0:0:0:0:0:1:63934	admin	REQUEST	[GET] http://localhost:8984/
18:34:18.261	0:0:0:0:0:0:0:1:63934	admin	200		8.24 ms
18:34:18.267	0:0:0:0:0:0:0:1:63934	admin	REQUEST	[GET] http://localhost:8984/accueil
18:34:18.275	0:0:0:0:0:0:0:1:63934	admin	200		8.0 ms
18:34:18.284	0:0:0:0:0:0:0:1:63934	admin	REQUEST	[GET] http://localhost:8984/accueil/1
18:34:18.588	0:0:0:0:0:0:0:1:63934	admin	200		303.61 ms
18:34:19.796	0:0:0:0:0:0:0:1:63934	admin	REQUEST	[GET] http://localhost:8984/login
18:34:19.809	0:0:0:0:0:0:0:1:63934	admin	200		13.85 ms
18:34:29.278	0:0:0:0:0:0:0:1:63934	admin	REQUEST	[GET] http://localhost:8984/accueil
18:34:29.286	0:0:0:0:0:0:0:1:63934	admin	200		7.66 ms
18:34:29.287	0:0:0:0:0:0:0:1:63934	admin	REQUEST	[GET] http://localhost:8984/accueil/1
18:34:29.301	0:0:0:0:0:0:0:1:63934	admin	200		14.3 ms
18:34:57.426	0:0:0:0:0:0:0:1:63934	admin	REQUEST	[GET] http://localhost:8984/login
18:34:57.445	0:0:0:0:0:0:0:1:63934	admin	200		19.25 ms
18:35:13.695	0:0:0:0:0:0:0:1:63934	admin	REQUEST	[GET] http://localhost:8984/login
18:35:13.715	0:0:0:0:0:0:0:1:63934	admin	200		20.11 ms
18:35:14.772	0:0:0:0:0:0:0:1:63934	admin	REQUEST	[GET] http://localhost:8984/login
18:35:14.786	0:0:0:0:0:0:0:1:63934	admin	200		13.69 ms
18:36:52.120	0:0:0:0:0:0:0:1:63978	admin	REQUEST	[GET] http://localhost:8984/login
18:36:52.139	0:0:0:0:0:0:0:1:63978	admin	200		18.67 ms
18:37:13.023	0:0:0:0:0:0:0:1:63978	admin	REQUEST	[GET] http://localhost:8984/accueil
18:37:13.031	0:0:0:0:0:0:0:1:63978	admin	200		7.7 ms
18:37:13.034	0:0:0:0:0:0:0:1:63978	admin	REQUEST	[GET] http://localhost:8984/accueil/1
18:37:13.049	0:0:0:0:0:0:0:1:63978	admin	200		14.93 ms
18:37:13.687	0:0:0:0:0:0:0:1:63978	admin	REQUEST	[GET] http://localhost:8984/categories
18:37:14.204	0:0:0:0:0:0:0:1:63978	admin	200		516.99 ms
18:37:14.912	0:0:0:0:0:0:0:1:63978	admin	REQUEST	[GET] http://localhost:8984/page/How%20To
18:37:14.962	0:0:0:0:0:0:0:1:63978	admin	200		50.15 ms
18:37:15.577	0:0:0:0:0:0:0:1:63978	admin	REQUEST	[GET] http://localhost:8984/page/IsiCorpus
18:37:15.590	0:0:0:0:0:0:0:1:63978	admin	200		12.93 ms
18:37:16.059	0:0:0:0:0:0:0:1:63978	admin	REQUEST	[GET] http://localhost:8984/login
18:37:16.072	0:0:0:0:0:0:0:1:63978	admin	200		13.22 ms
18:37:16.802	0:0:0:0:0:0:0:1:63978	admin	REQUEST	[GET] http://localhost:8984/categories
18:37:16.815	0:0:0:0:0:0:0:1:63978	admin	200		12.99 ms
18:38:48.334	0:0:0:0:0:0:0:1:64019	admin	REQUEST	[GET] http://localhost:8984/accueil
18:38:48.342	0:0:0:0:0:0:0:1:64019	admin	200		7.92 ms
18:38:48.343	0:0:0:0:0:0:0:1:64019	admin	REQUEST	[GET] http://localhost:8984/accueil/1
18:38:48.357	0:0:0:0:0:0:0:1:64019	admin	200		14.43 ms
18:38:49.458	0:0:0:0:0:0:0:1:64019	admin	REQUEST	[GET] http://localhost:8984/categories
18:38:49.473	0:0:0:0:0:0:0:1:64019	admin	200		14.61 ms
18:38:50.954	0:0:0:0:0:0:0:1:64019	admin	REQUEST	[GET] http://localhost:8984/page/Links
18:38:50.966	0:0:0:0:0:0:0:1:64019	admin	200		12.78 ms
18:38:52.200	0:0:0:0:0:0:0:1:64019	admin	REQUEST	[GET] http://localhost:8984/page/How%20To
18:38:52.222	0:0:0:0:0:0:0:1:64019	admin	200		22.33 ms
18:38:52.979	0:0:0:0:0:0:0:1:64019	admin	REQUEST	[GET] http://localhost:8984/page/IsiCorpus
18:38:52.991	0:0:0:0:0:0:0:1:64019	admin	200		12.48 ms
18:38:54.127	0:0:0:0:0:0:0:1:64019	admin	REQUEST	[GET] http://localhost:8984/login
18:38:54.140	0:0:0:0:0:0:0:1:64019	admin	200		13.05 ms
18:38:55.433	0:0:0:0:0:0:0:1:64019	admin	REQUEST	[GET] http://localhost:8984/page/IsiCorpus
18:38:55.445	0:0:0:0:0:0:0:1:64019	admin	200		12.69 ms
18:38:56.716	0:0:0:0:0:0:0:1:64019	admin	REQUEST	[GET] http://localhost:8984/login
18:38:56.729	0:0:0:0:0:0:0:1:64019	admin	200		12.95 ms
18:38:59.033	0:0:0:0:0:0:0:1:64019	admin	REQUEST	[GET] http://localhost:8984/login
18:38:59.047	0:0:0:0:0:0:0:1:64019	admin	200		14.13 ms
18:38:59.666	0:0:0:0:0:0:0:1:64019	admin	REQUEST	[GET] http://localhost:8984/login
18:38:59.678	0:0:0:0:0:0:0:1:64019	admin	200		12.93 ms
18:39:00.134	0:0:0:0:0:0:0:1:64019	admin	REQUEST	[GET] http://localhost:8984/login
18:39:00.147	0:0:0:0:0:0:0:1:64019	admin	200		13.12 ms
18:39:08.084	0:0:0:0:0:0:0:1:64019	admin	REQUEST	[POST] http://localhost:8984/logging
18:39:08.094	0:0:0:0:0:0:0:1:64019	admin	200		9.63 ms
18:39:08.097	0:0:0:0:0:0:0:1:64019	admin	REQUEST	[GET] http://localhost:8984/
18:39:08.105	0:0:0:0:0:0:0:1:64019	admin	200		7.35 ms
18:39:08.114	0:0:0:0:0:0:0:1:64019	admin	REQUEST	[GET] http://localhost:8984/accueil
18:39:08.121	0:0:0:0:0:0:0:1:64019	admin	200		7.03 ms
18:39:08.130	0:0:0:0:0:0:0:1:64019	admin	REQUEST	[GET] http://localhost:8984/accueil/1
18:39:08.147	0:0:0:0:0:0:0:1:64019	admin	200		16.72 ms
18:39:10.682	0:0:0:0:0:0:0:1:64019	admin	REQUEST	[GET] http://localhost:8984/forum/FORUMISILEX
18:39:10.725	0:0:0:0:0:0:0:1:64019	admin	200		42.63 ms
18:39:10.839	0:0:0:0:0:0:0:1:64019	admin	REQUEST	[GET] http://localhost:8984/error404
18:39:10.874	0:0:0:0:0:0:0:1:64019	admin	200		34.83 ms
18:39:10.982	0:0:0:0:0:0:0:1:64030	admin	REQUEST	[GET] http://localhost:8984/forum/static/CSS/04/system.css
18:39:10.983	0:0:0:0:0:0:0:1:64030	admin	404	No function found that matches the request.	0.96 ms
18:39:10.983	0:0:0:0:0:0:0:1:64030	admin	REQUEST	[GET] http://localhost:8984/error404
18:39:10.995	0:0:0:0:0:0:0:1:64030	admin	200		12.91 ms
18:39:12.071	0:0:0:0:0:0:0:1:64019	admin	REQUEST	[GET] http://localhost:8984/accueil
18:39:12.078	0:0:0:0:0:0:0:1:64019	admin	200		7.74 ms
18:39:12.080	0:0:0:0:0:0:0:1:64019	admin	REQUEST	[GET] http://localhost:8984/accueil/1
18:39:12.094	0:0:0:0:0:0:0:1:64019	admin	200		14.6 ms
18:40:33.364	0:0:0:0:0:0:0:1:64057	admin	REQUEST	[GET] http://localhost:8984/accueil
18:40:33.372	0:0:0:0:0:0:0:1:64057	admin	200		7.7 ms
18:40:33.374	0:0:0:0:0:0:0:1:64057	admin	REQUEST	[GET] http://localhost:8984/accueil/1
18:40:33.389	0:0:0:0:0:0:0:1:64057	admin	200		15.36 ms
18:41:39.044	0:0:0:0:0:0:0:1:64070	admin	REQUEST	[GET] http://localhost:8984/accueil/1
18:41:39.059	0:0:0:0:0:0:0:1:64070	admin	200		15.74 ms
18:42:29.345	0:0:0:0:0:0:0:1:64070	admin	REQUEST	[GET] http://localhost:8984/accueil/1
18:42:29.361	0:0:0:0:0:0:0:1:64070	admin	200		15.48 ms
18:42:40.068	0:0:0:0:0:0:0:1:64070	admin	REQUEST	[POST] http://localhost:8984/change-lang
18:42:40.079	0:0:0:0:0:0:0:1:64070	admin	200		10.92 ms
18:42:40.090	0:0:0:0:0:0:0:1:64070	admin	REQUEST	[GET] http://localhost:8984/accueil/1
18:42:40.106	0:0:0:0:0:0:0:1:64070	admin	200		15.28 ms
18:42:41.613	0:0:0:0:0:0:0:1:64070	admin	REQUEST	[POST] http://localhost:8984/change-lang
18:42:41.653	0:0:0:0:0:0:0:1:64070	admin	200		40.5 ms
18:42:41.657	0:0:0:0:0:0:0:1:64070	admin	REQUEST	[GET] http://localhost:8984/accueil/1
18:42:41.672	0:0:0:0:0:0:0:1:64070	admin	200		14.7 ms
18:43:08.692	0:0:0:0:0:0:0:1:64070	admin	REQUEST	[GET] http://localhost:8984/accueil/1
18:43:08.712	0:0:0:0:0:0:0:1:64070	admin	200		20.87 ms
18:43:10.019	0:0:0:0:0:0:0:1:64070	admin	REQUEST	[GET] http://localhost:8984/accueil/1
18:43:10.034	0:0:0:0:0:0:0:1:64070	admin	200		14.6 ms
18:43:21.643	0:0:0:0:0:0:0:1:64070	admin	REQUEST	[GET] http://localhost:8984/accueil/1
18:43:21.658	0:0:0:0:0:0:0:1:64070	admin	200		15.51 ms
18:43:23.175	0:0:0:0:0:0:0:1:64070	admin	REQUEST	[GET] http://localhost:8984/accueil/1
18:43:23.190	0:0:0:0:0:0:0:1:64070	admin	200		15.06 ms
18:43:51.676	0:0:0:0:0:0:0:1:64070	admin	REQUEST	[GET] http://localhost:8984/accueil/1
18:43:51.692	0:0:0:0:0:0:0:1:64070	admin	200		15.35 ms
18:44:38.759	0:0:0:0:0:0:0:1:64070	admin	REQUEST	[GET] http://localhost:8984/accueil/1
18:44:38.774	0:0:0:0:0:0:0:1:64070	admin	200		15.26 ms
18:44:53.106	0:0:0:0:0:0:0:1:64070	admin	REQUEST	[GET] http://localhost:8984/accueil/1
18:44:53.122	0:0:0:0:0:0:0:1:64070	admin	200		15.81 ms
18:44:54.491	0:0:0:0:0:0:0:1:64070	admin	REQUEST	[GET] http://localhost:8984/accueil/1
18:44:54.507	0:0:0:0:0:0:0:1:64070	admin	200		15.62 ms
18:44:59.841	0:0:0:0:0:0:0:1:64070	admin	REQUEST	[GET] http://localhost:8984/accueil/1
18:44:59.857	0:0:0:0:0:0:0:1:64070	admin	200		15.95 ms
18:45:11.942	0:0:0:0:0:0:0:1:64070	admin	REQUEST	[GET] http://localhost:8984/accueil/1
18:45:11.958	0:0:0:0:0:0:0:1:64070	admin	200		16.32 ms
18:45:22.721	0:0:0:0:0:0:0:1:64070	admin	REQUEST	[GET] http://localhost:8984/accueil/1
18:45:22.747	0:0:0:0:0:0:0:1:64070	admin	200		26.64 ms
18:45:32.139	0:0:0:0:0:0:0:1:64070	admin	REQUEST	[GET] http://localhost:8984/accueil/1
18:45:32.155	0:0:0:0:0:0:0:1:64070	admin	200		16.15 ms
18:45:39.633	0:0:0:0:0:0:0:1:64070	admin	REQUEST	[GET] http://localhost:8984/accueil/1
18:45:39.650	0:0:0:0:0:0:0:1:64070	admin	200		16.4 ms
18:45:45.865	0:0:0:0:0:0:0:1:64070	admin	REQUEST	[GET] http://localhost:8984/accueil/1
18:45:45.881	0:0:0:0:0:0:0:1:64070	admin	200		15.95 ms
18:45:51.029	0:0:0:0:0:0:0:1:64070	admin	REQUEST	[POST] http://localhost:8984/change-lang
18:45:51.038	0:0:0:0:0:0:0:1:64070	admin	200		9.24 ms
18:45:51.049	0:0:0:0:0:0:0:1:64070	admin	REQUEST	[GET] http://localhost:8984/accueil/1
18:45:51.064	0:0:0:0:0:0:0:1:64070	admin	200		14.85 ms
18:45:52.881	0:0:0:0:0:0:0:1:64070	admin	REQUEST	[POST] http://localhost:8984/change-lang
18:45:52.896	0:0:0:0:0:0:0:1:64070	admin	200		14.89 ms
18:45:52.899	0:0:0:0:0:0:0:1:64070	admin	REQUEST	[GET] http://localhost:8984/accueil/1
18:45:52.914	0:0:0:0:0:0:0:1:64070	admin	200		15.36 ms
18:46:41.502	0:0:0:0:0:0:0:1:64150	admin	REQUEST	[GET] http://localhost:8984/login
18:46:41.516	0:0:0:0:0:0:0:1:64150	admin	200		14.59 ms
18:47:04.245	0:0:0:0:0:0:0:1:64162	admin	REQUEST	[GET] http://localhost:8984/accueil/1
18:47:04.263	0:0:0:0:0:0:0:1:64162	admin	200		18.01 ms
18:47:09.119	0:0:0:0:0:0:0:1:64150	admin	REQUEST	[GET] http://localhost:8984/login
18:47:09.133	0:0:0:0:0:0:0:1:64150	admin	200		14.18 ms
18:49:04.054	0:0:0:0:0:0:0:1:64189	admin	REQUEST	[GET] http://localhost:8984/accueil/1
18:49:04.070	0:0:0:0:0:0:0:1:64189	admin	200		15.91 ms
18:49:12.829	0:0:0:0:0:0:0:1:64189	admin	REQUEST	[GET] http://localhost:8984/accueil/1
18:49:12.849	0:0:0:0:0:0:0:1:64189	admin	200		20.12 ms
18:49:14.535	0:0:0:0:0:0:0:1:64189	admin	REQUEST	[GET] http://localhost:8984/accueil/1
18:49:14.550	0:0:0:0:0:0:0:1:64189	admin	200		15.12 ms
18:49:20.376	0:0:0:0:0:0:0:1:64205	admin	REQUEST	[GET] http://localhost:8984/login
18:49:20.390	0:0:0:0:0:0:0:1:64205	admin	200		13.33 ms
18:49:22.924	0:0:0:0:0:0:0:1:64189	admin	REQUEST	[GET] http://localhost:8984/accueil/1
18:49:22.941	0:0:0:0:0:0:0:1:64189	admin	200		16.76 ms
18:49:42.143	0:0:0:0:0:0:0:1:64205	admin	REQUEST	[GET] http://localhost:8984/login
18:49:42.157	0:0:0:0:0:0:0:1:64205	admin	200		13.81 ms
18:49:54.631	0:0:0:0:0:0:0:1:64205	admin	REQUEST	[GET] http://localhost:8984/login
18:49:54.644	0:0:0:0:0:0:0:1:64205	admin	200		13.12 ms
18:49:55.496	0:0:0:0:0:0:0:1:64205	admin	REQUEST	[GET] http://localhost:8984/login
18:49:55.509	0:0:0:0:0:0:0:1:64205	admin	200		12.77 ms
18:50:04.036	0:0:0:0:0:0:0:1:64205	admin	REQUEST	[GET] http://localhost:8984/login
18:50:04.050	0:0:0:0:0:0:0:1:64205	admin	200		14.75 ms
18:50:05.205	0:0:0:0:0:0:0:1:64205	admin	REQUEST	[GET] http://localhost:8984/login
18:50:05.218	0:0:0:0:0:0:0:1:64205	admin	200		12.87 ms
18:50:12.347	0:0:0:0:0:0:0:1:64189	admin	REQUEST	[GET] http://localhost:8984/accueil/1
18:50:12.367	0:0:0:0:0:0:0:1:64189	admin	200		19.95 ms
18:50:23.762	0:0:0:0:0:0:0:1:64189	admin	REQUEST	[GET] http://localhost:8984/accueil/1
18:50:23.780	0:0:0:0:0:0:0:1:64189	admin	200		18.92 ms
18:50:24.936	0:0:0:0:0:0:0:1:64189	admin	REQUEST	[GET] http://localhost:8984/accueil/1
18:50:24.951	0:0:0:0:0:0:0:1:64189	admin	200		14.82 ms
18:50:27.481	0:0:0:0:0:0:0:1:64205	admin	REQUEST	[GET] http://localhost:8984/login
18:50:27.493	0:0:0:0:0:0:0:1:64205	admin	200		12.82 ms
18:50:28.290	0:0:0:0:0:0:0:1:64205	admin	REQUEST	[GET] http://localhost:8984/login
18:50:28.303	0:0:0:0:0:0:0:1:64205	admin	200		12.61 ms
18:50:47.773	0:0:0:0:0:0:0:1:64189	admin	REQUEST	[GET] http://localhost:8984/accueil/1
18:50:47.790	0:0:0:0:0:0:0:1:64189	admin	200		17.75 ms
18:50:50.881	0:0:0:0:0:0:0:1:64205	admin	REQUEST	[GET] http://localhost:8984/login
18:50:50.893	0:0:0:0:0:0:0:1:64205	admin	200		12.53 ms
18:51:03.065	0:0:0:0:0:0:0:1:64205	admin	REQUEST	[GET] http://localhost:8984/login
18:51:03.079	0:0:0:0:0:0:0:1:64205	admin	200		14.15 ms
18:51:04.953	0:0:0:0:0:0:0:1:64189	admin	REQUEST	[GET] http://localhost:8984/accueil/1
18:51:04.970	0:0:0:0:0:0:0:1:64189	admin	200		16.39 ms
18:54:31.885	0:0:0:0:0:0:0:1:64320	admin	REQUEST	[GET] http://localhost:8984/accueil/1
18:54:31.904	0:0:0:0:0:0:0:1:64320	admin	200		18.56 ms
18:54:35.120	0:0:0:0:0:0:0:1:64333	admin	REQUEST	[GET] http://localhost:8984/login
18:54:35.132	0:0:0:0:0:0:0:1:64333	admin	200		12.38 ms
18:54:36.119	0:0:0:0:0:0:0:1:64333	admin	REQUEST	[GET] http://localhost:8984/login
18:54:36.131	0:0:0:0:0:0:0:1:64333	admin	200		12.61 ms
18:55:05.335	0:0:0:0:0:0:0:1:64333	admin	REQUEST	[GET] http://localhost:8984/login
18:55:05.348	0:0:0:0:0:0:0:1:64333	admin	200		12.66 ms
18:55:06.090	0:0:0:0:0:0:0:1:64333	admin	REQUEST	[GET] http://localhost:8984/login
18:55:06.103	0:0:0:0:0:0:0:1:64333	admin	200		12.6 ms
18:55:09.437	0:0:0:0:0:0:0:1:64320	admin	REQUEST	[GET] http://localhost:8984/accueil/1
18:55:09.451	0:0:0:0:0:0:0:1:64320	admin	200		14.82 ms
18:55:10.449	0:0:0:0:0:0:0:1:64320	admin	REQUEST	[GET] http://localhost:8984/accueil/1
18:55:10.463	0:0:0:0:0:0:0:1:64320	admin	200		14.82 ms
18:55:19.889	0:0:0:0:0:0:0:1:64320	admin	REQUEST	[GET] http://localhost:8984/accueil/1
18:55:19.911	0:0:0:0:0:0:0:1:64320	admin	200		21.86 ms
18:55:23.601	0:0:0:0:0:0:0:1:64333	admin	REQUEST	[GET] http://localhost:8984/login
18:55:23.614	0:0:0:0:0:0:0:1:64333	admin	200		13.55 ms
18:55:24.393	0:0:0:0:0:0:0:1:64333	admin	REQUEST	[GET] http://localhost:8984/login
18:55:24.406	0:0:0:0:0:0:0:1:64333	admin	200		12.93 ms
18:55:24.989	0:0:0:0:0:0:0:1:64333	admin	REQUEST	[GET] http://localhost:8984/login
18:55:25.006	0:0:0:0:0:0:0:1:64333	admin	200		16.49 ms
18:55:25.597	0:0:0:0:0:0:0:1:64333	admin	REQUEST	[GET] http://localhost:8984/login
18:55:25.609	0:0:0:0:0:0:0:1:64333	admin	200		12.89 ms
18:55:41.055	0:0:0:0:0:0:0:1:64333	admin	REQUEST	[GET] http://localhost:8984/login
18:55:41.069	0:0:0:0:0:0:0:1:64333	admin	200		14.6 ms
18:55:43.081	0:0:0:0:0:0:0:1:64320	admin	REQUEST	[GET] http://localhost:8984/accueil/1
18:55:43.095	0:0:0:0:0:0:0:1:64320	admin	200		14.62 ms
18:56:06.659	0:0:0:0:0:0:0:1:64333	admin	REQUEST	[GET] http://localhost:8984/login
18:56:06.673	0:0:0:0:0:0:0:1:64333	admin	200		13.64 ms
18:56:11.065	0:0:0:0:0:0:0:1:64320	admin	REQUEST	[GET] http://localhost:8984/accueil/1
18:56:11.080	0:0:0:0:0:0:0:1:64320	admin	200		15.14 ms
18:56:19.064	0:0:0:0:0:0:0:1:64320	admin	REQUEST	[GET] http://localhost:8984/accueil/1
18:56:19.081	0:0:0:0:0:0:0:1:64320	admin	200		17.25 ms
18:56:20.183	0:0:0:0:0:0:0:1:64320	admin	REQUEST	[GET] http://localhost:8984/accueil/1
18:56:20.198	0:0:0:0:0:0:0:1:64320	admin	200		15.09 ms
18:56:23.231	0:0:0:0:0:0:0:1:64333	admin	REQUEST	[GET] http://localhost:8984/login
18:56:23.243	0:0:0:0:0:0:0:1:64333	admin	200		12.4 ms
18:56:24.008	0:0:0:0:0:0:0:1:64333	admin	REQUEST	[GET] http://localhost:8984/login
18:56:24.021	0:0:0:0:0:0:0:1:64333	admin	200		12.61 ms
18:57:10.782	0:0:0:0:0:0:0:1:64320	admin	REQUEST	[GET] http://localhost:8984/accueil/1
18:57:10.800	0:0:0:0:0:0:0:1:64320	admin	200		18.34 ms
18:57:12.234	0:0:0:0:0:0:0:1:64320	admin	REQUEST	[GET] http://localhost:8984/accueil/1
18:57:12.249	0:0:0:0:0:0:0:1:64320	admin	200		15.14 ms
18:57:14.297	0:0:0:0:0:0:0:1:64374	admin	REQUEST	[GET] http://localhost:8984/login
18:57:14.309	0:0:0:0:0:0:0:1:64374	admin	200		12.92 ms
18:57:15.116	0:0:0:0:0:0:0:1:64374	admin	REQUEST	[GET] http://localhost:8984/login
18:57:15.129	0:0:0:0:0:0:0:1:64374	admin	200		12.71 ms
18:57:16.151	0:0:0:0:0:0:0:1:64374	admin	REQUEST	[GET] http://localhost:8984/login
18:57:16.164	0:0:0:0:0:0:0:1:64374	admin	200		12.74 ms
18:57:16.838	0:0:0:0:0:0:0:1:64374	admin	REQUEST	[GET] http://localhost:8984/login
18:57:16.850	0:0:0:0:0:0:0:1:64374	admin	200		12.32 ms
18:57:45.799	0:0:0:0:0:0:0:1:64320	admin	REQUEST	[GET] http://localhost:8984/accueil/1
18:57:45.814	0:0:0:0:0:0:0:1:64320	admin	200		14.86 ms
18:57:48.722	0:0:0:0:0:0:0:1:64374	admin	REQUEST	[GET] http://localhost:8984/login
18:57:48.734	0:0:0:0:0:0:0:1:64374	admin	200		12.5 ms
18:57:49.474	0:0:0:0:0:0:0:1:64374	admin	REQUEST	[GET] http://localhost:8984/login
18:57:49.486	0:0:0:0:0:0:0:1:64374	admin	200		12.57 ms
18:57:58.548	0:0:0:0:0:0:0:1:64374	admin	REQUEST	[GET] http://localhost:8984/login
18:57:58.563	0:0:0:0:0:0:0:1:64374	admin	200		15.46 ms
18:58:00.591	0:0:0:0:0:0:0:1:64320	admin	REQUEST	[GET] http://localhost:8984/accueil/1
18:58:00.610	0:0:0:0:0:0:0:1:64320	admin	200		19.26 ms
18:58:01.981	0:0:0:0:0:0:0:1:64320	admin	REQUEST	[GET] http://localhost:8984/accueil/1
18:58:01.995	0:0:0:0:0:0:0:1:64320	admin	200		14.4 ms
18:59:46.379	0:0:0:0:0:0:0:1:64408	admin	REQUEST	[GET] http://localhost:8984/accueil/1
18:59:46.395	0:0:0:0:0:0:0:1:64408	admin	200		16.32 ms
18:59:47.732	0:0:0:0:0:0:0:1:64408	admin	REQUEST	[GET] http://localhost:8984/accueil/1
18:59:47.747	0:0:0:0:0:0:0:1:64408	admin	200		15.15 ms
18:59:50.358	0:0:0:0:0:0:0:1:64421	admin	REQUEST	[GET] http://localhost:8984/login
18:59:50.370	0:0:0:0:0:0:0:1:64421	admin	200		12.66 ms
18:59:51.572	0:0:0:0:0:0:0:1:64421	admin	REQUEST	[GET] http://localhost:8984/login
18:59:51.584	0:0:0:0:0:0:0:1:64421	admin	200		12.46 ms
18:59:53.632	0:0:0:0:0:0:0:1:64408	admin	REQUEST	[GET] http://localhost:8984/accueil/1
18:59:53.648	0:0:0:0:0:0:0:1:64408	admin	200		16.48 ms
19:00:05.308	0:0:0:0:0:0:0:1:64408	admin	REQUEST	[GET] http://localhost:8984/accueil/1
19:00:05.324	0:0:0:0:0:0:0:1:64408	admin	200		16.06 ms
19:00:06.577	0:0:0:0:0:0:0:1:64408	admin	REQUEST	[GET] http://localhost:8984/accueil/1
19:00:06.591	0:0:0:0:0:0:0:1:64408	admin	200		14.89 ms
19:00:08.908	0:0:0:0:0:0:0:1:64421	admin	REQUEST	[GET] http://localhost:8984/login
19:00:08.924	0:0:0:0:0:0:0:1:64421	admin	200		16.22 ms
19:04:05.670	0:0:0:0:0:0:0:1:64465	admin	REQUEST	[GET] http://localhost:8984/login
19:04:05.686	0:0:0:0:0:0:0:1:64465	admin	200		16.24 ms
19:04:07.286	0:0:0:0:0:0:0:1:64465	admin	REQUEST	[GET] http://localhost:8984/accueil
19:04:07.293	0:0:0:0:0:0:0:1:64465	admin	200		7.63 ms
19:04:07.296	0:0:0:0:0:0:0:1:64465	admin	REQUEST	[GET] http://localhost:8984/accueil/1
19:04:07.309	0:0:0:0:0:0:0:1:64465	admin	200		13.76 ms
19:05:00.769	0:0:0:0:0:0:0:1:64465	admin	REQUEST	[GET] http://localhost:8984/accueil/1
19:05:00.785	0:0:0:0:0:0:0:1:64465	admin	200		16.06 ms
19:05:35.002	0:0:0:0:0:0:0:1:64465	admin	REQUEST	[GET] http://localhost:8984/accueil/1
19:05:35.017	0:0:0:0:0:0:0:1:64465	admin	200		15.9 ms
19:05:36.464	0:0:0:0:0:0:0:1:64465	admin	REQUEST	[GET] http://localhost:8984/accueil/1
19:05:36.479	0:0:0:0:0:0:0:1:64465	admin	200		15.54 ms
19:05:38.371	0:0:0:0:0:0:0:1:64490	admin	REQUEST	[GET] http://localhost:8984/accueil/1
19:05:38.387	0:0:0:0:0:0:0:1:64490	admin	200		15.91 ms
19:05:39.526	0:0:0:0:0:0:0:1:64490	admin	REQUEST	[GET] http://localhost:8984/accueil/1
19:05:39.541	0:0:0:0:0:0:0:1:64490	admin	200		14.99 ms
19:06:07.059	0:0:0:0:0:0:0:1:64490	admin	REQUEST	[GET] http://localhost:8984/accueil/1
19:06:07.078	0:0:0:0:0:0:0:1:64490	admin	200		18.48 ms
19:06:08.961	0:0:0:0:0:0:0:1:64490	admin	REQUEST	[GET] http://localhost:8984/accueil/1
19:06:08.981	0:0:0:0:0:0:0:1:64490	admin	200		19.59 ms
19:06:11.205	0:0:0:0:0:0:0:1:64465	admin	REQUEST	[GET] http://localhost:8984/accueil/1
19:06:11.218	0:0:0:0:0:0:0:1:64465	admin	200		13.78 ms
19:06:17.594	0:0:0:0:0:0:0:1:64465	admin	REQUEST	[GET] http://localhost:8984/accueil/1
19:06:17.611	0:0:0:0:0:0:0:1:64465	admin	200		17.21 ms
19:06:19.492	0:0:0:0:0:0:0:1:64490	admin	REQUEST	[GET] http://localhost:8984/accueil/1
19:06:19.507	0:0:0:0:0:0:0:1:64490	admin	200		14.63 ms
19:06:25.797	0:0:0:0:0:0:0:1:64490	admin	REQUEST	[GET] http://localhost:8984/accueil/1
19:06:25.812	0:0:0:0:0:0:0:1:64490	admin	200		15.1 ms
19:06:28.428	0:0:0:0:0:0:0:1:64465	admin	REQUEST	[GET] http://localhost:8984/accueil/1
19:06:28.441	0:0:0:0:0:0:0:1:64465	admin	200		13.19 ms
19:06:30.385	0:0:0:0:0:0:0:1:64465	admin	REQUEST	[GET] http://localhost:8984/accueil/1
19:06:30.400	0:0:0:0:0:0:0:1:64465	admin	200		14.4 ms
19:17:59.620	0:0:0:0:0:0:0:1:64654	admin	REQUEST	[GET] http://localhost:8984/accueil/1
19:17:59.942	0:0:0:0:0:0:0:1:64654	admin	200		322.19 ms
19:18:04.867	0:0:0:0:0:0:0:1:64654	admin	REQUEST	[GET] http://localhost:8984/rubrique/B/1
19:18:04.884	0:0:0:0:0:0:0:1:64654	admin	200		17.43 ms
19:18:07.049	0:0:0:0:0:0:0:1:64654	admin	REQUEST	[GET] http://localhost:8984/alphabetC-off
19:18:07.059	0:0:0:0:0:0:0:1:64654	admin	200		9.5 ms
19:18:07.060	0:0:0:0:0:0:0:1:64654	admin	REQUEST	[GET] http://localhost:8984/rubrique/B/1
19:18:07.073	0:0:0:0:0:0:0:1:64654	admin	200		13.39 ms
19:18:09.380	0:0:0:0:0:0:0:1:64654	admin	REQUEST	[GET] http://localhost:8984/accueil
19:18:09.387	0:0:0:0:0:0:0:1:64654	admin	200		7.24 ms
19:18:09.396	0:0:0:0:0:0:0:1:64654	admin	REQUEST	[GET] http://localhost:8984/accueil/1
19:18:09.419	0:0:0:0:0:0:0:1:64654	admin	200		23.12 ms
19:19:54.354	0:0:0:0:0:0:0:1:64685	admin	REQUEST	[GET] http://localhost:8984/alphabetC-on
19:19:54.409	0:0:0:0:0:0:0:1:64685	admin	200		54.46 ms
19:19:54.410	0:0:0:0:0:0:0:1:64685	admin	REQUEST	[GET] http://localhost:8984/accueil/1
19:19:54.424	0:0:0:0:0:0:0:1:64685	admin	200		14.05 ms
19:21:51.115	0:0:0:0:0:0:0:1:64703	admin	REQUEST	[GET] http://localhost:8984/alphabetC-on
19:21:51.124	0:0:0:0:0:0:0:1:64703	admin	200		9.25 ms
19:21:51.140	0:0:0:0:0:0:0:1:64703	admin	REQUEST	[GET] http://localhost:8984/rubrique/B/1
19:21:51.153	0:0:0:0:0:0:0:1:64703	admin	200		13.41 ms
19:24:07.260	0:0:0:0:0:0:0:1:64732	admin	REQUEST	[GET] http://localhost:8984/rubrique/B/1
19:24:07.274	0:0:0:0:0:0:0:1:64732	admin	200		13.84 ms
19:24:16.203	0:0:0:0:0:0:0:1:64732	admin	REQUEST	[GET] http://localhost:8984/rubrique/B/1
19:24:16.207	0:0:0:0:0:0:0:1:64732	admin	400	Stopped at /Volumes/Untitled/Isilex/isilex.git/IsilexLite/repo/fr/isilex/www/isi-repo.xqm, 174/13: [XPST0003] Expecting '}', found ' '.	4.85 ms
19:24:16.208	0:0:0:0:0:0:0:1:64732	admin	REQUEST	[GET] http://localhost:8984/error400
19:24:16.237	0:0:0:0:0:0:0:1:64732	admin	400	Stopped at /Volumes/Untitled/Isilex/isilex.git/IsilexLite/repo/fr/isilex/www/isi-repo.xqm, 174/13: [XPST0003] Expecting '}', found ' '.	29.8 ms
19:24:20.034	0:0:0:0:0:0:0:1:64732	admin	REQUEST	[GET] http://localhost:8984/rubrique/B/1
19:24:20.052	0:0:0:0:0:0:0:1:64732	admin	200		17.87 ms
19:24:23.421	0:0:0:0:0:0:0:1:64732	admin	REQUEST	[GET] http://localhost:8984/rubrique/B/1
19:24:23.438	0:0:0:0:0:0:0:1:64732	admin	200		16.62 ms
19:24:24.863	0:0:0:0:0:0:0:1:64732	admin	REQUEST	[GET] http://localhost:8984/logout
19:24:24.926	0:0:0:0:0:0:0:1:64732	admin	200		63.65 ms
19:24:24.929	0:0:0:0:0:0:0:1:64732	admin	REQUEST	[GET] http://localhost:8984/
19:24:24.936	0:0:0:0:0:0:0:1:64732	admin	200		7.43 ms
19:24:24.939	0:0:0:0:0:0:0:1:64732	admin	REQUEST	[GET] http://localhost:8984/accueil
19:24:24.946	0:0:0:0:0:0:0:1:64732	admin	200		7.34 ms
19:24:24.949	0:0:0:0:0:0:0:1:64732	admin	REQUEST	[GET] http://localhost:8984/accueil/1
19:24:24.963	0:0:0:0:0:0:0:1:64732	admin	200		13.59 ms
19:24:28.260	0:0:0:0:0:0:0:1:64732	admin	REQUEST	[GET] http://localhost:8984/login
19:24:28.272	0:0:0:0:0:0:0:1:64732	admin	200		11.99 ms
19:24:30.406	0:0:0:0:0:0:0:1:64732	admin	REQUEST	[GET] http://localhost:8984/register
19:24:30.419	0:0:0:0:0:0:0:1:64732	admin	200		12.42 ms
19:24:47.203	0:0:0:0:0:0:0:1:64732	admin	REQUEST	[POST] http://localhost:8984/registering
19:24:47.213	0:0:0:0:0:0:0:1:64732	admin	200		10.29 ms
19:24:47.247	0:0:0:0:0:0:0:1:64732	admin	REQUEST	[GET] http://localhost:8984/register?message=Invalid+or+already+used+email
19:24:47.260	0:0:0:0:0:0:0:1:64732	admin	200		13.05 ms
19:24:57.486	0:0:0:0:0:0:0:1:64732	admin	REQUEST	[POST] http://localhost:8984/registering
19:24:57.496	0:0:0:0:0:0:0:1:64732	admin	200		9.68 ms
19:24:57.499	0:0:0:0:0:0:0:1:64732	admin	REQUEST	[GET] http://localhost:8984/user/xls
19:24:57.854	0:0:0:0:0:0:0:1:64732	admin	200		355.2 ms
19:25:00.185	0:0:0:0:0:0:0:1:64732	admin	REQUEST	[GET] http://localhost:8984/user/xls
19:25:00.197	0:0:0:0:0:0:0:1:64732	admin	200		12.31 ms
19:25:01.535	0:0:0:0:0:0:0:1:64732	admin	REQUEST	[GET] http://localhost:8984/login
19:25:01.551	0:0:0:0:0:0:0:1:64732	admin	200		15.65 ms
19:25:05.935	0:0:0:0:0:0:0:1:64732	admin	REQUEST	[GET] http://localhost:8984/login
19:25:05.948	0:0:0:0:0:0:0:1:64732	admin	200		12.77 ms
19:25:36.910	0:0:0:0:0:0:0:1:64732	admin	REQUEST	[GET] http://localhost:8984/login
19:25:36.914	0:0:0:0:0:0:0:1:64732	admin	400	Stopped at /Volumes/Untitled/Isilex/isilex.git/IsilexLite/repo/fr/isilex/www/isi-repo.xqm, 184/7: [XPST0003] Incomplete 'if' expression.	4.61 ms
19:25:36.914	0:0:0:0:0:0:0:1:64732	admin	REQUEST	[GET] http://localhost:8984/error400
19:25:36.918	0:0:0:0:0:0:0:1:64732	admin	400	Stopped at /Volumes/Untitled/Isilex/isilex.git/IsilexLite/repo/fr/isilex/www/isi-repo.xqm, 184/7: [XPST0003] Incomplete 'if' expression.	3.71 ms
19:25:56.661	0:0:0:0:0:0:0:1:64732	admin	REQUEST	[GET] http://localhost:8984/login
19:25:56.677	0:0:0:0:0:0:0:1:64732	admin	200		15.46 ms
19:26:17.728	0:0:0:0:0:0:0:1:64732	admin	REQUEST	[GET] http://localhost:8984/login
19:26:17.732	0:0:0:0:0:0:0:1:64732	admin	400	Stopped at /Volumes/Untitled/Isilex/isilex.git/IsilexLite/repo/fr/isilex/www/isi-repo.xqm, 189/12: [XPST0003] Expecting '}', found '>'.	3.83 ms
19:26:17.732	0:0:0:0:0:0:0:1:64732	admin	REQUEST	[GET] http://localhost:8984/error400
19:26:17.737	0:0:0:0:0:0:0:1:64732	admin	400	Stopped at /Volumes/Untitled/Isilex/isilex.git/IsilexLite/repo/fr/isilex/www/isi-repo.xqm, 189/12: [XPST0003] Expecting '}', found '>'.	4.17 ms
19:26:25.101	0:0:0:0:0:0:0:1:64732	admin	REQUEST	[GET] http://localhost:8984/login
19:26:25.117	0:0:0:0:0:0:0:1:64732	admin	200		15.53 ms
19:26:41.684	0:0:0:0:0:0:0:1:64732	admin	REQUEST	[GET] http://localhost:8984/login
19:26:41.696	0:0:0:0:0:0:0:1:64732	admin	200		12.71 ms
19:26:43.405	0:0:0:0:0:0:0:1:64732	admin	REQUEST	[GET] http://localhost:8984/logout
19:26:43.413	0:0:0:0:0:0:0:1:64732	admin	200		8.12 ms
19:26:43.414	0:0:0:0:0:0:0:1:64732	admin	REQUEST	[GET] http://localhost:8984/
19:26:43.453	0:0:0:0:0:0:0:1:64732	admin	200		38.84 ms
19:26:43.454	0:0:0:0:0:0:0:1:64732	admin	REQUEST	[GET] http://localhost:8984/accueil
19:26:43.461	0:0:0:0:0:0:0:1:64732	admin	200		7.22 ms
19:26:43.462	0:0:0:0:0:0:0:1:64732	admin	REQUEST	[GET] http://localhost:8984/accueil/1
19:26:43.476	0:0:0:0:0:0:0:1:64732	admin	200		13.67 ms
19:26:45.420	0:0:0:0:0:0:0:1:64732	admin	REQUEST	[GET] http://localhost:8984/login
19:26:45.433	0:0:0:0:0:0:0:1:64732	admin	200		12.87 ms
19:26:49.660	0:0:0:0:0:0:0:1:64732	admin	REQUEST	[POST] http://localhost:8984/logging
19:26:49.670	0:0:0:0:0:0:0:1:64732	admin	200		9.67 ms
19:26:49.671	0:0:0:0:0:0:0:1:64732	admin	REQUEST	[GET] http://localhost:8984/login?message=Failed!
19:26:49.683	0:0:0:0:0:0:0:1:64732	admin	200		12.57 ms
19:26:53.979	0:0:0:0:0:0:0:1:64732	admin	REQUEST	[POST] http://localhost:8984/logging
19:26:53.986	0:0:0:0:0:0:0:1:64732	admin	200		7.01 ms
19:26:53.987	0:0:0:0:0:0:0:1:64732	admin	REQUEST	[GET] http://localhost:8984/login?message=Failed!
19:26:54.000	0:0:0:0:0:0:0:1:64732	admin	200		12.74 ms
19:26:59.288	0:0:0:0:0:0:0:1:64732	admin	REQUEST	[POST] http://localhost:8984/logging
19:26:59.295	0:0:0:0:0:0:0:1:64732	admin	200		7.71 ms
19:26:59.301	0:0:0:0:0:0:0:1:64732	admin	REQUEST	[GET] http://localhost:8984/login?message=Failed!
19:26:59.313	0:0:0:0:0:0:0:1:64732	admin	200		12.09 ms
19:27:05.216	0:0:0:0:0:0:0:1:64732	admin	REQUEST	[POST] http://localhost:8984/logging
19:27:05.224	0:0:0:0:0:0:0:1:64732	admin	200		8.01 ms
19:27:05.234	0:0:0:0:0:0:0:1:64732	admin	REQUEST	[GET] http://localhost:8984/
19:27:05.241	0:0:0:0:0:0:0:1:64732	admin	200		7.26 ms
19:27:05.250	0:0:0:0:0:0:0:1:64732	admin	REQUEST	[GET] http://localhost:8984/accueil
19:27:05.257	0:0:0:0:0:0:0:1:64732	admin	200		6.98 ms
19:27:05.267	0:0:0:0:0:0:0:1:64732	admin	REQUEST	[GET] http://localhost:8984/accueil/1
19:27:05.281	0:0:0:0:0:0:0:1:64732	admin	200		13.59 ms
19:27:08.538	0:0:0:0:0:0:0:1:64732	admin	REQUEST	[GET] http://localhost:8984/alphabetC-off
19:27:08.547	0:0:0:0:0:0:0:1:64732	admin	200		9.59 ms
19:27:08.552	0:0:0:0:0:0:0:1:64732	admin	REQUEST	[GET] http://localhost:8984/accueil/1
19:27:08.575	0:0:0:0:0:0:0:1:64732	admin	200		23.19 ms
19:27:10.609	0:0:0:0:0:0:0:1:64732	admin	REQUEST	[GET] http://localhost:8984/alphabetC-on
19:27:10.650	0:0:0:0:0:0:0:1:64732	admin	200		41.91 ms
19:27:10.656	0:0:0:0:0:0:0:1:64732	admin	REQUEST	[GET] http://localhost:8984/accueil/1
19:27:10.669	0:0:0:0:0:0:0:1:64732	admin	200		13.82 ms
19:30:02.783	0:0:0:0:0:0:0:1:64807	admin	REQUEST	[GET] http://localhost:8984/pageHTML-fr-texteAccueil
19:30:03.109	0:0:0:0:0:0:0:1:64807	admin	200		326.21 ms
19:32:40.784	0:0:0:0:0:0:0:1:64837	admin	REQUEST	[GET] http://localhost:8984/pageHTML-fr-texteAccueil
19:32:40.805	0:0:0:0:0:0:0:1:64837	admin	200		20.64 ms
19:32:47.146	0:0:0:0:0:0:0:1:64837	admin	REQUEST	[GET] http://localhost:8984/logout
19:32:47.154	0:0:0:0:0:0:0:1:64837	admin	200		7.6 ms
19:32:47.210	0:0:0:0:0:0:0:1:64837	admin	REQUEST	[GET] http://localhost:8984/
19:32:47.217	0:0:0:0:0:0:0:1:64837	admin	200		7.32 ms
19:32:47.260	0:0:0:0:0:0:0:1:64837	admin	REQUEST	[GET] http://localhost:8984/accueil
19:32:47.267	0:0:0:0:0:0:0:1:64837	admin	200		6.92 ms
19:32:47.310	0:0:0:0:0:0:0:1:64837	admin	REQUEST	[GET] http://localhost:8984/accueil/1
19:32:47.323	0:0:0:0:0:0:0:1:64837	admin	200		13.17 ms
19:32:50.936	0:0:0:0:0:0:0:1:64837	admin	REQUEST	[GET] http://localhost:8984/pageHTML-fr-texteAccueil
19:32:50.948	0:0:0:0:0:0:0:1:64837	admin	200		12.04 ms
20:01:14.563	0:0:0:0:0:0:0:1:65115	admin	REQUEST	[GET] http://localhost:8984/accueil
20:01:14.571	0:0:0:0:0:0:0:1:65115	admin	200		8.13 ms
20:01:14.573	0:0:0:0:0:0:0:1:65115	admin	REQUEST	[GET] http://localhost:8984/accueil/1
20:01:14.586	0:0:0:0:0:0:0:1:65115	admin	200		13.62 ms
20:01:15.687	0:0:0:0:0:0:0:1:65115	admin	REQUEST	[GET] http://localhost:8984/login
20:01:15.703	0:0:0:0:0:0:0:1:65115	admin	200		15.68 ms
20:01:18.184	0:0:0:0:0:0:0:1:65115	admin	REQUEST	[GET] http://localhost:8984/register
20:01:18.197	0:0:0:0:0:0:0:1:65115	admin	200		12.85 ms
20:05:27.758	0:0:0:0:0:0:0:1:65162	admin	REQUEST	[GET] http://localhost:8984/register
20:05:27.763	0:0:0:0:0:0:0:1:65162	admin	400	Stopped at /Volumes/Untitled/Isilex/isilex.git/IsilexLite/webapp/isi-lognreg.xqm, 44/10: [XQST0118] Different start and end tag: <tr>...</form>.	5.36 ms
20:05:27.763	0:0:0:0:0:0:0:1:65162	admin	REQUEST	[GET] http://localhost:8984/error400
20:05:27.773	0:0:0:0:0:0:0:1:65162	admin	400	Stopped at /Volumes/Untitled/Isilex/isilex.git/IsilexLite/webapp/isi-lognreg.xqm, 44/10: [XQST0118] Different start and end tag: <tr>...</form>.	10.45 ms
20:05:57.660	0:0:0:0:0:0:0:1:65162	admin	REQUEST	[GET] http://localhost:8984/register
20:05:57.682	0:0:0:0:0:0:0:1:65162	admin	200		21.98 ms
20:06:32.250	0:0:0:0:0:0:0:1:65162	admin	REQUEST	[GET] http://localhost:8984/register
20:06:32.269	0:0:0:0:0:0:0:1:65162	admin	200		19.76 ms
20:06:54.135	0:0:0:0:0:0:0:1:65162	admin	REQUEST	[GET] http://localhost:8984/register
20:06:54.155	0:0:0:0:0:0:0:1:65162	admin	200		20.03 ms
20:07:13.378	0:0:0:0:0:0:0:1:65162	admin	REQUEST	[GET] http://localhost:8984/register
20:07:13.400	0:0:0:0:0:0:0:1:65162	admin	200		22.47 ms
20:07:48.636	0:0:0:0:0:0:0:1:65162	admin	REQUEST	[GET] http://localhost:8984/register
20:07:48.660	0:0:0:0:0:0:0:1:65162	admin	200		23.83 ms
20:08:52.776	0:0:0:0:0:0:0:1:65216	admin	REQUEST	[GET] http://localhost:8984/accueil
20:08:52.783	0:0:0:0:0:0:0:1:65216	admin	200		7.08 ms
20:08:52.825	0:0:0:0:0:0:0:1:65216	admin	REQUEST	[GET] http://localhost:8984/accueil/1
20:08:52.839	0:0:0:0:0:0:0:1:65216	admin	200		14.07 ms
20:08:54.502	0:0:0:0:0:0:0:1:65216	admin	REQUEST	[GET] http://localhost:8984/login
20:08:54.514	0:0:0:0:0:0:0:1:65216	admin	200		11.96 ms
20:08:55.704	0:0:0:0:0:0:0:1:65216	admin	REQUEST	[GET] http://localhost:8984/register
20:08:55.716	0:0:0:0:0:0:0:1:65216	admin	200		12.15 ms
20:09:31.337	0:0:0:0:0:0:0:1:65216	admin	REQUEST	[GET] http://localhost:8984/login
20:09:31.355	0:0:0:0:0:0:0:1:65216	admin	200		17.3 ms
20:09:35.593	0:0:0:0:0:0:0:1:65216	admin	REQUEST	[POST] http://localhost:8984/logging
20:09:35.600	0:0:0:0:0:0:0:1:65216	admin	200		6.81 ms
20:09:35.608	0:0:0:0:0:0:0:1:65216	admin	REQUEST	[GET] http://localhost:8984/login?message=Failed!
20:09:35.620	0:0:0:0:0:0:0:1:65216	admin	200		11.89 ms
20:10:19.768	0:0:0:0:0:0:0:1:65216	admin	REQUEST	[GET] http://localhost:8984/login?message=Failed!
20:10:19.788	0:0:0:0:0:0:0:1:65216	admin	200		20.16 ms
20:10:21.058	0:0:0:0:0:0:0:1:65216	admin	REQUEST	[GET] http://localhost:8984/login?message=Failed!
20:10:21.071	0:0:0:0:0:0:0:1:65216	admin	200		12.52 ms
21:04:11.133	0:0:0:0:0:0:0:1:49312	admin	REQUEST	[GET] http://localhost:8984/login?message=Failed!
21:04:11.715	0:0:0:0:0:0:0:1:49312	admin	200		582.86 ms
21:04:17.956	0:0:0:0:0:0:0:1:49312	admin	REQUEST	[POST] http://localhost:8984/logging
21:04:18.083	0:0:0:0:0:0:0:1:49312	admin	200		127.0 ms
21:04:18.120	0:0:0:0:0:0:0:1:49312	admin	REQUEST	[GET] http://localhost:8984/
21:04:18.127	0:0:0:0:0:0:0:1:49312	admin	200		7.16 ms
21:04:18.171	0:0:0:0:0:0:0:1:49312	admin	REQUEST	[GET] http://localhost:8984/accueil
21:04:18.178	0:0:0:0:0:0:0:1:49312	admin	200		7.03 ms
21:04:18.221	0:0:0:0:0:0:0:1:49312	admin	REQUEST	[GET] http://localhost:8984/accueil/1
21:04:18.312	0:0:0:0:0:0:0:1:49312	admin	200		91.24 ms
21:04:19.898	0:0:0:0:0:0:0:1:49312	admin	REQUEST	[GET] http://localhost:8984/accueil
21:04:19.905	0:0:0:0:0:0:0:1:49312	admin	200		7.23 ms
21:04:19.907	0:0:0:0:0:0:0:1:49312	admin	REQUEST	[GET] http://localhost:8984/accueil/1
21:04:19.921	0:0:0:0:0:0:0:1:49312	admin	200		13.8 ms
21:04:20.610	0:0:0:0:0:0:0:1:49312	admin	REQUEST	[GET] http://localhost:8984/categories
21:04:20.646	0:0:0:0:0:0:0:1:49312	admin	200		36.02 ms
21:04:21.146	0:0:0:0:0:0:0:1:49312	admin	REQUEST	[GET] http://localhost:8984/page/Liens
21:04:21.178	0:0:0:0:0:0:0:1:49312	admin	200		31.41 ms
21:04:22.002	0:0:0:0:0:0:0:1:49312	admin	REQUEST	[GET] http://localhost:8984/page/How%20To
21:04:22.016	0:0:0:0:0:0:0:1:49312	admin	200		14.26 ms
21:04:22.991	0:0:0:0:0:0:0:1:49312	admin	REQUEST	[GET] http://localhost:8984/page/IsiCorpus
21:04:23.008	0:0:0:0:0:0:0:1:49312	admin	200		16.41 ms
21:04:24.139	0:0:0:0:0:0:0:1:49312	admin	REQUEST	[GET] http://localhost:8984/page/How%20To
21:04:24.154	0:0:0:0:0:0:0:1:49312	admin	200		14.6 ms
21:04:24.994	0:0:0:0:0:0:0:1:49312	admin	REQUEST	[GET] http://localhost:8984/forum/FORUMISILEX
21:04:25.039	0:0:0:0:0:0:0:1:49312	admin	200		45.08 ms
21:04:25.150	0:0:0:0:0:0:0:1:49312	admin	REQUEST	[GET] http://localhost:8984/error404
21:04:25.179	0:0:0:0:0:0:0:1:49312	admin	200		29.35 ms
21:04:25.269	0:0:0:0:0:0:0:1:49312	admin	REQUEST	[GET] http://localhost:8984/forum/static/CSS/04/system.css
21:04:25.270	0:0:0:0:0:0:0:1:49312	admin	404	No function found that matches the request.	0.81 ms
21:04:25.270	0:0:0:0:0:0:0:1:49312	admin	REQUEST	[GET] http://localhost:8984/error404
21:04:25.282	0:0:0:0:0:0:0:1:49312	admin	200		11.99 ms
21:04:26.436	0:0:0:0:0:0:0:1:49312	admin	REQUEST	[GET] http://localhost:8984/accueil
21:04:26.443	0:0:0:0:0:0:0:1:49312	admin	200		7.2 ms
21:04:26.444	0:0:0:0:0:0:0:1:49312	admin	REQUEST	[GET] http://localhost:8984/accueil/1
21:04:26.458	0:0:0:0:0:0:0:1:49312	admin	200		13.84 ms
21:04:51.387	0:0:0:0:0:0:0:1:49312	admin	REQUEST	[GET] http://localhost:8984/accueil/1
21:04:51.401	0:0:0:0:0:0:0:1:49312	admin	200		14.16 ms
21:04:52.773	0:0:0:0:0:0:0:1:49312	admin	REQUEST	[GET] http://localhost:8984/accueil/1
21:04:52.787	0:0:0:0:0:0:0:1:49312	admin	200		13.7 ms
21:04:56.747	0:0:0:0:0:0:0:1:49312	admin	REQUEST	[GET] http://localhost:8984/accueil/1
21:04:56.764	0:0:0:0:0:0:0:1:49312	admin	200		17.15 ms
21:04:58.835	0:0:0:0:0:0:0:1:49312	admin	REQUEST	[GET] http://localhost:8984/new-fiche
21:04:59.214	0:0:0:0:0:0:0:1:49312	admin	200		379.31 ms
21:05:05.972	0:0:0:0:0:0:0:1:49312	admin	REQUEST	[POST] http://localhost:8984/saveNew
21:05:06.012	0:0:0:0:0:0:0:1:49312	admin	200		40.28 ms
21:05:06.013	0:0:0:0:0:0:0:1:49312	admin	REQUEST	[GET] http://localhost:8984/modif-8?message=Votre%20fiche%20a%20bien%20%C3%A9t%C3%A9%20sauv%C3%A9e
21:05:06.034	0:0:0:0:0:0:0:1:49312	admin	200		21.09 ms
21:05:15.915	0:0:0:0:0:0:0:1:49316	admin	REQUEST	[POST] http://localhost:8984/validate-xsd
21:05:15.927	0:0:0:0:0:0:0:1:49316	admin	200		11.74 ms
21:05:15.931	0:0:0:0:0:0:0:1:49316	admin	REQUEST	[POST] http://localhost:8984/saveFiche
21:05:15.944	0:0:0:0:0:0:0:1:49316	admin	200		12.96 ms
21:05:15.945	0:0:0:0:0:0:0:1:49316	admin	REQUEST	[GET] http://localhost:8984/modif-8?message=Votre%20fiche%20a%20bien%20%C3%A9t%C3%A9%20sauv%C3%A9e
21:05:15.963	0:0:0:0:0:0:0:1:49316	admin	200		18.02 ms
21:05:18.499	0:0:0:0:0:0:0:1:49316	admin	REQUEST	[GET] http://localhost:8984/ftMark-8
21:05:18.555	0:0:0:0:0:0:0:1:49316	admin	200		55.23 ms
21:05:18.556	0:0:0:0:0:0:0:1:49316	admin	REQUEST	[GET] http://localhost:8984/modif-8
21:05:18.578	0:0:0:0:0:0:0:1:49316	admin	200		21.68 ms
21:05:23.847	0:0:0:0:0:0:0:1:49316	admin	REQUEST	[POST] http://localhost:8984/validate-xsd
21:05:23.859	0:0:0:0:0:0:0:1:49316	admin	200		11.3 ms
21:05:23.888	0:0:0:0:0:0:0:1:49316	admin	REQUEST	[POST] http://localhost:8984/saveFiche
21:05:23.924	0:0:0:0:0:0:0:1:49316	admin	200		35.72 ms
21:05:23.925	0:0:0:0:0:0:0:1:49316	admin	REQUEST	[GET] http://localhost:8984/modif-8?message=Votre%20fiche%20a%20bien%20%C3%A9t%C3%A9%20sauv%C3%A9e
21:05:23.943	0:0:0:0:0:0:0:1:49316	admin	200		18.25 ms
21:05:26.782	0:0:0:0:0:0:0:1:49316	admin	REQUEST	[GET] http://localhost:8984/
21:05:26.789	0:0:0:0:0:0:0:1:49316	admin	200		7.63 ms
21:05:26.790	0:0:0:0:0:0:0:1:49316	admin	REQUEST	[GET] http://localhost:8984/accueil
21:05:26.797	0:0:0:0:0:0:0:1:49316	admin	200		6.72 ms
21:05:26.798	0:0:0:0:0:0:0:1:49316	admin	REQUEST	[GET] http://localhost:8984/accueil/1
21:05:26.813	0:0:0:0:0:0:0:1:49316	admin	200		14.49 ms
21:06:43.007	0:0:0:0:0:0:0:1:49389	admin	REQUEST	[GET] http://localhost:8984/alphabetC-off
21:06:43.545	0:0:0:0:0:0:0:1:49389	admin	200		538.67 ms
21:06:43.589	0:0:0:0:0:0:0:1:49389	admin	REQUEST	[GET] http://localhost:8984/accueil/1
21:06:43.776	0:0:0:0:0:0:0:1:49389	admin	200		186.98 ms
21:06:46.410	0:0:0:0:0:0:0:1:49389	admin	REQUEST	[GET] http://localhost:8984/logout
21:06:46.434	0:0:0:0:0:0:0:1:49389	admin	200		24.4 ms
21:06:46.441	0:0:0:0:0:0:0:1:49389	admin	REQUEST	[GET] http://localhost:8984/
21:06:46.448	0:0:0:0:0:0:0:1:49389	admin	200		7.21 ms
21:06:46.450	0:0:0:0:0:0:0:1:49389	admin	REQUEST	[GET] http://localhost:8984/accueil
21:06:46.457	0:0:0:0:0:0:0:1:49389	admin	200		7.15 ms
21:06:46.459	0:0:0:0:0:0:0:1:49389	admin	REQUEST	[GET] http://localhost:8984/accueil/1
21:06:46.482	0:0:0:0:0:0:0:1:49389	admin	200		22.74 ms
21:06:51.502	0:0:0:0:0:0:0:1:49389	admin	REQUEST	[GET] http://localhost:8984/login
21:06:51.514	0:0:0:0:0:0:0:1:49389	admin	200		11.78 ms
21:06:55.283	0:0:0:0:0:0:0:1:49389	admin	REQUEST	[POST] http://localhost:8984/logging
21:06:55.290	0:0:0:0:0:0:0:1:49389	admin	200		7.16 ms
21:06:55.295	0:0:0:0:0:0:0:1:49389	admin	REQUEST	[GET] http://localhost:8984/login?message=Failed!
21:06:55.308	0:0:0:0:0:0:0:1:49389	admin	200		12.42 ms
21:07:01.701	0:0:0:0:0:0:0:1:49389	admin	REQUEST	[POST] http://localhost:8984/logging
21:07:01.709	0:0:0:0:0:0:0:1:49389	admin	200		8.52 ms
21:07:01.711	0:0:0:0:0:0:0:1:49389	admin	REQUEST	[GET] http://localhost:8984/
21:07:01.718	0:0:0:0:0:0:0:1:49389	admin	200		7.2 ms
21:07:01.721	0:0:0:0:0:0:0:1:49389	admin	REQUEST	[GET] http://localhost:8984/accueil
21:07:01.728	0:0:0:0:0:0:0:1:49389	admin	200		6.93 ms
21:07:01.730	0:0:0:0:0:0:0:1:49389	admin	REQUEST	[GET] http://localhost:8984/accueil/1
21:07:01.756	0:0:0:0:0:0:0:1:49389	admin	200		25.93 ms
21:07:04.320	0:0:0:0:0:0:0:1:49389	admin	REQUEST	[GET] http://localhost:8984/alphabetC-on
21:07:04.328	0:0:0:0:0:0:0:1:49389	admin	200		8.37 ms
21:07:04.330	0:0:0:0:0:0:0:1:49389	admin	REQUEST	[GET] http://localhost:8984/accueil/1
21:07:04.345	0:0:0:0:0:0:0:1:49389	admin	200		14.86 ms
21:07:07.896	0:0:0:0:0:0:0:1:49389	admin	REQUEST	[GET] http://localhost:8984/tout/1
21:07:07.910	0:0:0:0:0:0:0:1:49389	admin	200		13.83 ms
21:07:09.763	0:0:0:0:0:0:0:1:49389	admin	REQUEST	[GET] http://localhost:8984/fiche/7
21:07:09.800	0:0:0:0:0:0:0:1:49389	admin	200		37.06 ms
21:07:09.921	0:0:0:0:0:0:0:1:49389	admin	REQUEST	[GET] http://localhost:8984/error404
21:07:09.940	0:0:0:0:0:0:0:1:49389	admin	200		19.35 ms
21:07:10.039	0:0:0:0:0:0:0:1:49389	admin	REQUEST	[GET] http://localhost:8984/fiche/static/CSS/04/system.css
21:07:10.053	0:0:0:0:0:0:0:1:49389	admin	200		14.39 ms
21:07:16.323	0:0:0:0:0:0:0:1:49389	admin	REQUEST	[GET] http://localhost:8984/Images
21:07:16.368	0:0:0:0:0:0:0:1:49389	admin	200		44.82 ms
21:07:18.696	0:0:0:0:0:0:0:1:49409	admin	REQUEST	[GET] http://localhost:8984/uploadImages
21:07:18.711	0:0:0:0:0:0:0:1:49409	admin	200		15.62 ms
21:08:00.716	0:0:0:0:0:0:0:1:49409	admin	REQUEST	[GET] http://localhost:8984/accueil
21:08:00.723	0:0:0:0:0:0:0:1:49409	admin	200		7.28 ms
21:08:00.731	0:0:0:0:0:0:0:1:49409	admin	REQUEST	[GET] http://localhost:8984/accueil/1
21:08:00.744	0:0:0:0:0:0:0:1:49409	admin	200		13.75 ms
21:08:39.326	0:0:0:0:0:0:0:1:49409	admin	REQUEST	[GET] http://localhost:8984/gere-site
21:08:39.373	0:0:0:0:0:0:0:1:49409	admin	200		47.77 ms
21:08:45.503	0:0:0:0:0:0:0:1:49409	admin	REQUEST	[GET] http://localhost:8984/isilexPremium-Ajouter%20un%20lien%20facebook
21:08:45.516	0:0:0:0:0:0:0:1:49409	admin	200		13.57 ms
21:09:57.773	0:0:0:0:0:0:0:1:49482	admin	REQUEST	[GET] http://localhost:8984/new-fiche
21:09:58.125	0:0:0:0:0:0:0:1:49482	admin	200		351.96 ms
21:10:01.575	0:0:0:0:0:0:0:1:49482	admin	REQUEST	[GET] http://localhost:8984/rubrique/T/1
21:10:01.591	0:0:0:0:0:0:0:1:49482	admin	200		16.86 ms
21:10:03.240	0:0:0:0:0:0:0:1:49482	admin	REQUEST	[GET] http://localhost:8984/fiche/8
21:10:03.258	0:0:0:0:0:0:0:1:49482	admin	200		17.79 ms
21:10:03.368	0:0:0:0:0:0:0:1:49482	admin	REQUEST	[GET] http://localhost:8984/error404
21:10:03.381	0:0:0:0:0:0:0:1:49482	admin	200		12.76 ms
21:10:03.495	0:0:0:0:0:0:0:1:49482	admin	REQUEST	[GET] http://localhost:8984/fiche/static/CSS/04/system.css
21:10:03.510	0:0:0:0:0:0:0:1:49482	admin	200		15.01 ms
21:10:04.478	0:0:0:0:0:0:0:1:49482	admin	REQUEST	[GET] http://localhost:8984/modif-8
21:10:04.497	0:0:0:0:0:0:0:1:49482	admin	200		18.65 ms
21:10:09.826	0:0:0:0:0:0:0:1:49482	admin	REQUEST	[GET] http://localhost:8984/new-fiche
21:10:09.855	0:0:0:0:0:0:0:1:49482	admin	200		28.59 ms
21:30:10.841	0:0:0:0:0:0:0:1:50056	admin	REQUEST	[GET] http://localhost:8984/
21:30:10.848	0:0:0:0:0:0:0:1:50056	admin	200		7.83 ms
21:30:10.850	0:0:0:0:0:0:0:1:50056	admin	REQUEST	[GET] http://localhost:8984/accueil
21:30:10.860	0:0:0:0:0:0:0:1:50056	admin	200		9.92 ms
21:30:10.861	0:0:0:0:0:0:0:1:50056	admin	REQUEST	[GET] http://localhost:8984/accueil/1
21:30:10.875	0:0:0:0:0:0:0:1:50056	admin	200		14.07 ms
21:32:44.157	0:0:0:0:0:0:0:1:50130	admin	REQUEST	[GET] http://localhost:8984/accueil/1
21:32:44.171	0:0:0:0:0:0:0:1:50130	admin	200		14.09 ms
21:32:45.606	0:0:0:0:0:0:0:1:50130	admin	REQUEST	[GET] http://localhost:8984/logout
21:32:45.615	0:0:0:0:0:0:0:1:50130	admin	200		8.4 ms
21:32:45.616	0:0:0:0:0:0:0:1:50130	admin	REQUEST	[GET] http://localhost:8984/
21:32:45.624	0:0:0:0:0:0:0:1:50130	admin	200		7.46 ms
21:32:45.626	0:0:0:0:0:0:0:1:50130	admin	REQUEST	[GET] http://localhost:8984/accueil
21:32:45.633	0:0:0:0:0:0:0:1:50130	admin	200		7.11 ms
21:32:45.635	0:0:0:0:0:0:0:1:50130	admin	REQUEST	[GET] http://localhost:8984/accueil/1
21:32:45.648	0:0:0:0:0:0:0:1:50130	admin	200		13.61 ms
21:33:31.529	0:0:0:0:0:0:0:1:50130	admin	REQUEST	[GET] http://localhost:8984/fiche/8
21:33:31.543	0:0:0:0:0:0:0:1:50130	admin	200		13.41 ms
21:33:32.214	0:0:0:0:0:0:0:1:50130	admin	REQUEST	[GET] http://localhost:8984/rubrique/T/1
21:33:32.227	0:0:0:0:0:0:0:1:50130	admin	200		13.14 ms
21:33:33.486	0:0:0:0:0:0:0:1:50130	admin	REQUEST	[GET] http://localhost:8984/accueil
21:33:33.494	0:0:0:0:0:0:0:1:50130	admin	200		7.43 ms
21:33:33.495	0:0:0:0:0:0:0:1:50130	admin	REQUEST	[GET] http://localhost:8984/accueil/1
21:33:33.512	0:0:0:0:0:0:0:1:50130	admin	200		16.18 ms
21:39:45.011	0:0:0:0:0:0:0:1:50219	admin	REQUEST	[GET] http://localhost:8984/login
21:39:45.025	0:0:0:0:0:0:0:1:50219	admin	200		13.87 ms
21:40:08.457	0:0:0:0:0:0:0:1:50219	admin	REQUEST	[POST] http://localhost:8984/logging
21:40:08.466	0:0:0:0:0:0:0:1:50219	admin	200		9.75 ms
21:40:08.470	0:0:0:0:0:0:0:1:50219	admin	REQUEST	[GET] http://localhost:8984/
21:40:08.477	0:0:0:0:0:0:0:1:50219	admin	200		7.14 ms
21:40:08.481	0:0:0:0:0:0:0:1:50219	admin	REQUEST	[GET] http://localhost:8984/accueil
21:40:08.489	0:0:0:0:0:0:0:1:50219	admin	200		7.26 ms
21:40:08.492	0:0:0:0:0:0:0:1:50219	admin	REQUEST	[GET] http://localhost:8984/accueil/1
21:40:08.507	0:0:0:0:0:0:0:1:50219	admin	200		14.26 ms
21:40:16.822	0:0:0:0:0:0:0:1:50219	admin	REQUEST	[GET] http://localhost:8984/new-fiche
21:40:16.848	0:0:0:0:0:0:0:1:50219	admin	200		26.6 ms
21:40:51.807	0:0:0:0:0:0:0:1:50219	admin	REQUEST	[POST] http://localhost:8984/saveNew
21:40:52.125	0:0:0:0:0:0:0:1:50219	admin	200		318.61 ms
21:40:52.129	0:0:0:0:0:0:0:1:50219	admin	REQUEST	[GET] http://localhost:8984/modif-9?message=Votre%20fiche%20a%20bien%20%C3%A9t%C3%A9%20sauv%C3%A9e
21:40:52.146	0:0:0:0:0:0:0:1:50219	admin	200		17.42 ms
21:41:27.321	0:0:0:0:0:0:0:1:50219	admin	REQUEST	[POST] http://localhost:8984/validate-xsd
21:41:27.331	0:0:0:0:0:0:0:1:50219	admin	200		10.64 ms
21:41:27.336	0:0:0:0:0:0:0:1:50219	admin	REQUEST	[POST] http://localhost:8984/saveFiche
21:41:27.349	0:0:0:0:0:0:0:1:50219	admin	200		13.44 ms
21:41:27.353	0:0:0:0:0:0:0:1:50219	admin	REQUEST	[GET] http://localhost:8984/modif-9?message=Votre%20fiche%20a%20bien%20%C3%A9t%C3%A9%20sauv%C3%A9e
21:41:27.371	0:0:0:0:0:0:0:1:50219	admin	200		17.77 ms
21:41:36.690	0:0:0:0:0:0:0:1:50219	admin	REQUEST	[GET] http://localhost:8984/ftMark-9
21:41:36.736	0:0:0:0:0:0:0:1:50219	admin	200		45.86 ms
21:41:36.741	0:0:0:0:0:0:0:1:50219	admin	REQUEST	[GET] http://localhost:8984/modif-9
21:41:36.757	0:0:0:0:0:0:0:1:50219	admin	200		16.08 ms
21:41:44.703	0:0:0:0:0:0:0:1:50219	admin	REQUEST	[POST] http://localhost:8984/validate-xsd
21:41:44.714	0:0:0:0:0:0:0:1:50219	admin	200		10.96 ms
21:41:44.719	0:0:0:0:0:0:0:1:50219	admin	REQUEST	[POST] http://localhost:8984/saveFiche
21:41:44.731	0:0:0:0:0:0:0:1:50219	admin	200		12.59 ms
21:41:44.735	0:0:0:0:0:0:0:1:50219	admin	REQUEST	[GET] http://localhost:8984/modif-9?message=Votre%20fiche%20a%20bien%20%C3%A9t%C3%A9%20sauv%C3%A9e
21:41:44.756	0:0:0:0:0:0:0:1:50219	admin	200		20.91 ms
21:41:50.958	0:0:0:0:0:0:0:1:50219	admin	REQUEST	[GET] http://localhost:8984/
21:41:50.966	0:0:0:0:0:0:0:1:50219	admin	200		7.72 ms
21:41:50.970	0:0:0:0:0:0:0:1:50219	admin	REQUEST	[GET] http://localhost:8984/accueil
21:41:50.977	0:0:0:0:0:0:0:1:50219	admin	200		6.82 ms
21:41:50.981	0:0:0:0:0:0:0:1:50219	admin	REQUEST	[GET] http://localhost:8984/accueil/1
21:41:50.994	0:0:0:0:0:0:0:1:50219	admin	200		13.75 ms
21:41:56.210	0:0:0:0:0:0:0:1:50219	admin	REQUEST	[GET] http://localhost:8984/rubrique/R/1
21:41:56.224	0:0:0:0:0:0:0:1:50219	admin	200		13.94 ms
21:42:01.608	0:0:0:0:0:0:0:1:50219	admin	REQUEST	[GET] http://localhost:8984/fiche/9
21:42:01.623	0:0:0:0:0:0:0:1:50219	admin	200		14.79 ms
21:42:01.740	0:0:0:0:0:0:0:1:50292	admin	REQUEST	[GET] http://localhost:8984/error404
21:42:01.752	0:0:0:0:0:0:0:1:50292	admin	200		12.51 ms
21:42:01.875	0:0:0:0:0:0:0:1:50286	admin	REQUEST	[GET] http://localhost:8984/fiche/static/CSS/04/system.css
21:42:01.890	0:0:0:0:0:0:0:1:50286	admin	200		15.03 ms
21:42:12.657	0:0:0:0:0:0:0:1:50292	admin	REQUEST	[GET] http://localhost:8984/modif-9
21:42:12.679	0:0:0:0:0:0:0:1:50292	admin	200		21.6 ms
21:42:41.583	0:0:0:0:0:0:0:1:50292	admin	REQUEST	[POST] http://localhost:8984/validate-xsd
21:42:41.593	0:0:0:0:0:0:0:1:50292	admin	200		10.39 ms
21:42:41.598	0:0:0:0:0:0:0:1:50292	admin	REQUEST	[POST] http://localhost:8984/saveFiche
21:42:41.611	0:0:0:0:0:0:0:1:50292	admin	200		13.35 ms
21:42:41.615	0:0:0:0:0:0:0:1:50292	admin	REQUEST	[GET] http://localhost:8984/modif-9?message=Votre%20fiche%20a%20bien%20%C3%A9t%C3%A9%20sauv%C3%A9e
21:42:41.631	0:0:0:0:0:0:0:1:50292	admin	200		16.56 ms
21:42:48.871	0:0:0:0:0:0:0:1:50292	admin	REQUEST	[GET] http://localhost:8984/
21:42:48.879	0:0:0:0:0:0:0:1:50292	admin	200		7.56 ms
21:42:48.883	0:0:0:0:0:0:0:1:50292	admin	REQUEST	[GET] http://localhost:8984/accueil
21:42:48.890	0:0:0:0:0:0:0:1:50292	admin	200		7.28 ms
21:42:48.894	0:0:0:0:0:0:0:1:50292	admin	REQUEST	[GET] http://localhost:8984/accueil/1
21:42:48.909	0:0:0:0:0:0:0:1:50292	admin	200		15.0 ms
21:42:52.313	0:0:0:0:0:0:0:1:50292	admin	REQUEST	[GET] http://localhost:8984/rubrique/R/1
21:42:52.326	0:0:0:0:0:0:0:1:50292	admin	200		13.03 ms
21:42:54.146	0:0:0:0:0:0:0:1:50292	admin	REQUEST	[GET] http://localhost:8984/fiche/9
21:42:54.160	0:0:0:0:0:0:0:1:50292	admin	200		13.78 ms
21:42:54.307	0:0:0:0:0:0:0:1:50292	admin	REQUEST	[GET] http://localhost:8984/error404
21:42:54.322	0:0:0:0:0:0:0:1:50292	admin	200		15.7 ms
21:42:54.433	0:0:0:0:0:0:0:1:50292	admin	REQUEST	[GET] http://localhost:8984/fiche/static/CSS/04/system.css
21:42:54.448	0:0:0:0:0:0:0:1:50292	admin	200		14.73 ms
21:43:03.811	0:0:0:0:0:0:0:1:50292	admin	REQUEST	[GET] http://localhost:8984/user/admin
21:43:03.824	0:0:0:0:0:0:0:1:50292	admin	200		12.59 ms
21:43:51.026	0:0:0:0:0:0:0:1:50292	admin	REQUEST	[GET] http://localhost:8984/categories
21:43:51.038	0:0:0:0:0:0:0:1:50292	admin	200		12.35 ms
21:44:03.325	0:0:0:0:0:0:0:1:50292	admin	REQUEST	[POST] http://localhost:8984/idefx
21:44:03.666	0:0:0:0:0:0:0:1:50292	admin	200		340.62 ms
21:44:10.636	0:0:0:0:0:0:0:1:50292	admin	REQUEST	[GET] http://localhost:8984/fiche/r%C3%A9volution
21:44:10.654	0:0:0:0:0:0:0:1:50292	admin	200		18.65 ms
21:44:10.780	0:0:0:0:0:0:0:1:50292	admin	REQUEST	[GET] http://localhost:8984/fiche/r%C3%A9volution
21:44:10.797	0:0:0:0:0:0:0:1:50292	admin	400	org.eclipse.jetty.io.EofException	17.02 ms
21:44:10.797	0:0:0:0:0:0:0:1:50292	admin	500	java.lang.IllegalStateException: Committed	0.09 ms
21:44:10.937	0:0:0:0:0:0:0:1:50323	admin	REQUEST	[GET] http://localhost:8984/error404
21:44:10.953	0:0:0:0:0:0:0:1:50323	admin	200		16.49 ms
21:44:11.066	0:0:0:0:0:0:0:1:50323	admin	REQUEST	[GET] http://localhost:8984/fiche/static/CSS/04/system.css
21:44:11.081	0:0:0:0:0:0:0:1:50323	admin	200		14.73 ms
21:44:51.262	0:0:0:0:0:0:0:1:50323	admin	REQUEST	[GET] http://localhost:8984/page/Liens
21:44:51.276	0:0:0:0:0:0:0:1:50323	admin	200		14.58 ms
21:44:55.220	0:0:0:0:0:0:0:1:50323	admin	REQUEST	[GET] http://localhost:8984/pageHTML-fr-Liens
21:44:55.234	0:0:0:0:0:0:0:1:50323	admin	200		13.83 ms
21:45:25.061	0:0:0:0:0:0:0:1:50323	admin	REQUEST	[POST] http://localhost:8984/savePageHTML-fr-Liens
21:45:25.375	0:0:0:0:0:0:0:1:50323	admin	200		314.31 ms
21:45:25.379	0:0:0:0:0:0:0:1:50323	admin	REQUEST	[GET] http://localhost:8984/pageHTML-fr-Liens
21:45:25.393	0:0:0:0:0:0:0:1:50323	admin	200		14.24 ms
21:45:28.274	0:0:0:0:0:0:0:1:50323	admin	REQUEST	[GET] http://localhost:8984/page/Liens
21:45:28.286	0:0:0:0:0:0:0:1:50323	admin	200		12.85 ms
21:45:37.026	0:0:0:0:0:0:0:1:50323	admin	REQUEST	[GET] http://localhost:8984/pageHTML-fr-Liens
21:45:37.040	0:0:0:0:0:0:0:1:50323	admin	200		14.59 ms
21:45:42.199	0:0:0:0:0:0:0:1:50323	admin	REQUEST	[POST] http://localhost:8984/savePageHTML-fr-Liens
21:45:42.218	0:0:0:0:0:0:0:1:50323	admin	200		19.2 ms
21:45:42.223	0:0:0:0:0:0:0:1:50323	admin	REQUEST	[GET] http://localhost:8984/pageHTML-fr-Liens
21:45:42.237	0:0:0:0:0:0:0:1:50323	admin	200		13.93 ms
21:45:46.037	0:0:0:0:0:0:0:1:50323	admin	REQUEST	[GET] http://localhost:8984/page/Liens
21:45:46.050	0:0:0:0:0:0:0:1:50323	admin	200		12.46 ms
21:46:03.532	0:0:0:0:0:0:0:1:50323	admin	REQUEST	[GET] http://localhost:8984/page/Liens
21:46:03.546	0:0:0:0:0:0:0:1:50323	admin	200		13.34 ms
21:46:04.453	0:0:0:0:0:0:0:1:50323	admin	REQUEST	[GET] http://localhost:8984/pageHTML-fr-Liens
21:46:04.468	0:0:0:0:0:0:0:1:50323	admin	200		14.54 ms
21:46:46.637	0:0:0:0:0:0:0:1:50323	admin	REQUEST	[POST] http://localhost:8984/savePageHTML-fr-Liens
21:46:46.653	0:0:0:0:0:0:0:1:50323	admin	200		15.67 ms
21:46:46.657	0:0:0:0:0:0:0:1:50323	admin	REQUEST	[GET] http://localhost:8984/pageHTML-fr-Liens
21:46:46.671	0:0:0:0:0:0:0:1:50323	admin	200		14.19 ms
21:46:48.915	0:0:0:0:0:0:0:1:50323	admin	REQUEST	[GET] http://localhost:8984/page/Liens
21:46:48.927	0:0:0:0:0:0:0:1:50323	admin	200		12.38 ms
21:47:02.436	0:0:0:0:0:0:0:1:50323	admin	REQUEST	[GET] http://localhost:8984/forum/FORUMISILEX
21:47:02.453	0:0:0:0:0:0:0:1:50323	admin	200		17.08 ms
21:47:02.564	0:0:0:0:0:0:0:1:50323	admin	REQUEST	[GET] http://localhost:8984/error404
21:47:02.576	0:0:0:0:0:0:0:1:50323	admin	200		12.25 ms
21:47:02.691	0:0:0:0:0:0:0:1:50323	admin	REQUEST	[GET] http://localhost:8984/forum/static/CSS/04/system.css
21:47:02.692	0:0:0:0:0:0:0:1:50323	admin	404	No function found that matches the request.	0.75 ms
21:47:02.692	0:0:0:0:0:0:0:1:50323	admin	REQUEST	[GET] http://localhost:8984/error404
21:47:02.704	0:0:0:0:0:0:0:1:50323	admin	200		12.28 ms
21:47:06.307	0:0:0:0:0:0:0:1:50323	admin	REQUEST	[GET] http://localhost:8984/accueil
21:47:06.314	0:0:0:0:0:0:0:1:50323	admin	200		7.34 ms
21:47:06.318	0:0:0:0:0:0:0:1:50323	admin	REQUEST	[GET] http://localhost:8984/accueil/1
21:47:06.334	0:0:0:0:0:0:0:1:50323	admin	200		15.82 ms
21:47:08.826	0:0:0:0:0:0:0:1:50323	admin	REQUEST	[GET] http://localhost:8984/pageHTML-fr-texteAccueil
21:47:08.840	0:0:0:0:0:0:0:1:50323	admin	200		14.51 ms
21:48:27.275	0:0:0:0:0:0:0:1:50404	admin	REQUEST	[GET] http://localhost:8984/accueil
21:48:27.282	0:0:0:0:0:0:0:1:50404	admin	200		7.48 ms
21:48:27.286	0:0:0:0:0:0:0:1:50404	admin	REQUEST	[GET] http://localhost:8984/accueil/1
21:48:27.301	0:0:0:0:0:0:0:1:50404	admin	200		15.16 ms
21:48:30.810	0:0:0:0:0:0:0:1:50404	admin	REQUEST	[POST] http://localhost:8984/change-lang
21:48:30.821	0:0:0:0:0:0:0:1:50404	admin	200		10.91 ms
21:48:30.825	0:0:0:0:0:0:0:1:50404	admin	REQUEST	[GET] http://localhost:8984/accueil/1
21:48:30.839	0:0:0:0:0:0:0:1:50404	admin	200		14.28 ms
21:48:33.551	0:0:0:0:0:0:0:1:50404	admin	REQUEST	[GET] http://localhost:8984/pageHTML-en-mainPageText
21:48:33.564	0:0:0:0:0:0:0:1:50404	admin	200		13.53 ms
21:48:42.829	0:0:0:0:0:0:0:1:50404	admin	REQUEST	[POST] http://localhost:8984/change-lang
21:48:42.838	0:0:0:0:0:0:0:1:50404	admin	200		9.32 ms
21:48:42.842	0:0:0:0:0:0:0:1:50404	admin	REQUEST	[GET] http://localhost:8984/pageHTML-en-mainPageText
21:48:42.855	0:0:0:0:0:0:0:1:50404	admin	200		13.43 ms
21:48:46.062	0:0:0:0:0:0:0:1:50404	admin	REQUEST	[GET] http://localhost:8984/accueil
21:48:46.069	0:0:0:0:0:0:0:1:50404	admin	200		7.16 ms
21:48:46.073	0:0:0:0:0:0:0:1:50404	admin	REQUEST	[GET] http://localhost:8984/accueil/1
21:48:46.087	0:0:0:0:0:0:0:1:50404	admin	200		14.19 ms
21:48:52.417	0:0:0:0:0:0:0:1:50404	admin	REQUEST	[GET] http://localhost:8984/new-fiche
21:48:52.446	0:0:0:0:0:0:0:1:50404	admin	200		29.05 ms
21:54:36.059	0:0:0:0:0:0:0:1:50481	admin	REQUEST	[POST] http://localhost:8984/saveNew
21:54:36.073	0:0:0:0:0:0:0:1:50481	admin	200		14.23 ms
21:54:36.077	0:0:0:0:0:0:0:1:50481	admin	REQUEST	[GET] http://localhost:8984/modif-10?message=Votre%20fiche%20a%20bien%20%C3%A9t%C3%A9%20sauv%C3%A9e
21:54:36.095	0:0:0:0:0:0:0:1:50481	admin	200		18.26 ms
21:54:50.366	0:0:0:0:0:0:0:1:50481	admin	REQUEST	[POST] http://localhost:8984/validate-xsd
21:54:50.377	0:0:0:0:0:0:0:1:50481	admin	200		11.34 ms
21:54:50.382	0:0:0:0:0:0:0:1:50481	admin	REQUEST	[POST] http://localhost:8984/saveFiche
21:54:50.395	0:0:0:0:0:0:0:1:50481	admin	200		13.02 ms
21:54:50.399	0:0:0:0:0:0:0:1:50481	admin	REQUEST	[GET] http://localhost:8984/modif-10?message=Votre%20fiche%20a%20bien%20%C3%A9t%C3%A9%20sauv%C3%A9e
21:54:50.697	0:0:0:0:0:0:0:1:50481	admin	200		297.8 ms
21:54:54.571	0:0:0:0:0:0:0:1:50481	admin	REQUEST	[GET] http://localhost:8984/
21:54:54.578	0:0:0:0:0:0:0:1:50481	admin	200		7.56 ms
21:54:54.582	0:0:0:0:0:0:0:1:50481	admin	REQUEST	[GET] http://localhost:8984/accueil
21:54:54.592	0:0:0:0:0:0:0:1:50481	admin	200		9.66 ms
21:54:54.596	0:0:0:0:0:0:0:1:50481	admin	REQUEST	[GET] http://localhost:8984/accueil/1
21:54:54.610	0:0:0:0:0:0:0:1:50481	admin	200		13.98 ms
21:54:57.731	0:0:0:0:0:0:0:1:50481	admin	REQUEST	[GET] http://localhost:8984/rubrique/B/1
21:54:57.745	0:0:0:0:0:0:0:1:50481	admin	200		14.1 ms
21:54:59.621	0:0:0:0:0:0:0:1:50481	admin	REQUEST	[GET] http://localhost:8984/fiche/10
21:54:59.933	0:0:0:0:0:0:0:1:50481	admin	200		312.21 ms
21:55:00.057	0:0:0:0:0:0:0:1:50481	admin	REQUEST	[GET] http://localhost:8984/error404
21:55:00.070	0:0:0:0:0:0:0:1:50481	admin	200		13.02 ms
21:55:00.173	0:0:0:0:0:0:0:1:50481	admin	REQUEST	[GET] http://localhost:8984/fiche/static/CSS/04/system.css
21:55:00.189	0:0:0:0:0:0:0:1:50481	admin	200		15.33 ms
21:55:13.234	0:0:0:0:0:0:0:1:50481	admin	REQUEST	[GET] http://localhost:8984/isilexPremium-Word
21:55:13.248	0:0:0:0:0:0:0:1:50481	admin	200		13.88 ms
21:55:19.775	0:0:0:0:0:0:0:1:50481	admin	REQUEST	[GET] http://localhost:8984/fiche/static/CSS/04/system.css
21:55:19.793	0:0:0:0:0:0:0:1:50481	admin	200		17.53 ms
21:56:25.519	0:0:0:0:0:0:0:1:50511	admin	REQUEST	[GET] http://localhost:8984/gere-site
21:56:25.535	0:0:0:0:0:0:0:1:50511	admin	200		15.94 ms
21:56:50.862	0:0:0:0:0:0:0:1:50511	admin	REQUEST	[GET] http://localhost:8984/logout
21:56:50.871	0:0:0:0:0:0:0:1:50511	admin	200		8.37 ms
21:56:50.875	0:0:0:0:0:0:0:1:50511	admin	REQUEST	[GET] http://localhost:8984/
21:56:50.882	0:0:0:0:0:0:0:1:50511	admin	200		7.56 ms
21:56:50.886	0:0:0:0:0:0:0:1:50511	admin	REQUEST	[GET] http://localhost:8984/accueil
21:56:50.893	0:0:0:0:0:0:0:1:50511	admin	200		7.23 ms
21:56:50.897	0:0:0:0:0:0:0:1:50511	admin	REQUEST	[GET] http://localhost:8984/accueil/1
21:56:50.911	0:0:0:0:0:0:0:1:50511	admin	200		13.75 ms
21:56:53.239	0:0:0:0:0:0:0:1:50511	admin	REQUEST	[GET] http://localhost:8984/login
21:56:53.252	0:0:0:0:0:0:0:1:50511	admin	200		13.45 ms
21:56:56.845	0:0:0:0:0:0:0:1:50511	admin	REQUEST	[GET] http://localhost:8984/register
21:56:56.857	0:0:0:0:0:0:0:1:50511	admin	200		11.98 ms
21:57:21.361	0:0:0:0:0:0:0:1:50511	admin	REQUEST	[POST] http://localhost:8984/registering
21:57:21.368	0:0:0:0:0:0:0:1:50511	admin	200		7.17 ms
21:57:21.407	0:0:0:0:0:0:0:1:50511	admin	REQUEST	[GET] http://localhost:8984/register?message=Invalid+or+already+used+email
21:57:21.421	0:0:0:0:0:0:0:1:50511	admin	200		14.64 ms
21:57:39.062	0:0:0:0:0:0:0:1:50511	admin	REQUEST	[POST] http://localhost:8984/registering
21:57:39.072	0:0:0:0:0:0:0:1:50511	admin	200		9.74 ms
21:57:39.076	0:0:0:0:0:0:0:1:50511	admin	REQUEST	[GET] http://localhost:8984/user/parent
21:57:39.088	0:0:0:0:0:0:0:1:50511	admin	200		12.29 ms
21:57:43.524	0:0:0:0:0:0:0:1:50511	admin	REQUEST	[GET] http://localhost:8984/user/parent
21:57:43.536	0:0:0:0:0:0:0:1:50511	admin	200		12.05 ms
21:57:46.269	0:0:0:0:0:0:0:1:50511	admin	REQUEST	[GET] http://localhost:8984/rubrique/B/1
21:57:46.283	0:0:0:0:0:0:0:1:50511	admin	200		14.44 ms
21:57:47.349	0:0:0:0:0:0:0:1:50511	admin	REQUEST	[GET] http://localhost:8984/fiche/10
21:57:47.363	0:0:0:0:0:0:0:1:50511	admin	200		14.26 ms
21:57:47.496	0:0:0:0:0:0:0:1:50546	admin	REQUEST	[GET] http://localhost:8984/error404
21:57:47.508	0:0:0:0:0:0:0:1:50546	admin	200		12.16 ms
21:57:47.612	0:0:0:0:0:0:0:1:50546	admin	REQUEST	[GET] http://localhost:8984/fiche/static/CSS/04/system.css
21:57:47.627	0:0:0:0:0:0:0:1:50546	admin	200		14.55 ms
21:57:49.577	0:0:0:0:0:0:0:1:50511	admin	REQUEST	[GET] http://localhost:8984/modif-10
21:57:49.593	0:0:0:0:0:0:0:1:50511	admin	200		16.25 ms
21:57:53.292	0:0:0:0:0:0:0:1:50511	admin	REQUEST	[GET] http://localhost:8984/fiche/static/CSS/04/system.css
21:57:53.307	0:0:0:0:0:0:0:1:50511	admin	200		14.54 ms
21:58:00.310	0:0:0:0:0:0:0:1:50511	admin	REQUEST	[GET] http://localhost:8984/logout
21:58:00.317	0:0:0:0:0:0:0:1:50511	admin	200		7.44 ms
21:58:00.321	0:0:0:0:0:0:0:1:50511	admin	REQUEST	[GET] http://localhost:8984/
21:58:00.329	0:0:0:0:0:0:0:1:50511	admin	200		7.94 ms
21:58:00.333	0:0:0:0:0:0:0:1:50511	admin	REQUEST	[GET] http://localhost:8984/accueil
21:58:00.340	0:0:0:0:0:0:0:1:50511	admin	200		7.1 ms
21:58:00.344	0:0:0:0:0:0:0:1:50511	admin	REQUEST	[GET] http://localhost:8984/accueil/1
21:58:00.357	0:0:0:0:0:0:0:1:50511	admin	200		13.05 ms
21:58:01.526	0:0:0:0:0:0:0:1:50511	admin	REQUEST	[GET] http://localhost:8984/login
21:58:01.538	0:0:0:0:0:0:0:1:50511	admin	200		12.18 ms
21:58:08.841	0:0:0:0:0:0:0:1:50511	admin	REQUEST	[POST] http://localhost:8984/logging
21:58:08.850	0:0:0:0:0:0:0:1:50511	admin	200		9.12 ms
21:58:08.854	0:0:0:0:0:0:0:1:50511	admin	REQUEST	[GET] http://localhost:8984/
21:58:08.862	0:0:0:0:0:0:0:1:50511	admin	200		7.24 ms
21:58:08.866	0:0:0:0:0:0:0:1:50511	admin	REQUEST	[GET] http://localhost:8984/accueil
21:58:08.875	0:0:0:0:0:0:0:1:50511	admin	200		9.57 ms
21:58:08.883	0:0:0:0:0:0:0:1:50511	admin	REQUEST	[GET] http://localhost:8984/accueil/1
21:58:08.896	0:0:0:0:0:0:0:1:50511	admin	200		13.54 ms
21:58:10.546	0:0:0:0:0:0:0:1:50511	admin	REQUEST	[GET] http://localhost:8984/gere-users
21:58:10.561	0:0:0:0:0:0:0:1:50511	admin	200		14.92 ms
22:02:54.456	0:0:0:0:0:0:0:1:50640	admin	REQUEST	[GET] http://localhost:8984/accueil
22:02:54.463	0:0:0:0:0:0:0:1:50640	admin	200		7.0 ms
22:02:54.468	0:0:0:0:0:0:0:1:50640	admin	REQUEST	[GET] http://localhost:8984/accueil/1
22:02:54.483	0:0:0:0:0:0:0:1:50640	admin	200		14.7 ms
22:03:00.011	0:0:0:0:0:0:0:1:50640	admin	REQUEST	[GET] http://localhost:8984/alphabetC-off
22:03:00.020	0:0:0:0:0:0:0:1:50640	admin	200		8.69 ms
22:03:00.025	0:0:0:0:0:0:0:1:50640	admin	REQUEST	[GET] http://localhost:8984/accueil/1
22:03:00.051	0:0:0:0:0:0:0:1:50640	admin	200		25.74 ms
22:03:13.062	0:0:0:0:0:0:0:1:50640	admin	REQUEST	[GET] http://localhost:8984/accueil/26
22:03:13.092	0:0:0:0:0:0:0:1:50640	admin	200		30.26 ms
22:03:14.761	0:0:0:0:0:0:0:1:50640	admin	REQUEST	[GET] http://localhost:8984/accueil/1
22:03:14.787	0:0:0:0:0:0:0:1:50640	admin	200		26.52 ms
22:03:22.107	0:0:0:0:0:0:0:1:50640	admin	REQUEST	[GET] http://localhost:8984/fiche/bernes
22:03:22.122	0:0:0:0:0:0:0:1:50640	admin	200		14.72 ms
22:03:22.231	0:0:0:0:0:0:0:1:50640	admin	REQUEST	[GET] http://localhost:8984/error404
22:03:22.243	0:0:0:0:0:0:0:1:50640	admin	200		12.41 ms
22:03:22.377	0:0:0:0:0:0:0:1:50649	admin	REQUEST	[GET] http://localhost:8984/fiche/static/CSS/04/system.css
22:03:22.394	0:0:0:0:0:0:0:1:50649	admin	200		16.48 ms
22:03:38.542	0:0:0:0:0:0:0:1:50640	admin	REQUEST	[GET] http://localhost:8984/alphabetC-on
22:03:38.593	0:0:0:0:0:0:0:1:50640	admin	200		50.78 ms
22:03:38.640	0:0:0:0:0:0:0:1:50640	admin	REQUEST	[GET] http://localhost:8984/accueil/1
22:03:38.655	0:0:0:0:0:0:0:1:50640	admin	200		14.99 ms
