03:40:25.470	66.249.76.125:40668	admin	REQUEST	[GET] http://tourdebabel.hd.free.fr:2211/robots.txt
03:40:25.873	66.249.76.125:40668	admin	404	No function found that matches the request.	403.06 ms
03:40:25.874	66.249.76.125:40668	admin	REQUEST	[GET] http://tourdebabel.hd.free.fr:2211/error404
03:40:26.027	66.249.76.125:40668	admin	200		152.93 ms
08:50:34.001	0:0:0:0:0:0:0:1:64286	admin	REQUEST	[GET] http://localhost:8984/
08:50:34.429	0:0:0:0:0:0:0:1:64286	admin	200		427.91 ms
08:50:34.432	0:0:0:0:0:0:0:1:64286	admin	REQUEST	[GET] http://localhost:8984/accueil
08:50:34.454	0:0:0:0:0:0:0:1:64286	admin	200		21.51 ms
08:50:34.456	0:0:0:0:0:0:0:1:64286	admin	REQUEST	[GET] http://localhost:8984/accueil/1
08:50:34.555	0:0:0:0:0:0:0:1:64286	admin	200		98.9 ms
08:50:37.303	0:0:0:0:0:0:0:1:64286	admin	REQUEST	[GET] http://localhost:8984/login
08:50:37.336	0:0:0:0:0:0:0:1:64286	admin	200		32.33 ms
08:50:43.397	0:0:0:0:0:0:0:1:64286	admin	REQUEST	[POST] http://localhost:8984/logging
08:50:43.416	0:0:0:0:0:0:0:1:64286	admin	200		18.86 ms
08:50:43.418	0:0:0:0:0:0:0:1:64286	admin	REQUEST	[GET] http://localhost:8984/login?message=Failed!
08:50:43.456	0:0:0:0:0:0:0:1:64286	admin	200		37.86 ms
08:50:51.296	0:0:0:0:0:0:0:1:64286	admin	REQUEST	[POST] http://localhost:8984/logging
08:50:51.630	0:0:0:0:0:0:0:1:64286	admin	200		334.88 ms
08:50:51.633	0:0:0:0:0:0:0:1:64286	admin	REQUEST	[GET] http://localhost:8984/
08:50:51.650	0:0:0:0:0:0:0:1:64286	admin	200		17.26 ms
08:50:51.653	0:0:0:0:0:0:0:1:64286	admin	REQUEST	[GET] http://localhost:8984/accueil
08:50:51.670	0:0:0:0:0:0:0:1:64286	admin	200		17.67 ms
08:50:51.673	0:0:0:0:0:0:0:1:64286	admin	REQUEST	[GET] http://localhost:8984/accueil/1
08:50:51.972	0:0:0:0:0:0:0:1:64286	admin	200		299.44 ms
08:51:51.558	0:0:0:0:0:0:0:1:64309	admin	REQUEST	[GET] http://localhost:8984/accueil/1
08:51:51.559	0:0:0:0:0:0:0:1:64309	admin	404	No function found that matches the request.	0.7 ms
08:51:51.559	0:0:0:0:0:0:0:1:64309	admin	REQUEST	[GET] http://localhost:8984/error404
08:51:51.559	0:0:0:0:0:0:0:1:64309	admin	404	No function found that matches the request.	0.36 ms
08:51:56.209	0:0:0:0:0:0:0:1:64309	admin	REQUEST	[GET] http://localhost:8984/accueil/1
08:51:56.271	0:0:0:0:0:0:0:1:64309	admin	200		62.05 ms
08:52:24.800	0:0:0:0:0:0:0:1:64309	admin	REQUEST	[GET] http://localhost:8984/accueil/1
08:52:24.840	0:0:0:0:0:0:0:1:64309	admin	200		40.45 ms
08:54:03.611	0:0:0:0:0:0:0:1:64336	admin	REQUEST	[GET] http://localhost:8984/accueil/1
08:54:03.642	0:0:0:0:0:0:0:1:64336	admin	200		31.44 ms
08:54:04.955	0:0:0:0:0:0:0:1:64336	admin	REQUEST	[GET] http://localhost:8984/accueil/1
08:54:04.986	0:0:0:0:0:0:0:1:64336	admin	200		30.57 ms
08:54:32.310	0:0:0:0:0:0:0:1:64336	admin	REQUEST	[GET] http://localhost:8984/accueil/1
08:54:32.342	0:0:0:0:0:0:0:1:64336	admin	200		32.15 ms
08:54:33.935	0:0:0:0:0:0:0:1:64336	admin	REQUEST	[GET] http://localhost:8984/accueil/1
08:54:33.967	0:0:0:0:0:0:0:1:64336	admin	200		31.37 ms
08:54:43.240	0:0:0:0:0:0:0:1:64336	admin	REQUEST	[GET] http://localhost:8984/accueil/1
08:54:43.277	0:0:0:0:0:0:0:1:64336	admin	200		37.56 ms
08:54:44.195	0:0:0:0:0:0:0:1:64336	admin	REQUEST	[GET] http://localhost:8984/accueil/1
08:54:44.225	0:0:0:0:0:0:0:1:64336	admin	200		30.25 ms
08:56:37.084	0:0:0:0:0:0:0:1:64369	admin	REQUEST	[GET] http://localhost:8984/accueil/1
08:56:37.122	0:0:0:0:0:0:0:1:64369	admin	200		38.17 ms
08:56:38.407	0:0:0:0:0:0:0:1:64369	admin	REQUEST	[GET] http://localhost:8984/accueil/1
08:56:38.436	0:0:0:0:0:0:0:1:64369	admin	200		29.0 ms
08:57:14.672	0:0:0:0:0:0:0:1:64369	admin	REQUEST	[GET] http://localhost:8984/accueil/1
08:57:14.707	0:0:0:0:0:0:0:1:64369	admin	200		35.4 ms
08:57:31.025	0:0:0:0:0:0:0:1:64369	admin	REQUEST	[GET] http://localhost:8984/accueil/1
08:57:31.056	0:0:0:0:0:0:0:1:64369	admin	200		31.38 ms
08:57:56.909	0:0:0:0:0:0:0:1:64369	admin	REQUEST	[GET] http://localhost:8984/accueil/1
08:57:56.943	0:0:0:0:0:0:0:1:64369	admin	200		33.32 ms
08:58:14.034	0:0:0:0:0:0:0:1:64369	admin	REQUEST	[GET] http://localhost:8984/accueil/1
08:58:14.065	0:0:0:0:0:0:0:1:64369	admin	200		30.99 ms
08:59:04.403	0:0:0:0:0:0:0:1:64369	admin	REQUEST	[GET] http://localhost:8984/accueil/1
08:59:04.432	0:0:0:0:0:0:0:1:64369	admin	200		29.22 ms
09:00:03.131	0:0:0:0:0:0:0:1:64420	admin	REQUEST	[GET] http://localhost:8984/accueil/1
09:00:03.172	0:0:0:0:0:0:0:1:64420	admin	200		41.13 ms
09:01:11.334	0:0:0:0:0:0:0:1:64473	admin	REQUEST	[GET] http://localhost:8984/accueil/1
09:01:11.363	0:0:0:0:0:0:0:1:64473	admin	200		29.1 ms
09:01:19.437	0:0:0:0:0:0:0:1:64473	admin	REQUEST	[GET] http://localhost:8984/accueil/1
09:01:19.464	0:0:0:0:0:0:0:1:64473	admin	200		27.41 ms
09:01:38.532	0:0:0:0:0:0:0:1:64473	admin	REQUEST	[GET] http://localhost:8984/accueil/1
09:01:38.570	0:0:0:0:0:0:0:1:64473	admin	200		37.95 ms
09:01:50.889	0:0:0:0:0:0:0:1:64473	admin	REQUEST	[GET] http://localhost:8984/accueil/1
09:01:50.917	0:0:0:0:0:0:0:1:64473	admin	200		28.5 ms
09:02:01.139	0:0:0:0:0:0:0:1:64473	admin	REQUEST	[GET] http://localhost:8984/accueil/1
09:02:01.170	0:0:0:0:0:0:0:1:64473	admin	200		31.16 ms
09:02:34.329	0:0:0:0:0:0:0:1:64473	admin	REQUEST	[GET] http://localhost:8984/accueil/1
09:02:34.361	0:0:0:0:0:0:0:1:64473	admin	200		31.82 ms
09:03:07.996	0:0:0:0:0:0:0:1:64473	admin	REQUEST	[GET] http://localhost:8984/accueil/1
09:03:08.023	0:0:0:0:0:0:0:1:64473	admin	200		27.34 ms
09:03:21.058	0:0:0:0:0:0:0:1:64473	admin	REQUEST	[GET] http://localhost:8984/accueil/1
09:03:21.088	0:0:0:0:0:0:0:1:64473	admin	200		30.79 ms
09:03:50.904	0:0:0:0:0:0:0:1:64473	admin	REQUEST	[GET] http://localhost:8984/accueil/1
09:03:50.931	0:0:0:0:0:0:0:1:64473	admin	200		27.09 ms
09:03:55.720	0:0:0:0:0:0:0:1:64473	admin	REQUEST	[GET] http://localhost:8984/accueil/1
09:03:55.752	0:0:0:0:0:0:0:1:64473	admin	200		33.05 ms
09:05:01.308	0:0:0:0:0:0:0:1:64517	admin	REQUEST	[GET] http://localhost:8984/accueil/1
09:05:01.336	0:0:0:0:0:0:0:1:64517	admin	200		27.23 ms
09:07:10.111	0:0:0:0:0:0:0:1:64583	admin	REQUEST	[GET] http://localhost:8984/accueil/1
09:07:10.166	0:0:0:0:0:0:0:1:64583	admin	200		55.05 ms
09:08:10.310	0:0:0:0:0:0:0:1:64619	admin	REQUEST	[GET] http://localhost:8984/accueil/1
09:08:10.337	0:0:0:0:0:0:0:1:64619	admin	200		27.11 ms
09:08:12.124	0:0:0:0:0:0:0:1:64619	admin	REQUEST	[POST] http://localhost:8984/change-lang
09:08:12.144	0:0:0:0:0:0:0:1:64619	admin	200		20.09 ms
09:08:12.146	0:0:0:0:0:0:0:1:64619	admin	REQUEST	[GET] http://localhost:8984/accueil/1
09:08:12.172	0:0:0:0:0:0:0:1:64619	admin	200		26.32 ms
09:09:09.321	0:0:0:0:0:0:0:1:64643	admin	REQUEST	[GET] http://localhost:8984/accueil/1
09:09:09.347	0:0:0:0:0:0:0:1:64643	admin	200		26.69 ms
09:09:14.832	0:0:0:0:0:0:0:1:64643	admin	REQUEST	[POST] http://localhost:8984/change-lang
09:09:14.851	0:0:0:0:0:0:0:1:64643	admin	200		18.61 ms
09:09:14.853	0:0:0:0:0:0:0:1:64643	admin	REQUEST	[GET] http://localhost:8984/accueil/1
09:09:14.880	0:0:0:0:0:0:0:1:64643	admin	200		27.32 ms
09:09:16.823	0:0:0:0:0:0:0:1:64643	admin	REQUEST	[POST] http://localhost:8984/change-lang
09:09:16.841	0:0:0:0:0:0:0:1:64643	admin	200		18.57 ms
09:09:16.844	0:0:0:0:0:0:0:1:64643	admin	REQUEST	[GET] http://localhost:8984/accueil/1
09:09:16.874	0:0:0:0:0:0:0:1:64643	admin	200		31.07 ms
09:09:18.488	0:0:0:0:0:0:0:1:64643	admin	REQUEST	[POST] http://localhost:8984/change-lang
09:09:18.505	0:0:0:0:0:0:0:1:64643	admin	200		17.6 ms
09:09:18.508	0:0:0:0:0:0:0:1:64643	admin	REQUEST	[GET] http://localhost:8984/accueil/1
09:09:18.533	0:0:0:0:0:0:0:1:64643	admin	200		25.86 ms
09:09:34.594	0:0:0:0:0:0:0:1:64643	admin	REQUEST	[GET] http://localhost:8984/accueil/1
09:09:34.621	0:0:0:0:0:0:0:1:64643	admin	200		26.9 ms
09:09:43.864	0:0:0:0:0:0:0:1:64643	admin	REQUEST	[GET] http://localhost:8984/accueil/1
09:09:43.890	0:0:0:0:0:0:0:1:64643	admin	200		25.53 ms
09:10:06.657	0:0:0:0:0:0:0:1:64643	admin	REQUEST	[GET] http://localhost:8984/accueil/1
09:10:06.683	0:0:0:0:0:0:0:1:64643	admin	200		26.25 ms
09:10:13.587	0:0:0:0:0:0:0:1:64643	admin	REQUEST	[GET] http://localhost:8984/accueil/1
09:10:13.612	0:0:0:0:0:0:0:1:64643	admin	200		25.0 ms
09:10:31.137	0:0:0:0:0:0:0:1:64643	admin	REQUEST	[GET] http://localhost:8984/accueil/1
09:10:31.163	0:0:0:0:0:0:0:1:64643	admin	200		25.56 ms
09:10:52.208	0:0:0:0:0:0:0:1:64643	admin	REQUEST	[GET] http://localhost:8984/accueil/1
09:10:52.235	0:0:0:0:0:0:0:1:64643	admin	200		27.23 ms
09:11:09.906	0:0:0:0:0:0:0:1:64643	admin	REQUEST	[GET] http://localhost:8984/accueil/1
09:11:09.932	0:0:0:0:0:0:0:1:64643	admin	200		26.52 ms
09:11:22.899	0:0:0:0:0:0:0:1:64643	admin	REQUEST	[GET] http://localhost:8984/accueil/1
09:11:22.923	0:0:0:0:0:0:0:1:64643	admin	200		24.95 ms
09:11:31.032	0:0:0:0:0:0:0:1:64643	admin	REQUEST	[GET] http://localhost:8984/accueil/1
09:11:31.057	0:0:0:0:0:0:0:1:64643	admin	200		24.79 ms
09:11:40.392	0:0:0:0:0:0:0:1:64643	admin	REQUEST	[GET] http://localhost:8984/accueil/1
09:11:40.417	0:0:0:0:0:0:0:1:64643	admin	200		24.75 ms
09:11:46.322	0:0:0:0:0:0:0:1:64643	admin	REQUEST	[GET] http://localhost:8984/accueil/1
09:11:46.350	0:0:0:0:0:0:0:1:64643	admin	200		28.55 ms
09:12:04.783	0:0:0:0:0:0:0:1:64643	admin	REQUEST	[GET] http://localhost:8984/accueil/1
09:12:04.808	0:0:0:0:0:0:0:1:64643	admin	200		24.88 ms
09:13:28.602	0:0:0:0:0:0:0:1:64703	admin	REQUEST	[GET] http://localhost:8984/accueil/1
09:13:28.626	0:0:0:0:0:0:0:1:64703	admin	200		24.41 ms
09:14:10.338	0:0:0:0:0:0:0:1:64703	admin	REQUEST	[GET] http://localhost:8984/accueil/1
09:14:10.363	0:0:0:0:0:0:0:1:64703	admin	200		25.53 ms
09:14:21.700	0:0:0:0:0:0:0:1:64703	admin	REQUEST	[GET] http://localhost:8984/accueil/1
09:14:21.726	0:0:0:0:0:0:0:1:64703	admin	200		26.33 ms
09:16:38.086	0:0:0:0:0:0:0:1:64756	admin	REQUEST	[GET] http://localhost:8984/accueil/1
09:16:38.111	0:0:0:0:0:0:0:1:64756	admin	200		24.81 ms
09:19:36.671	0:0:0:0:0:0:0:1:64788	admin	REQUEST	[GET] http://localhost:8984/accueil/1
09:19:37.003	0:0:0:0:0:0:0:1:64788	admin	200		332.68 ms
09:22:01.044	0:0:0:0:0:0:0:1:64814	admin	REQUEST	[GET] http://localhost:8984/user/admin
09:22:01.068	0:0:0:0:0:0:0:1:64814	admin	200		24.39 ms
09:22:02.861	0:0:0:0:0:0:0:1:64814	admin	REQUEST	[GET] http://localhost:8984/gere-users
09:22:02.887	0:0:0:0:0:0:0:1:64814	admin	200		26.29 ms
09:22:09.350	0:0:0:0:0:0:0:1:64814	admin	REQUEST	[GET] http://localhost:8984/accueil
09:22:09.367	0:0:0:0:0:0:0:1:64814	admin	200		16.41 ms
09:22:09.369	0:0:0:0:0:0:0:1:64814	admin	REQUEST	[GET] http://localhost:8984/accueil/1
09:22:09.394	0:0:0:0:0:0:0:1:64814	admin	200		25.2 ms
09:23:00.522	0:0:0:0:0:0:0:1:64814	admin	REQUEST	[GET] http://localhost:8984/isilexPremium-Messagerie
09:23:00.852	0:0:0:0:0:0:0:1:64814	admin	200		329.88 ms
09:23:25.536	SERVER	admin	OK	Server was stopped (port: 1984).
09:23:25.536	SERVER	admin	OK	HTTP Server was stopped (port: 8984).
22:29:06.484	SERVER	admin	OK	Server was started (port: 1984).
22:29:06.558	SERVER	admin	OK	HTTP Server was started (port: 8984).
