15:42:15.214	SERVER	admin	OK	Server was started (port: 1984).
15:42:15.285	SERVER	admin	OK	HTTP Server was started (port: 8984).
15:42:17.649	0:0:0:0:0:0:0:1:56401	admin	REQUEST	[GET] http://localhost:8984/error404
15:42:17.649	0:0:0:0:0:0:0:1:56398	admin	REQUEST	[GET] http://localhost:8984/error404
15:42:17.649	0:0:0:0:0:0:0:1:56399	admin	REQUEST	[GET] http://localhost:8984/error404
15:42:17.649	0:0:0:0:0:0:0:1:56400	admin	REQUEST	[GET] http://localhost:8984/error404
15:42:17.649	0:0:0:0:0:0:0:1:56397	admin	REQUEST	[GET] http://localhost:8984/
15:42:18.740	0:0:0:0:0:0:0:1:56397	admin	200		1096.34 ms
15:42:18.746	0:0:0:0:0:0:0:1:56397	admin	REQUEST	[GET] http://localhost:8984/accueil
15:42:18.833	0:0:0:0:0:0:0:1:56397	admin	200		87.47 ms
15:42:18.837	0:0:0:0:0:0:0:1:56397	admin	REQUEST	[GET] http://localhost:8984/accueil/1
15:42:19.003	0:0:0:0:0:0:0:1:56398	admin	200		1359.23 ms
15:42:19.004	0:0:0:0:0:0:0:1:56399	admin	200		1360.04 ms
15:42:19.005	0:0:0:0:0:0:0:1:56400	admin	200		1361.16 ms
15:42:19.011	0:0:0:0:0:0:0:1:56397	admin	200		174.9 ms
15:42:19.011	0:0:0:0:0:0:0:1:56401	admin	200		1367.15 ms
15:42:21.399	0:0:0:0:0:0:0:1:56397	admin	REQUEST	[GET] http://localhost:8984/login
15:42:21.464	0:0:0:0:0:0:0:1:56397	admin	200		64.92 ms
15:42:26.058	0:0:0:0:0:0:0:1:56397	admin	REQUEST	[POST] http://localhost:8984/logging
15:42:26.317	0:0:0:0:0:0:0:1:56397	admin	200		258.98 ms
15:42:26.320	0:0:0:0:0:0:0:1:56397	admin	REQUEST	[GET] http://localhost:8984/
15:42:26.345	0:0:0:0:0:0:0:1:56397	admin	200		25.12 ms
15:42:26.348	0:0:0:0:0:0:0:1:56397	admin	REQUEST	[GET] http://localhost:8984/accueil
15:42:26.373	0:0:0:0:0:0:0:1:56397	admin	200		24.85 ms
15:42:26.376	0:0:0:0:0:0:0:1:56397	admin	REQUEST	[GET] http://localhost:8984/accueil/1
15:42:26.451	0:0:0:0:0:0:0:1:56397	admin	200		75.22 ms
15:42:28.497	0:0:0:0:0:0:0:1:56397	admin	REQUEST	[GET] http://localhost:8984/page/IsiCorpus
15:42:28.576	0:0:0:0:0:0:0:1:56397	admin	200		79.61 ms
15:43:13.687	0:0:0:0:0:0:0:1:56397	admin	REQUEST	[GET] http://localhost:8984/uploadTextes
15:43:14.071	0:0:0:0:0:0:0:1:56397	admin	200		384.27 ms
15:43:22.680	0:0:0:0:0:0:0:1:56397	admin	REQUEST	[POST] http://localhost:8984/uploadTextesSave
15:43:22.925	0:0:0:0:0:0:0:1:56397	admin	200		244.77 ms
15:43:22.928	0:0:0:0:0:0:0:1:56397	admin	REQUEST	[GET] http://localhost:8984/createDbCorp-article-0
15:43:23.022	0:0:0:0:0:0:0:1:56397	admin	200		94.51 ms
15:43:23.025	0:0:0:0:0:0:0:1:56397	admin	REQUEST	[GET] http://localhost:8984/insertDbCorp-article-0
15:43:23.423	0:0:0:0:0:0:0:1:56397	admin	200		398.94 ms
15:43:23.427	0:0:0:0:0:0:0:1:56397	admin	REQUEST	[GET] http://localhost:8984/traiteCorpuXml-article-10
15:43:23.535	0:0:0:0:0:0:0:1:56397	admin	200		108.68 ms
15:43:28.726	0:0:0:0:0:0:0:1:56397	admin	REQUEST	[POST] http://localhost:8984/saveCorpusQuit-article
15:43:29.122	0:0:0:0:0:0:0:1:56397	admin	200		396.55 ms
15:43:29.125	0:0:0:0:0:0:0:1:56397	admin	REQUEST	[GET] http://localhost:8984/traiteCorpuXml-article-10
15:43:29.170	0:0:0:0:0:0:0:1:56397	admin	200		44.83 ms
15:43:34.379	0:0:0:0:0:0:0:1:56397	admin	REQUEST	[GET] http://localhost:8984/traiteCorpuXml-article-0
15:43:34.487	0:0:0:0:0:0:0:1:56397	admin	200		108.24 ms
15:43:35.569	0:0:0:0:0:0:0:1:56397	admin	REQUEST	[GET] http://localhost:8984/traiteCorpuXml-article-10
15:43:35.607	0:0:0:0:0:0:0:1:56397	admin	200		38.08 ms
15:43:36.202	0:0:0:0:0:0:0:1:56397	admin	REQUEST	[GET] http://localhost:8984/traiteCorpuXml-article-20
15:43:36.238	0:0:0:0:0:0:0:1:56397	admin	200		36.07 ms
15:43:36.901	0:0:0:0:0:0:0:1:56397	admin	REQUEST	[GET] http://localhost:8984/traiteCorpuXml-article-30
15:43:36.936	0:0:0:0:0:0:0:1:56397	admin	200		35.13 ms
15:43:37.609	0:0:0:0:0:0:0:1:56397	admin	REQUEST	[GET] http://localhost:8984/traiteCorpuXml-article-40
15:43:37.644	0:0:0:0:0:0:0:1:56397	admin	200		35.09 ms
15:43:38.188	0:0:0:0:0:0:0:1:56397	admin	REQUEST	[GET] http://localhost:8984/traiteCorpuXml-article-50
15:43:38.223	0:0:0:0:0:0:0:1:56397	admin	200		35.5 ms
15:43:38.564	0:0:0:0:0:0:0:1:56397	admin	REQUEST	[GET] http://localhost:8984/traiteCorpuXml-article-60
15:43:38.602	0:0:0:0:0:0:0:1:56397	admin	200		38.22 ms
15:43:38.737	0:0:0:0:0:0:0:1:56397	admin	REQUEST	[GET] http://localhost:8984/traiteCorpuXml-article-70
15:43:38.772	0:0:0:0:0:0:0:1:56397	admin	200		34.55 ms
15:43:38.901	0:0:0:0:0:0:0:1:56397	admin	REQUEST	[GET] http://localhost:8984/traiteCorpuXml-article-80
15:43:38.941	0:0:0:0:0:0:0:1:56397	admin	200		40.23 ms
15:43:39.048	0:0:0:0:0:0:0:1:56397	admin	REQUEST	[GET] http://localhost:8984/traiteCorpuXml-article-90
15:43:39.094	0:0:0:0:0:0:0:1:56397	admin	200		46.26 ms
15:43:39.193	0:0:0:0:0:0:0:1:56397	admin	REQUEST	[GET] http://localhost:8984/traiteCorpuXml-article-100
15:43:39.225	0:0:0:0:0:0:0:1:56397	admin	200		32.5 ms
15:43:39.350	0:0:0:0:0:0:0:1:56397	admin	REQUEST	[GET] http://localhost:8984/traiteCorpuXml-article-110
15:43:39.381	0:0:0:0:0:0:0:1:56397	admin	200		31.56 ms
15:43:39.485	0:0:0:0:0:0:0:1:56397	admin	REQUEST	[GET] http://localhost:8984/traiteCorpuXml-article-120
15:43:39.520	0:0:0:0:0:0:0:1:56397	admin	200		34.85 ms
15:43:39.621	0:0:0:0:0:0:0:1:56397	admin	REQUEST	[GET] http://localhost:8984/traiteCorpuXml-article-130
15:43:39.652	0:0:0:0:0:0:0:1:56397	admin	200		31.24 ms
15:43:39.768	0:0:0:0:0:0:0:1:56397	admin	REQUEST	[GET] http://localhost:8984/traiteCorpuXml-article-140
15:43:39.799	0:0:0:0:0:0:0:1:56397	admin	200		30.71 ms
15:43:39.901	0:0:0:0:0:0:0:1:56397	admin	REQUEST	[GET] http://localhost:8984/traiteCorpuXml-article-150
15:43:39.929	0:0:0:0:0:0:0:1:56397	admin	200		28.68 ms
15:43:40.035	0:0:0:0:0:0:0:1:56397	admin	REQUEST	[GET] http://localhost:8984/traiteCorpuXml-article-160
15:43:40.064	0:0:0:0:0:0:0:1:56397	admin	200		28.95 ms
15:43:40.189	0:0:0:0:0:0:0:1:56397	admin	REQUEST	[GET] http://localhost:8984/traiteCorpuXml-article-170
15:43:40.217	0:0:0:0:0:0:0:1:56397	admin	200		28.11 ms
15:43:41.329	0:0:0:0:0:0:0:1:56397	admin	REQUEST	[GET] http://localhost:8984/traiteCorpuXml-article-160
15:43:41.358	0:0:0:0:0:0:0:1:56397	admin	200		29.19 ms
15:43:41.610	0:0:0:0:0:0:0:1:56397	admin	REQUEST	[GET] http://localhost:8984/traiteCorpuXml-article-150
15:43:41.638	0:0:0:0:0:0:0:1:56397	admin	200		28.59 ms
15:43:41.711	0:0:0:0:0:0:0:1:56397	admin	REQUEST	[GET] http://localhost:8984/traiteCorpuXml-article-140
15:43:41.744	0:0:0:0:0:0:0:1:56397	admin	200		32.99 ms
15:43:41.849	0:0:0:0:0:0:0:1:56397	admin	REQUEST	[GET] http://localhost:8984/traiteCorpuXml-article-130
15:43:41.880	0:0:0:0:0:0:0:1:56397	admin	200		31.06 ms
15:43:41.972	0:0:0:0:0:0:0:1:56397	admin	REQUEST	[GET] http://localhost:8984/traiteCorpuXml-article-120
15:43:42.008	0:0:0:0:0:0:0:1:56397	admin	200		35.62 ms
15:43:42.209	0:0:0:0:0:0:0:1:56397	admin	REQUEST	[GET] http://localhost:8984/traiteCorpuXml-article-110
15:43:42.244	0:0:0:0:0:0:0:1:56397	admin	200		35.05 ms
15:53:14.536	0:0:0:0:0:0:0:1:56714	admin	REQUEST	[GET] http://localhost:8984/page/IsiCorpus
15:53:15.054	0:0:0:0:0:0:0:1:56714	admin	200		517.87 ms
15:53:16.219	0:0:0:0:0:0:0:1:56714	admin	REQUEST	[GET] http://localhost:8984/listeCorpus
15:53:16.298	0:0:0:0:0:0:0:1:56714	admin	200		79.42 ms
15:53:17.265	0:0:0:0:0:0:0:1:56714	admin	REQUEST	[GET] http://localhost:8984/displayC[article][10]
15:53:17.342	0:0:0:0:0:0:0:1:56714	admin	200		76.88 ms
15:53:19.054	0:0:0:0:0:0:0:1:56714	admin	REQUEST	[GET] http://localhost:8984/displayC[article][20]
15:53:19.082	0:0:0:0:0:0:0:1:56714	admin	200		28.48 ms
15:53:19.628	0:0:0:0:0:0:0:1:56714	admin	REQUEST	[GET] http://localhost:8984/displayC[article][30]
15:53:19.656	0:0:0:0:0:0:0:1:56714	admin	200		28.58 ms
15:53:20.078	0:0:0:0:0:0:0:1:56714	admin	REQUEST	[GET] http://localhost:8984/displayC[article][40]
15:53:20.105	0:0:0:0:0:0:0:1:56714	admin	200		27.94 ms
15:53:20.584	0:0:0:0:0:0:0:1:56714	admin	REQUEST	[GET] http://localhost:8984/displayC[article][50]
15:53:20.611	0:0:0:0:0:0:0:1:56714	admin	200		27.7 ms
15:53:21.056	0:0:0:0:0:0:0:1:56714	admin	REQUEST	[GET] http://localhost:8984/displayC[article][60]
15:53:21.084	0:0:0:0:0:0:0:1:56714	admin	200		28.02 ms
15:53:21.495	0:0:0:0:0:0:0:1:56714	admin	REQUEST	[GET] http://localhost:8984/displayC[article][70]
15:53:21.522	0:0:0:0:0:0:0:1:56714	admin	200		27.38 ms
15:53:21.968	0:0:0:0:0:0:0:1:56714	admin	REQUEST	[GET] http://localhost:8984/displayC[article][80]
15:53:21.996	0:0:0:0:0:0:0:1:56714	admin	200		28.29 ms
15:53:22.350	0:0:0:0:0:0:0:1:56714	admin	REQUEST	[GET] http://localhost:8984/displayC[article][90]
15:53:22.376	0:0:0:0:0:0:0:1:56714	admin	200		26.3 ms
15:53:22.733	0:0:0:0:0:0:0:1:56714	admin	REQUEST	[GET] http://localhost:8984/displayC[article][100]
15:53:22.760	0:0:0:0:0:0:0:1:56714	admin	200		27.51 ms
15:53:23.025	0:0:0:0:0:0:0:1:56714	admin	REQUEST	[GET] http://localhost:8984/displayC[article][110]
15:53:23.054	0:0:0:0:0:0:0:1:56714	admin	200		29.41 ms
15:53:23.183	0:0:0:0:0:0:0:1:56714	admin	REQUEST	[GET] http://localhost:8984/displayC[article][120]
15:53:23.210	0:0:0:0:0:0:0:1:56714	admin	200		27.74 ms
15:53:23.329	0:0:0:0:0:0:0:1:56714	admin	REQUEST	[GET] http://localhost:8984/displayC[article][130]
15:53:23.357	0:0:0:0:0:0:0:1:56714	admin	200		28.44 ms
15:53:23.475	0:0:0:0:0:0:0:1:56714	admin	REQUEST	[GET] http://localhost:8984/displayC[article][140]
15:53:23.502	0:0:0:0:0:0:0:1:56714	admin	200		26.95 ms
15:53:23.621	0:0:0:0:0:0:0:1:56714	admin	REQUEST	[GET] http://localhost:8984/displayC[article][150]
15:53:23.649	0:0:0:0:0:0:0:1:56714	admin	200		28.03 ms
15:53:23.757	0:0:0:0:0:0:0:1:56714	admin	REQUEST	[GET] http://localhost:8984/displayC[article][160]
15:53:23.783	0:0:0:0:0:0:0:1:56714	admin	200		26.25 ms
15:53:23.891	0:0:0:0:0:0:0:1:56714	admin	REQUEST	[GET] http://localhost:8984/displayC[article][170]
15:53:23.918	0:0:0:0:0:0:0:1:56714	admin	200		27.36 ms
15:53:24.815	0:0:0:0:0:0:0:1:56714	admin	REQUEST	[GET] http://localhost:8984/accueil
15:53:24.849	0:0:0:0:0:0:0:1:56714	admin	200		34.29 ms
15:53:24.851	0:0:0:0:0:0:0:1:56714	admin	REQUEST	[GET] http://localhost:8984/accueil/1
15:53:24.909	0:0:0:0:0:0:0:1:56714	admin	200		57.93 ms
16:30:36.905	46.174.191.28:32744	admin	401	Basic authentication expected.	107.46 ms
16:46:00.067	0:0:0:0:0:0:0:1:58528	admin	REQUEST	[POST] http://localhost:8984/change-lang
16:46:00.564	0:0:0:0:0:0:0:1:58528	admin	200		497.21 ms
16:46:00.566	0:0:0:0:0:0:0:1:58528	admin	REQUEST	[GET] http://localhost:8984/accueil/1
16:46:00.839	0:0:0:0:0:0:0:1:58528	admin	200		272.47 ms
16:46:14.744	0:0:0:0:0:0:0:1:58528	admin	REQUEST	[GET] http://localhost:8984/accueil
16:46:14.759	0:0:0:0:0:0:0:1:58528	admin	200		15.67 ms
16:46:14.762	0:0:0:0:0:0:0:1:58528	admin	REQUEST	[GET] http://localhost:8984/accueil/1
16:46:14.788	0:0:0:0:0:0:0:1:58528	admin	200		26.41 ms
16:46:16.321	0:0:0:0:0:0:0:1:58528	admin	REQUEST	[GET] http://localhost:8984/
16:46:16.338	0:0:0:0:0:0:0:1:58528	admin	200		16.84 ms
16:46:16.340	0:0:0:0:0:0:0:1:58528	admin	REQUEST	[GET] http://localhost:8984/accueil
16:46:16.356	0:0:0:0:0:0:0:1:58528	admin	200		15.55 ms
16:46:16.359	0:0:0:0:0:0:0:1:58528	admin	REQUEST	[GET] http://localhost:8984/accueil/1
16:46:16.384	0:0:0:0:0:0:0:1:58528	admin	200		25.94 ms
16:57:09.512	0:0:0:0:0:0:0:1:59245	admin	REQUEST	[GET] http://localhost:8984/page/IsiCorpus
16:57:10.072	0:0:0:0:0:0:0:1:59245	admin	200		560.62 ms
16:57:11.199	0:0:0:0:0:0:0:1:59245	admin	REQUEST	[GET] http://localhost:8984/listeCorpus
16:57:11.279	0:0:0:0:0:0:0:1:59245	admin	200		80.79 ms
16:57:12.212	0:0:0:0:0:0:0:1:59245	admin	REQUEST	[GET] http://localhost:8984/displayC[article][10]
16:57:12.262	0:0:0:0:0:0:0:1:59245	admin	200		49.9 ms
16:57:14.068	0:0:0:0:0:0:0:1:59245	admin	REQUEST	[GET] http://localhost:8984/displayC[article][20]
16:57:14.094	0:0:0:0:0:0:0:1:59245	admin	200		25.83 ms
16:57:15.036	0:0:0:0:0:0:0:1:59245	admin	REQUEST	[GET] http://localhost:8984/displayC[article][30]
16:57:15.062	0:0:0:0:0:0:0:1:59245	admin	200		26.6 ms
16:57:15.801	0:0:0:0:0:0:0:1:59245	admin	REQUEST	[GET] http://localhost:8984/displayC[article][40]
16:57:15.827	0:0:0:0:0:0:0:1:59245	admin	200		26.42 ms
16:57:16.555	0:0:0:0:0:0:0:1:59245	admin	REQUEST	[GET] http://localhost:8984/displayC[article][50]
16:57:16.581	0:0:0:0:0:0:0:1:59245	admin	200		26.7 ms
16:57:17.017	0:0:0:0:0:0:0:1:59245	admin	REQUEST	[GET] http://localhost:8984/displayC[article][60]
16:57:17.043	0:0:0:0:0:0:0:1:59245	admin	200		26.25 ms
16:57:17.455	0:0:0:0:0:0:0:1:59245	admin	REQUEST	[GET] http://localhost:8984/displayC[article][70]
16:57:17.498	0:0:0:0:0:0:0:1:59245	admin	200		43.44 ms
16:57:18.274	0:0:0:0:0:0:0:1:59245	admin	REQUEST	[GET] http://localhost:8984/displayC[article][80]
16:57:18.316	0:0:0:0:0:0:0:1:59245	admin	200		41.92 ms
16:57:19.514	0:0:0:0:0:0:0:1:59245	admin	REQUEST	[GET] http://localhost:8984/displayC[article][90]
16:57:19.554	0:0:0:0:0:0:0:1:59245	admin	200		40.75 ms
17:00:32.244	0:0:0:0:0:0:0:1:59365	admin	REQUEST	[POST] http://localhost:8984/idefx[article]
17:00:32.737	0:0:0:0:0:0:0:1:59365	admin	200		493.84 ms
17:00:39.201	0:0:0:0:0:0:0:1:59365	admin	REQUEST	[POST] http://localhost:8984/idefx[article]
17:00:39.201	31.210.102.114:60000	admin	401	Basic authentication expected.	100.41 ms
17:00:39.296	0:0:0:0:0:0:0:1:59365	admin	200		113.36 ms
17:00:45.855	0:0:0:0:0:0:0:1:59365	admin	REQUEST	[POST] http://localhost:8984/idefx[article]
17:00:45.981	0:0:0:0:0:0:0:1:59365	admin	200		126.63 ms
17:00:56.318	0:0:0:0:0:0:0:1:59365	admin	REQUEST	[POST] http://localhost:8984/idefx[article]
17:00:56.713	0:0:0:0:0:0:0:1:59365	admin	200		395.03 ms
17:01:02.346	0:0:0:0:0:0:0:1:59365	admin	REQUEST	[POST] http://localhost:8984/idefx[article]
17:01:02.381	0:0:0:0:0:0:0:1:59365	admin	200		34.91 ms
17:01:07.238	0:0:0:0:0:0:0:1:59365	admin	REQUEST	[POST] http://localhost:8984/idefx[article]
17:01:07.304	0:0:0:0:0:0:0:1:59365	admin	200		65.87 ms
17:01:27.138	0:0:0:0:0:0:0:1:59365	admin	REQUEST	[POST] http://localhost:8984/idefx[article]
17:01:27.568	0:0:0:0:0:0:0:1:59365	admin	200		430.72 ms
17:07:20.371	0:0:0:0:0:0:0:1:59607	admin	REQUEST	[POST] http://localhost:8984/idefx
17:07:20.799	0:0:0:0:0:0:0:1:59607	admin	200		428.26 ms
17:07:25.864	0:0:0:0:0:0:0:1:59607	admin	REQUEST	[POST] http://localhost:8984/idefx[article]
17:07:25.960	0:0:0:0:0:0:0:1:59607	admin	200		96.37 ms
17:07:32.279	0:0:0:0:0:0:0:1:59607	admin	REQUEST	[POST] http://localhost:8984/idefx[article]
17:07:32.346	0:0:0:0:0:0:0:1:59607	admin	200		66.72 ms
17:07:40.014	0:0:0:0:0:0:0:1:59607	admin	REQUEST	[POST] http://localhost:8984/idefx[article]
17:07:40.047	0:0:0:0:0:0:0:1:59607	admin	200		33.28 ms
17:07:44.921	0:0:0:0:0:0:0:1:59607	admin	REQUEST	[POST] http://localhost:8984/idefx[article]
17:07:44.956	0:0:0:0:0:0:0:1:59607	admin	200		35.22 ms
17:07:51.587	0:0:0:0:0:0:0:1:59607	admin	REQUEST	[POST] http://localhost:8984/idefx[article]
17:07:51.662	0:0:0:0:0:0:0:1:59607	admin	200		76.17 ms
17:08:07.626	0:0:0:0:0:0:0:1:59607	admin	REQUEST	[POST] http://localhost:8984/idefx[article]
17:08:07.660	0:0:0:0:0:0:0:1:59607	admin	200		33.86 ms
17:08:18.319	0:0:0:0:0:0:0:1:59607	admin	REQUEST	[POST] http://localhost:8984/idefx[article]
17:08:18.360	0:0:0:0:0:0:0:1:59607	admin	200		40.92 ms
17:08:27.008	0:0:0:0:0:0:0:1:59607	admin	REQUEST	[POST] http://localhost:8984/idefx[article]
17:08:27.236	0:0:0:0:0:0:0:1:59607	admin	200		228.33 ms
17:08:36.807	0:0:0:0:0:0:0:1:59607	admin	REQUEST	[POST] http://localhost:8984/idefx
17:08:36.821	0:0:0:0:0:0:0:1:59607	admin	200		14.05 ms
17:08:42.967	0:0:0:0:0:0:0:1:59607	admin	REQUEST	[POST] http://localhost:8984/idefx[article]
17:08:43.019	0:0:0:0:0:0:0:1:59607	admin	200		53.01 ms
17:08:49.366	0:0:0:0:0:0:0:1:59607	admin	REQUEST	[POST] http://localhost:8984/idefx[article]
17:08:49.404	0:0:0:0:0:0:0:1:59607	admin	200		37.59 ms
17:08:57.791	0:0:0:0:0:0:0:1:59607	admin	REQUEST	[POST] http://localhost:8984/idefx[article]
17:08:57.830	0:0:0:0:0:0:0:1:59607	admin	200		39.68 ms
17:09:03.575	0:0:0:0:0:0:0:1:59607	admin	REQUEST	[POST] http://localhost:8984/idefx[article]
17:09:03.625	0:0:0:0:0:0:0:1:59607	admin	200		50.03 ms
17:09:12.791	0:0:0:0:0:0:0:1:59607	admin	REQUEST	[POST] http://localhost:8984/idefx[article]
17:09:12.869	0:0:0:0:0:0:0:1:59607	admin	200		78.63 ms
17:09:28.188	0:0:0:0:0:0:0:1:59607	admin	REQUEST	[POST] http://localhost:8984/idefx[article]
17:09:28.296	0:0:0:0:0:0:0:1:59607	admin	200		108.37 ms
17:12:51.692	0:0:0:0:0:0:0:1:59874	admin	REQUEST	[POST] http://localhost:8984/idefx[article]
17:12:51.898	0:0:0:0:0:0:0:1:59874	admin	200		206.64 ms
17:12:56.600	0:0:0:0:0:0:0:1:59874	admin	REQUEST	[GET] http://localhost:8984/page/IsiCorpus
17:12:56.624	0:0:0:0:0:0:0:1:59874	admin	200		24.51 ms
17:12:57.793	0:0:0:0:0:0:0:1:59874	admin	REQUEST	[GET] http://localhost:8984/uploadTextes
17:12:57.830	0:0:0:0:0:0:0:1:59874	admin	200		36.89 ms
17:13:12.251	0:0:0:0:0:0:0:1:59874	admin	REQUEST	[POST] http://localhost:8984/uploadTextesSave
17:13:12.647	0:0:0:0:0:0:0:1:59874	admin	200		396.58 ms
17:13:12.650	0:0:0:0:0:0:0:1:59874	admin	REQUEST	[GET] http://localhost:8984/createDbCorp-article2-0
17:13:12.738	0:0:0:0:0:0:0:1:59874	admin	200		88.0 ms
17:13:12.741	0:0:0:0:0:0:0:1:59874	admin	REQUEST	[GET] http://localhost:8984/insertDbCorp-article2-0
17:13:12.984	0:0:0:0:0:0:0:1:59874	admin	200		243.29 ms
17:13:12.987	0:0:0:0:0:0:0:1:59874	admin	REQUEST	[GET] http://localhost:8984/traiteCorpuXml-article2-10
17:13:13.117	0:0:0:0:0:0:0:1:59874	admin	200		130.09 ms
17:13:14.827	0:0:0:0:0:0:0:1:59874	admin	REQUEST	[POST] http://localhost:8984/saveCorpusQuit-article2
17:13:14.850	0:0:0:0:0:0:0:1:59874	admin	200		23.71 ms
17:13:14.856	0:0:0:0:0:0:0:1:59874	admin	REQUEST	[GET] http://localhost:8984/traiteCorpuXml-article2-10
17:13:14.883	0:0:0:0:0:0:0:1:59874	admin	200		27.56 ms
17:13:16.737	0:0:0:0:0:0:0:1:59874	admin	REQUEST	[GET] http://localhost:8984/page/IsiCorpus
17:13:16.789	0:0:0:0:0:0:0:1:59874	admin	200		53.01 ms
17:13:17.784	0:0:0:0:0:0:0:1:59874	admin	REQUEST	[GET] http://localhost:8984/listeCorpus
17:13:17.855	0:0:0:0:0:0:0:1:59874	admin	200		71.15 ms
17:13:19.031	0:0:0:0:0:0:0:1:59874	admin	REQUEST	[GET] http://localhost:8984/displayC[article2][10]
17:13:19.055	0:0:0:0:0:0:0:1:59874	admin	200		24.35 ms
17:13:23.951	0:0:0:0:0:0:0:1:59874	admin	REQUEST	[POST] http://localhost:8984/idefx[article2]
17:13:23.987	0:0:0:0:0:0:0:1:59874	admin	200		36.18 ms
17:13:27.688	0:0:0:0:0:0:0:1:59874	admin	REQUEST	[POST] http://localhost:8984/idefx
17:13:27.703	0:0:0:0:0:0:0:1:59874	admin	200		15.16 ms
17:13:34.327	0:0:0:0:0:0:0:1:59874	admin	REQUEST	[POST] http://localhost:8984/idefx[article2]
17:13:34.360	0:0:0:0:0:0:0:1:59874	admin	200		33.42 ms
17:13:39.943	0:0:0:0:0:0:0:1:59874	admin	REQUEST	[POST] http://localhost:8984/idefx[article2]
17:13:40.009	0:0:0:0:0:0:0:1:59874	admin	200		66.46 ms
17:13:51.129	0:0:0:0:0:0:0:1:59874	admin	REQUEST	[GET] http://localhost:8984/displayC[article2][20]
17:13:51.155	0:0:0:0:0:0:0:1:59874	admin	200		26.68 ms
17:13:52.804	0:0:0:0:0:0:0:1:59874	admin	REQUEST	[GET] http://localhost:8984/displayC[article2][30]
17:13:52.829	0:0:0:0:0:0:0:1:59874	admin	200		24.51 ms
17:13:54.247	0:0:0:0:0:0:0:1:59874	admin	REQUEST	[GET] http://localhost:8984/displayC[article2][40]
17:13:54.287	0:0:0:0:0:0:0:1:59874	admin	200		40.15 ms
17:14:00.827	0:0:0:0:0:0:0:1:59874	admin	REQUEST	[POST] http://localhost:8984/idefx[article2]
17:14:00.864	0:0:0:0:0:0:0:1:59874	admin	200		37.24 ms
17:14:05.222	0:0:0:0:0:0:0:1:59874	admin	REQUEST	[POST] http://localhost:8984/idefx
17:14:05.236	0:0:0:0:0:0:0:1:59874	admin	200		14.42 ms
17:14:12.414	0:0:0:0:0:0:0:1:59874	admin	REQUEST	[POST] http://localhost:8984/idefx[article2]
17:14:12.446	0:0:0:0:0:0:0:1:59874	admin	200		32.23 ms
17:15:35.606	0:0:0:0:0:0:0:1:59990	admin	REQUEST	[GET] http://localhost:8984/displayC[article2][40]
17:15:35.646	0:0:0:0:0:0:0:1:59990	admin	200		39.31 ms
17:15:38.204	0:0:0:0:0:0:0:1:59990	admin	REQUEST	[GET] http://localhost:8984/page/IsiCorpus
17:15:38.226	0:0:0:0:0:0:0:1:59990	admin	200		22.48 ms
17:15:39.929	0:0:0:0:0:0:0:1:59990	admin	REQUEST	[GET] http://localhost:8984/uploadTextes
17:15:39.951	0:0:0:0:0:0:0:1:59990	admin	200		22.17 ms
17:15:48.213	0:0:0:0:0:0:0:1:59990	admin	REQUEST	[POST] http://localhost:8984/uploadTextesSave
17:15:48.284	0:0:0:0:0:0:0:1:59990	admin	200		71.12 ms
17:15:48.286	0:0:0:0:0:0:0:1:59990	admin	REQUEST	[GET] http://localhost:8984/createDbCorp-article3-0
17:15:48.332	0:0:0:0:0:0:0:1:59990	admin	200		45.9 ms
17:15:48.335	0:0:0:0:0:0:0:1:59990	admin	REQUEST	[GET] http://localhost:8984/insertDbCorp-article3-0
17:15:48.551	0:0:0:0:0:0:0:1:59990	admin	200		215.92 ms
17:15:48.553	0:0:0:0:0:0:0:1:59990	admin	REQUEST	[GET] http://localhost:8984/traiteCorpuXml-article3-10
17:15:48.580	0:0:0:0:0:0:0:1:59990	admin	200		26.51 ms
17:15:50.141	0:0:0:0:0:0:0:1:59990	admin	REQUEST	[POST] http://localhost:8984/saveCorpusQuit-article3
17:15:50.163	0:0:0:0:0:0:0:1:59990	admin	200		22.19 ms
17:15:50.166	0:0:0:0:0:0:0:1:59990	admin	REQUEST	[GET] http://localhost:8984/traiteCorpuXml-article3-10
17:15:50.192	0:0:0:0:0:0:0:1:59990	admin	200		26.15 ms
17:15:51.315	0:0:0:0:0:0:0:1:59990	admin	REQUEST	[GET] http://localhost:8984/page/IsiCorpus
17:15:51.337	0:0:0:0:0:0:0:1:59990	admin	200		22.51 ms
17:15:52.238	0:0:0:0:0:0:0:1:59990	admin	REQUEST	[GET] http://localhost:8984/listeCorpus
17:15:52.318	0:0:0:0:0:0:0:1:59990	admin	200		80.39 ms
17:15:53.631	0:0:0:0:0:0:0:1:59990	admin	REQUEST	[GET] http://localhost:8984/displayC[article3][10]
17:15:53.655	0:0:0:0:0:0:0:1:59990	admin	200		24.04 ms
17:15:57.351	0:0:0:0:0:0:0:1:59990	admin	REQUEST	[POST] http://localhost:8984/idefx[article3]
17:15:57.384	0:0:0:0:0:0:0:1:59990	admin	200		33.5 ms
17:16:02.263	0:0:0:0:0:0:0:1:59990	admin	REQUEST	[POST] http://localhost:8984/idefx[article3]
17:16:02.332	0:0:0:0:0:0:0:1:59990	admin	200		69.17 ms
17:19:00.372	0:0:0:0:0:0:0:1:60092	admin	REQUEST	[POST] http://localhost:8984/idefx
17:19:00.386	0:0:0:0:0:0:0:1:60092	admin	200		14.58 ms
17:19:07.999	0:0:0:0:0:0:0:1:60092	admin	REQUEST	[POST] http://localhost:8984/idefx[article3]
17:19:08.050	0:0:0:0:0:0:0:1:60092	admin	200		50.78 ms
17:19:14.905	0:0:0:0:0:0:0:1:60092	admin	REQUEST	[GET] http://localhost:8984/displayC[article3][20]
17:19:14.929	0:0:0:0:0:0:0:1:60092	admin	200		24.37 ms
17:19:16.626	0:0:0:0:0:0:0:1:60092	admin	REQUEST	[GET] http://localhost:8984/displayC[article3][30]
17:19:16.650	0:0:0:0:0:0:0:1:60092	admin	200		23.65 ms
17:19:22.366	0:0:0:0:0:0:0:1:60092	admin	REQUEST	[GET] http://localhost:8984/displayC[article3][40]
17:19:22.390	0:0:0:0:0:0:0:1:60092	admin	200		24.09 ms
17:19:29.327	0:0:0:0:0:0:0:1:60092	admin	REQUEST	[POST] http://localhost:8984/idefx[article3]
17:19:29.374	0:0:0:0:0:0:0:1:60092	admin	200		46.9 ms
17:19:47.783	0:0:0:0:0:0:0:1:60092	admin	REQUEST	[POST] http://localhost:8984/idefx[article3]
17:19:47.815	0:0:0:0:0:0:0:1:60092	admin	200		32.3 ms
17:19:55.543	0:0:0:0:0:0:0:1:60092	admin	REQUEST	[POST] http://localhost:8984/idefx[article3]
17:19:55.579	0:0:0:0:0:0:0:1:60092	admin	200		36.59 ms
17:24:13.656	0:0:0:0:0:0:0:1:60231	admin	REQUEST	[GET] http://localhost:8984/displayC[article3][40]
17:24:13.698	0:0:0:0:0:0:0:1:60231	admin	200		42.42 ms
17:24:16.863	0:0:0:0:0:0:0:1:60231	admin	REQUEST	[POST] http://localhost:8984/idefx[article3]
17:24:16.924	0:0:0:0:0:0:0:1:60231	admin	200		60.91 ms
17:24:52.801	0:0:0:0:0:0:0:1:60231	admin	REQUEST	[POST] http://localhost:8984/idefx[article3]
17:24:52.856	0:0:0:0:0:0:0:1:60231	admin	200		55.11 ms
17:25:04.163	0:0:0:0:0:0:0:1:60231	admin	REQUEST	[POST] http://localhost:8984/idefx[article3]
17:25:04.213	0:0:0:0:0:0:0:1:60231	admin	200		49.54 ms
17:25:50.559	0:0:0:0:0:0:0:1:60231	admin	REQUEST	[POST] http://localhost:8984/idefx[article3]
17:25:50.607	0:0:0:0:0:0:0:1:60231	admin	200		48.07 ms
17:26:32.141	0:0:0:0:0:0:0:1:60301	admin	REQUEST	[POST] http://localhost:8984/idefx[article3]
17:26:32.194	0:0:0:0:0:0:0:1:60301	admin	200		52.56 ms
17:27:33.764	SERVER	admin	OK	HTTP Server was stopped (port: 8984).
17:27:33.764	SERVER	admin	OK	Server was stopped (port: 1984).
17:27:41.746	SERVER	admin	OK	Server was started (port: 1984).
17:27:41.788	SERVER	admin	OK	HTTP Server was started (port: 8984).
17:27:44.594	0:0:0:0:0:0:0:1:60324	admin	REQUEST	[GET] http://localhost:8984/
17:27:45.261	0:0:0:0:0:0:0:1:60324	admin	200		669.74 ms
17:27:45.266	0:0:0:0:0:0:0:1:60324	admin	REQUEST	[GET] http://localhost:8984/accueil
17:27:45.319	0:0:0:0:0:0:0:1:60324	admin	200		53.58 ms
17:27:45.359	0:0:0:0:0:0:0:1:60324	admin	REQUEST	[GET] http://localhost:8984/accueil/1
17:27:45.531	0:0:0:0:0:0:0:1:60324	admin	200		208.9 ms
17:27:48.285	0:0:0:0:0:0:0:1:60324	admin	REQUEST	[GET] http://localhost:8984/page/IsiCorpus
17:27:48.353	0:0:0:0:0:0:0:1:60324	admin	200		67.97 ms
17:27:49.417	0:0:0:0:0:0:0:1:60324	admin	REQUEST	[GET] http://localhost:8984/listeCorpus
17:27:49.489	0:0:0:0:0:0:0:1:60324	admin	200		72.25 ms
17:27:51.130	0:0:0:0:0:0:0:1:60324	admin	REQUEST	[GET] http://localhost:8984/displayC[article2][10]
17:27:51.240	0:0:0:0:0:0:0:1:60324	admin	200		110.71 ms
17:27:55.432	0:0:0:0:0:0:0:1:60324	admin	REQUEST	[POST] http://localhost:8984/idefx[article2]
17:27:55.587	0:0:0:0:0:0:0:1:60324	admin	200		155.34 ms
17:37:18.543	209.126.136.4:49366	admin	401	Basic authentication expected.	100.85 ms
17:40:39.948	0:0:0:0:0:0:0:1:60939	admin	REQUEST	[POST] http://localhost:8984/idefx[article2]
17:40:40.160	0:0:0:0:0:0:0:1:60939	admin	200		212.46 ms
17:40:47.592	0:0:0:0:0:0:0:1:60939	admin	REQUEST	[POST] http://localhost:8984/idefx[article2]
17:40:47.779	0:0:0:0:0:0:0:1:60939	admin	200		187.35 ms
21:22:46.440	46.174.191.28:32744	admin	401	Basic authentication expected.	100.44 ms
21:45:54.160	0:0:0:0:0:0:0:1:51659	admin	REQUEST	[GET] http://localhost:8984/accueil/1
21:45:54.702	0:0:0:0:0:0:0:1:51659	admin	200		542.31 ms
22:06:01.025	91.236.75.4:45628	admin	401	Basic authentication expected.	104.22 ms
